        -:    0:Source:/Applications/Xcode.app/Contents/Developer/Toolchains/XcodeDefault.xctoolchain/usr/bin/../include/c++/v1/memory
        -:    0:Graph:./CMakeFiles/Multimap.dir/main.gcno
        -:    0:Data:./CMakeFiles/Multimap.dir/main.gcda
        -:    0:Runs:4
        -:    0:Programs:1
        -:    1:// -*- C++ -*-
        -:    2://===-------------------------- memory ------------------------------------===//
        -:    3://
        -:    4://                     The LLVM Compiler Infrastructure
        -:    5://
        -:    6:// This file is dual licensed under the MIT and the University of Illinois Open
        -:    7:// Source Licenses. See LICENSE.TXT for details.
        -:    8://
        -:    9://===----------------------------------------------------------------------===//
        -:   10:
        -:   11:#ifndef _LIBCPP_MEMORY
        -:   12:#define _LIBCPP_MEMORY
        -:   13:
        -:   14:/*
        -:   15:    memory synopsis
        -:   16:
        -:   17:namespace std
        -:   18:{
        -:   19:
        -:   20:struct allocator_arg_t { };
        -:   21:constexpr allocator_arg_t allocator_arg = allocator_arg_t();
        -:   22:
        -:   23:template <class T, class Alloc> struct uses_allocator;
        -:   24:
        -:   25:template <class Ptr>
        -:   26:struct pointer_traits
        -:   27:{
        -:   28:    typedef Ptr pointer;
        -:   29:    typedef <details> element_type;
        -:   30:    typedef <details> difference_type;
        -:   31:
        -:   32:    template <class U> using rebind = <details>;
        -:   33:
        -:   34:    static pointer pointer_to(<details>);
        -:   35:};
        -:   36:
        -:   37:template <class T>
        -:   38:struct pointer_traits<T*>
        -:   39:{
        -:   40:    typedef T* pointer;
        -:   41:    typedef T element_type;
        -:   42:    typedef ptrdiff_t difference_type;
        -:   43:
        -:   44:    template <class U> using rebind = U*;
        -:   45:
        -:   46:    static pointer pointer_to(<details>) noexcept;
        -:   47:};
        -:   48:
        -:   49:template <class Alloc>
        -:   50:struct allocator_traits
        -:   51:{
        -:   52:    typedef Alloc                        allocator_type;
        -:   53:    typedef typename allocator_type::value_type
        -:   54:                                         value_type;
        -:   55:
        -:   56:    typedef Alloc::pointer | value_type* pointer;
        -:   57:    typedef Alloc::const_pointer
        -:   58:          | pointer_traits<pointer>::rebind<const value_type>
        -:   59:                                         const_pointer;
        -:   60:    typedef Alloc::void_pointer
        -:   61:          | pointer_traits<pointer>::rebind<void>
        -:   62:                                         void_pointer;
        -:   63:    typedef Alloc::const_void_pointer
        -:   64:          | pointer_traits<pointer>::rebind<const void>
        -:   65:                                         const_void_pointer;
        -:   66:    typedef Alloc::difference_type
        -:   67:          | pointer_traits<pointer>::difference_type
        -:   68:                                         difference_type;
        -:   69:    typedef Alloc::size_type
        -:   70:          | make_unsigned<difference_type>::type
        -:   71:                                         size_type;
        -:   72:    typedef Alloc::propagate_on_container_copy_assignment
        -:   73:          | false_type                   propagate_on_container_copy_assignment;
        -:   74:    typedef Alloc::propagate_on_container_move_assignment
        -:   75:          | false_type                   propagate_on_container_move_assignment;
        -:   76:    typedef Alloc::propagate_on_container_swap
        -:   77:          | false_type                   propagate_on_container_swap;
        -:   78:    typedef Alloc::is_always_equal
        -:   79:          | is_empty                     is_always_equal;
        -:   80:
        -:   81:    template <class T> using rebind_alloc  = Alloc::rebind<U>::other | Alloc<T, Args...>;
        -:   82:    template <class T> using rebind_traits = allocator_traits<rebind_alloc<T>>;
        -:   83:
        -:   84:    static pointer allocate(allocator_type& a, size_type n);
        -:   85:    static pointer allocate(allocator_type& a, size_type n, const_void_pointer hint);
        -:   86:
        -:   87:    static void deallocate(allocator_type& a, pointer p, size_type n) noexcept;
        -:   88:
        -:   89:    template <class T, class... Args>
        -:   90:        static void construct(allocator_type& a, T* p, Args&&... args);
        -:   91:
        -:   92:    template <class T>
        -:   93:        static void destroy(allocator_type& a, T* p);
        -:   94:
        -:   95:    static size_type max_size(const allocator_type& a); // noexcept in C++14
        -:   96:
        -:   97:    static allocator_type
        -:   98:        select_on_container_copy_construction(const allocator_type& a);
        -:   99:};
        -:  100:
        -:  101:template <>
        -:  102:class allocator<void>
        -:  103:{
        -:  104:public:
        -:  105:    typedef void*                                 pointer;
        -:  106:    typedef const void*                           const_pointer;
        -:  107:    typedef void                                  value_type;
        -:  108:
        -:  109:    template <class _Up> struct rebind {typedef allocator<_Up> other;};
        -:  110:};
        -:  111:
        -:  112:template <class T>
        -:  113:class allocator
        -:  114:{
        -:  115:public:
        -:  116:    typedef size_t                                size_type;
        -:  117:    typedef ptrdiff_t                             difference_type;
        -:  118:    typedef T*                                    pointer;
        -:  119:    typedef const T*                              const_pointer;
        -:  120:    typedef typename add_lvalue_reference<T>::type       reference;
        -:  121:    typedef typename add_lvalue_reference<const T>::type const_reference;
        -:  122:    typedef T                                     value_type;
        -:  123:
        -:  124:    template <class U> struct rebind {typedef allocator<U> other;};
        -:  125:
        -:  126:    allocator() noexcept;
        -:  127:    allocator(const allocator&) noexcept;
        -:  128:    template <class U> allocator(const allocator<U>&) noexcept;
        -:  129:    ~allocator();
        -:  130:    pointer address(reference x) const noexcept;
        -:  131:    const_pointer address(const_reference x) const noexcept;
        -:  132:    pointer allocate(size_type, allocator<void>::const_pointer hint = 0);
        -:  133:    void deallocate(pointer p, size_type n) noexcept;
        -:  134:    size_type max_size() const noexcept;
        -:  135:    template<class U, class... Args>
        -:  136:        void construct(U* p, Args&&... args);
        -:  137:    template <class U>
        -:  138:        void destroy(U* p);
        -:  139:};
        -:  140:
        -:  141:template <class T, class U>
        -:  142:bool operator==(const allocator<T>&, const allocator<U>&) noexcept;
        -:  143:
        -:  144:template <class T, class U>
        -:  145:bool operator!=(const allocator<T>&, const allocator<U>&) noexcept;
        -:  146:
        -:  147:template <class OutputIterator, class T>
        -:  148:class raw_storage_iterator
        -:  149:    : public iterator<output_iterator_tag,
        -:  150:                      T,                               // purposefully not C++03
        -:  151:                      ptrdiff_t,                       // purposefully not C++03
        -:  152:                      T*,                              // purposefully not C++03
        -:  153:                      raw_storage_iterator&>           // purposefully not C++03
        -:  154:{
        -:  155:public:
        -:  156:    explicit raw_storage_iterator(OutputIterator x);
        -:  157:    raw_storage_iterator& operator*();
        -:  158:    raw_storage_iterator& operator=(const T& element);
        -:  159:    raw_storage_iterator& operator++();
        -:  160:    raw_storage_iterator  operator++(int);
        -:  161:};
        -:  162:
        -:  163:template <class T> pair<T*,ptrdiff_t> get_temporary_buffer(ptrdiff_t n) noexcept;
        -:  164:template <class T> void               return_temporary_buffer(T* p) noexcept;
        -:  165:
        -:  166:template <class T> T* addressof(T& r) noexcept;
        -:  167:
        -:  168:template <class InputIterator, class ForwardIterator>
        -:  169:ForwardIterator
        -:  170:uninitialized_copy(InputIterator first, InputIterator last, ForwardIterator result);
        -:  171:
        -:  172:template <class InputIterator, class Size, class ForwardIterator>
        -:  173:ForwardIterator
        -:  174:uninitialized_copy_n(InputIterator first, Size n, ForwardIterator result);
        -:  175:
        -:  176:template <class ForwardIterator, class T>
        -:  177:void uninitialized_fill(ForwardIterator first, ForwardIterator last, const T& x);
        -:  178:
        -:  179:template <class ForwardIterator, class Size, class T>
        -:  180:ForwardIterator
        -:  181:uninitialized_fill_n(ForwardIterator first, Size n, const T& x);
        -:  182:
        -:  183:template <class Y> struct auto_ptr_ref {};
        -:  184:
        -:  185:template<class X>
        -:  186:class auto_ptr
        -:  187:{
        -:  188:public:
        -:  189:    typedef X element_type;
        -:  190:
        -:  191:    explicit auto_ptr(X* p =0) throw();
        -:  192:    auto_ptr(auto_ptr&) throw();
        -:  193:    template<class Y> auto_ptr(auto_ptr<Y>&) throw();
        -:  194:    auto_ptr& operator=(auto_ptr&) throw();
        -:  195:    template<class Y> auto_ptr& operator=(auto_ptr<Y>&) throw();
        -:  196:    auto_ptr& operator=(auto_ptr_ref<X> r) throw();
        -:  197:    ~auto_ptr() throw();
        -:  198:
        -:  199:    typename add_lvalue_reference<X>::type operator*() const throw();
        -:  200:    X* operator->() const throw();
        -:  201:    X* get() const throw();
        -:  202:    X* release() throw();
        -:  203:    void reset(X* p =0) throw();
        -:  204:
        -:  205:    auto_ptr(auto_ptr_ref<X>) throw();
        -:  206:    template<class Y> operator auto_ptr_ref<Y>() throw();
        -:  207:    template<class Y> operator auto_ptr<Y>() throw();
        -:  208:};
        -:  209:
        -:  210:template <class T>
        -:  211:struct default_delete
        -:  212:{
        -:  213:    constexpr default_delete() noexcept = default;
        -:  214:    template <class U> default_delete(const default_delete<U>&) noexcept;
        -:  215:
        -:  216:    void operator()(T*) const noexcept;
        -:  217:};
        -:  218:
        -:  219:template <class T>
        -:  220:struct default_delete<T[]>
        -:  221:{
        -:  222:    constexpr default_delete() noexcept = default;
        -:  223:    void operator()(T*) const noexcept;
        -:  224:    template <class U> void operator()(U*) const = delete;
        -:  225:};
        -:  226:
        -:  227:template <class T, class D = default_delete<T>>
        -:  228:class unique_ptr
        -:  229:{
        -:  230:public:
        -:  231:    typedef see below pointer;
        -:  232:    typedef T element_type;
        -:  233:    typedef D deleter_type;
        -:  234:
        -:  235:    // constructors
        -:  236:    constexpr unique_ptr() noexcept;
        -:  237:    explicit unique_ptr(pointer p) noexcept;
        -:  238:    unique_ptr(pointer p, see below d1) noexcept;
        -:  239:    unique_ptr(pointer p, see below d2) noexcept;
        -:  240:    unique_ptr(unique_ptr&& u) noexcept;
        -:  241:    unique_ptr(nullptr_t) noexcept : unique_ptr() { }
        -:  242:    template <class U, class E>
        -:  243:        unique_ptr(unique_ptr<U, E>&& u) noexcept;
        -:  244:    template <class U>
        -:  245:        unique_ptr(auto_ptr<U>&& u) noexcept;
        -:  246:
        -:  247:    // destructor
        -:  248:    ~unique_ptr();
        -:  249:
        -:  250:    // assignment
        -:  251:    unique_ptr& operator=(unique_ptr&& u) noexcept;
        -:  252:    template <class U, class E> unique_ptr& operator=(unique_ptr<U, E>&& u) noexcept;
        -:  253:    unique_ptr& operator=(nullptr_t) noexcept;
        -:  254:
        -:  255:    // observers
        -:  256:    typename add_lvalue_reference<T>::type operator*() const;
        -:  257:    pointer operator->() const noexcept;
        -:  258:    pointer get() const noexcept;
        -:  259:    deleter_type& get_deleter() noexcept;
        -:  260:    const deleter_type& get_deleter() const noexcept;
        -:  261:    explicit operator bool() const noexcept;
        -:  262:
        -:  263:    // modifiers
        -:  264:    pointer release() noexcept;
        -:  265:    void reset(pointer p = pointer()) noexcept;
        -:  266:    void swap(unique_ptr& u) noexcept;
        -:  267:};
        -:  268:
        -:  269:template <class T, class D>
        -:  270:class unique_ptr<T[], D>
        -:  271:{
        -:  272:public:
        -:  273:    typedef implementation-defined pointer;
        -:  274:    typedef T element_type;
        -:  275:    typedef D deleter_type;
        -:  276:
        -:  277:    // constructors
        -:  278:    constexpr unique_ptr() noexcept;
        -:  279:    explicit unique_ptr(pointer p) noexcept;
        -:  280:    unique_ptr(pointer p, see below d) noexcept;
        -:  281:    unique_ptr(pointer p, see below d) noexcept;
        -:  282:    unique_ptr(unique_ptr&& u) noexcept;
        -:  283:    unique_ptr(nullptr_t) noexcept : unique_ptr() { }
        -:  284:
        -:  285:    // destructor
        -:  286:    ~unique_ptr();
        -:  287:
        -:  288:    // assignment
        -:  289:    unique_ptr& operator=(unique_ptr&& u) noexcept;
        -:  290:    unique_ptr& operator=(nullptr_t) noexcept;
        -:  291:
        -:  292:    // observers
        -:  293:    T& operator[](size_t i) const;
        -:  294:    pointer get() const noexcept;
        -:  295:    deleter_type& get_deleter() noexcept;
        -:  296:    const deleter_type& get_deleter() const noexcept;
        -:  297:    explicit operator bool() const noexcept;
        -:  298:
        -:  299:    // modifiers
        -:  300:    pointer release() noexcept;
        -:  301:    void reset(pointer p = pointer()) noexcept;
        -:  302:    void reset(nullptr_t) noexcept;
        -:  303:    template <class U> void reset(U) = delete;
        -:  304:    void swap(unique_ptr& u) noexcept;
        -:  305:};
        -:  306:
        -:  307:template <class T, class D>
        -:  308:    void swap(unique_ptr<T, D>& x, unique_ptr<T, D>& y) noexcept;
        -:  309:
        -:  310:template <class T1, class D1, class T2, class D2>
        -:  311:    bool operator==(const unique_ptr<T1, D1>& x, const unique_ptr<T2, D2>& y);
        -:  312:template <class T1, class D1, class T2, class D2>
        -:  313:    bool operator!=(const unique_ptr<T1, D1>& x, const unique_ptr<T2, D2>& y);
        -:  314:template <class T1, class D1, class T2, class D2>
        -:  315:    bool operator<(const unique_ptr<T1, D1>& x, const unique_ptr<T2, D2>& y);
        -:  316:template <class T1, class D1, class T2, class D2>
        -:  317:    bool operator<=(const unique_ptr<T1, D1>& x, const unique_ptr<T2, D2>& y);
        -:  318:template <class T1, class D1, class T2, class D2>
        -:  319:    bool operator>(const unique_ptr<T1, D1>& x, const unique_ptr<T2, D2>& y);
        -:  320:template <class T1, class D1, class T2, class D2>
        -:  321:    bool operator>=(const unique_ptr<T1, D1>& x, const unique_ptr<T2, D2>& y);
        -:  322:
        -:  323:template <class T, class D>
        -:  324:    bool operator==(const unique_ptr<T, D>& x, nullptr_t) noexcept;
        -:  325:template <class T, class D>
        -:  326:    bool operator==(nullptr_t, const unique_ptr<T, D>& y) noexcept;
        -:  327:template <class T, class D>
        -:  328:    bool operator!=(const unique_ptr<T, D>& x, nullptr_t) noexcept;
        -:  329:template <class T, class D>
        -:  330:    bool operator!=(nullptr_t, const unique_ptr<T, D>& y) noexcept;
        -:  331:
        -:  332:template <class T, class D>
        -:  333:    bool operator<(const unique_ptr<T, D>& x, nullptr_t);
        -:  334:template <class T, class D>
        -:  335:    bool operator<(nullptr_t, const unique_ptr<T, D>& y);
        -:  336:template <class T, class D>
        -:  337:    bool operator<=(const unique_ptr<T, D>& x, nullptr_t);
        -:  338:template <class T, class D>
        -:  339:    bool operator<=(nullptr_t, const unique_ptr<T, D>& y);
        -:  340:template <class T, class D>
        -:  341:    bool operator>(const unique_ptr<T, D>& x, nullptr_t);
        -:  342:template <class T, class D>
        -:  343:    bool operator>(nullptr_t, const unique_ptr<T, D>& y);
        -:  344:template <class T, class D>
        -:  345:    bool operator>=(const unique_ptr<T, D>& x, nullptr_t);
        -:  346:template <class T, class D>
        -:  347:    bool operator>=(nullptr_t, const unique_ptr<T, D>& y);
        -:  348:
        -:  349:class bad_weak_ptr
        -:  350:    : public std::exception
        -:  351:{
        -:  352:    bad_weak_ptr() noexcept;
        -:  353:};
        -:  354:
        -:  355:template<class T, class... Args> unique_ptr<T> make_unique(Args&&... args);     // C++14
        -:  356:template<class T>                unique_ptr<T> make_unique(size_t n);           // C++14
        -:  357:template<class T, class... Args> unspecified   make_unique(Args&&...) = delete; // C++14, T == U[N]
        -:  358:
        -:  359:template<class T>
        -:  360:class shared_ptr
        -:  361:{
        -:  362:public:
        -:  363:    typedef T element_type;
        -:  364:
        -:  365:    // constructors:
        -:  366:    constexpr shared_ptr() noexcept;
        -:  367:    template<class Y> explicit shared_ptr(Y* p);
        -:  368:    template<class Y, class D> shared_ptr(Y* p, D d);
        -:  369:    template<class Y, class D, class A> shared_ptr(Y* p, D d, A a);
        -:  370:    template <class D> shared_ptr(nullptr_t p, D d);
        -:  371:    template <class D, class A> shared_ptr(nullptr_t p, D d, A a);
        -:  372:    template<class Y> shared_ptr(const shared_ptr<Y>& r, T *p) noexcept;
        -:  373:    shared_ptr(const shared_ptr& r) noexcept;
        -:  374:    template<class Y> shared_ptr(const shared_ptr<Y>& r) noexcept;
        -:  375:    shared_ptr(shared_ptr&& r) noexcept;
        -:  376:    template<class Y> shared_ptr(shared_ptr<Y>&& r) noexcept;
        -:  377:    template<class Y> explicit shared_ptr(const weak_ptr<Y>& r);
        -:  378:    template<class Y> shared_ptr(auto_ptr<Y>&& r);
        -:  379:    template <class Y, class D> shared_ptr(unique_ptr<Y, D>&& r);
        -:  380:    shared_ptr(nullptr_t) : shared_ptr() { }
        -:  381:
        -:  382:    // destructor:
        -:  383:    ~shared_ptr();
        -:  384:
        -:  385:    // assignment:
        -:  386:    shared_ptr& operator=(const shared_ptr& r) noexcept;
        -:  387:    template<class Y> shared_ptr& operator=(const shared_ptr<Y>& r) noexcept;
        -:  388:    shared_ptr& operator=(shared_ptr&& r) noexcept;
        -:  389:    template<class Y> shared_ptr& operator=(shared_ptr<Y>&& r);
        -:  390:    template<class Y> shared_ptr& operator=(auto_ptr<Y>&& r);
        -:  391:    template <class Y, class D> shared_ptr& operator=(unique_ptr<Y, D>&& r);
        -:  392:
        -:  393:    // modifiers:
        -:  394:    void swap(shared_ptr& r) noexcept;
        -:  395:    void reset() noexcept;
        -:  396:    template<class Y> void reset(Y* p);
        -:  397:    template<class Y, class D> void reset(Y* p, D d);
        -:  398:    template<class Y, class D, class A> void reset(Y* p, D d, A a);
        -:  399:
        -:  400:    // observers:
        -:  401:    T* get() const noexcept;
        -:  402:    T& operator*() const noexcept;
        -:  403:    T* operator->() const noexcept;
        -:  404:    long use_count() const noexcept;
        -:  405:    bool unique() const noexcept;
        -:  406:    explicit operator bool() const noexcept;
        -:  407:    template<class U> bool owner_before(shared_ptr<U> const& b) const;
        -:  408:    template<class U> bool owner_before(weak_ptr<U> const& b) const;
        -:  409:};
        -:  410:
        -:  411:// shared_ptr comparisons:
        -:  412:template<class T, class U>
        -:  413:    bool operator==(shared_ptr<T> const& a, shared_ptr<U> const& b) noexcept;
        -:  414:template<class T, class U>
        -:  415:    bool operator!=(shared_ptr<T> const& a, shared_ptr<U> const& b) noexcept;
        -:  416:template<class T, class U>
        -:  417:    bool operator<(shared_ptr<T> const& a, shared_ptr<U> const& b) noexcept;
        -:  418:template<class T, class U>
        -:  419:    bool operator>(shared_ptr<T> const& a, shared_ptr<U> const& b) noexcept;
        -:  420:template<class T, class U>
        -:  421:    bool operator<=(shared_ptr<T> const& a, shared_ptr<U> const& b) noexcept;
        -:  422:template<class T, class U>
        -:  423:    bool operator>=(shared_ptr<T> const& a, shared_ptr<U> const& b) noexcept;
        -:  424:
        -:  425:template <class T>
        -:  426:    bool operator==(const shared_ptr<T>& x, nullptr_t) noexcept;
        -:  427:template <class T>
        -:  428:    bool operator==(nullptr_t, const shared_ptr<T>& y) noexcept;
        -:  429:template <class T>
        -:  430:    bool operator!=(const shared_ptr<T>& x, nullptr_t) noexcept;
        -:  431:template <class T>
        -:  432:    bool operator!=(nullptr_t, const shared_ptr<T>& y) noexcept;
        -:  433:template <class T>
        -:  434:    bool operator<(const shared_ptr<T>& x, nullptr_t) noexcept;
        -:  435:template <class T>
        -:  436:bool operator<(nullptr_t, const shared_ptr<T>& y) noexcept;
        -:  437:template <class T>
        -:  438:    bool operator<=(const shared_ptr<T>& x, nullptr_t) noexcept;
        -:  439:template <class T>
        -:  440:    bool operator<=(nullptr_t, const shared_ptr<T>& y) noexcept;
        -:  441:template <class T>
        -:  442:    bool operator>(const shared_ptr<T>& x, nullptr_t) noexcept;
        -:  443:template <class T>
        -:  444:    bool operator>(nullptr_t, const shared_ptr<T>& y) noexcept;
        -:  445:template <class T>
        -:  446:    bool operator>=(const shared_ptr<T>& x, nullptr_t) noexcept;
        -:  447:template <class T>
        -:  448:    bool operator>=(nullptr_t, const shared_ptr<T>& y) noexcept;
        -:  449:
        -:  450:// shared_ptr specialized algorithms:
        -:  451:template<class T> void swap(shared_ptr<T>& a, shared_ptr<T>& b) noexcept;
        -:  452:
        -:  453:// shared_ptr casts:
        -:  454:template<class T, class U>
        -:  455:    shared_ptr<T> static_pointer_cast(shared_ptr<U> const& r) noexcept;
        -:  456:template<class T, class U>
        -:  457:    shared_ptr<T> dynamic_pointer_cast(shared_ptr<U> const& r) noexcept;
        -:  458:template<class T, class U>
        -:  459:    shared_ptr<T> const_pointer_cast(shared_ptr<U> const& r) noexcept;
        -:  460:
        -:  461:// shared_ptr I/O:
        -:  462:template<class E, class T, class Y>
        -:  463:    basic_ostream<E, T>& operator<< (basic_ostream<E, T>& os, shared_ptr<Y> const& p);
        -:  464:
        -:  465:// shared_ptr get_deleter:
        -:  466:template<class D, class T> D* get_deleter(shared_ptr<T> const& p) noexcept;
        -:  467:
        -:  468:template<class T, class... Args>
        -:  469:    shared_ptr<T> make_shared(Args&&... args);
        -:  470:template<class T, class A, class... Args>
        -:  471:    shared_ptr<T> allocate_shared(const A& a, Args&&... args);
        -:  472:
        -:  473:template<class T>
        -:  474:class weak_ptr
        -:  475:{
        -:  476:public:
        -:  477:    typedef T element_type;
        -:  478:
        -:  479:    // constructors
        -:  480:    constexpr weak_ptr() noexcept;
        -:  481:    template<class Y> weak_ptr(shared_ptr<Y> const& r) noexcept;
        -:  482:    weak_ptr(weak_ptr const& r) noexcept;
        -:  483:    template<class Y> weak_ptr(weak_ptr<Y> const& r) noexcept;
        -:  484:    weak_ptr(weak_ptr&& r) noexcept;                      // C++14
        -:  485:    template<class Y> weak_ptr(weak_ptr<Y>&& r) noexcept; // C++14
        -:  486:
        -:  487:    // destructor
        -:  488:    ~weak_ptr();
        -:  489:
        -:  490:    // assignment
        -:  491:    weak_ptr& operator=(weak_ptr const& r) noexcept;
        -:  492:    template<class Y> weak_ptr& operator=(weak_ptr<Y> const& r) noexcept;
        -:  493:    template<class Y> weak_ptr& operator=(shared_ptr<Y> const& r) noexcept;
        -:  494:    weak_ptr& operator=(weak_ptr&& r) noexcept;                      // C++14
        -:  495:    template<class Y> weak_ptr& operator=(weak_ptr<Y>&& r) noexcept; // C++14
        -:  496:
        -:  497:    // modifiers
        -:  498:    void swap(weak_ptr& r) noexcept;
        -:  499:    void reset() noexcept;
        -:  500:
        -:  501:    // observers
        -:  502:    long use_count() const noexcept;
        -:  503:    bool expired() const noexcept;
        -:  504:    shared_ptr<T> lock() const noexcept;
        -:  505:    template<class U> bool owner_before(shared_ptr<U> const& b) const;
        -:  506:    template<class U> bool owner_before(weak_ptr<U> const& b) const;
        -:  507:};
        -:  508:
        -:  509:// weak_ptr specialized algorithms:
        -:  510:template<class T> void swap(weak_ptr<T>& a, weak_ptr<T>& b) noexcept;
        -:  511:
        -:  512:// class owner_less:
        -:  513:template<class T> struct owner_less;
        -:  514:
        -:  515:template<class T>
        -:  516:struct owner_less<shared_ptr<T>>
        -:  517:    : binary_function<shared_ptr<T>, shared_ptr<T>, bool>
        -:  518:{
        -:  519:    typedef bool result_type;
        -:  520:    bool operator()(shared_ptr<T> const&, shared_ptr<T> const&) const;
        -:  521:    bool operator()(shared_ptr<T> const&, weak_ptr<T> const&) const;
        -:  522:    bool operator()(weak_ptr<T> const&, shared_ptr<T> const&) const;
        -:  523:};
        -:  524:
        -:  525:template<class T>
        -:  526:struct owner_less<weak_ptr<T>>
        -:  527:    : binary_function<weak_ptr<T>, weak_ptr<T>, bool>
        -:  528:{
        -:  529:    typedef bool result_type;
        -:  530:    bool operator()(weak_ptr<T> const&, weak_ptr<T> const&) const;
        -:  531:    bool operator()(shared_ptr<T> const&, weak_ptr<T> const&) const;
        -:  532:    bool operator()(weak_ptr<T> const&, shared_ptr<T> const&) const;
        -:  533:};
        -:  534:
        -:  535:template<class T>
        -:  536:class enable_shared_from_this
        -:  537:{
        -:  538:protected:
        -:  539:    constexpr enable_shared_from_this() noexcept;
        -:  540:    enable_shared_from_this(enable_shared_from_this const&) noexcept;
        -:  541:    enable_shared_from_this& operator=(enable_shared_from_this const&) noexcept;
        -:  542:    ~enable_shared_from_this();
        -:  543:public:
        -:  544:    shared_ptr<T> shared_from_this();
        -:  545:    shared_ptr<T const> shared_from_this() const;
        -:  546:};
        -:  547:
        -:  548:template<class T>
        -:  549:    bool atomic_is_lock_free(const shared_ptr<T>* p);
        -:  550:template<class T>
        -:  551:    shared_ptr<T> atomic_load(const shared_ptr<T>* p);
        -:  552:template<class T>
        -:  553:    shared_ptr<T> atomic_load_explicit(const shared_ptr<T>* p, memory_order mo);
        -:  554:template<class T>
        -:  555:    void atomic_store(shared_ptr<T>* p, shared_ptr<T> r);
        -:  556:template<class T>
        -:  557:    void atomic_store_explicit(shared_ptr<T>* p, shared_ptr<T> r, memory_order mo);
        -:  558:template<class T>
        -:  559:    shared_ptr<T> atomic_exchange(shared_ptr<T>* p, shared_ptr<T> r);
        -:  560:template<class T>
        -:  561:    shared_ptr<T>
        -:  562:    atomic_exchange_explicit(shared_ptr<T>* p, shared_ptr<T> r, memory_order mo);
        -:  563:template<class T>
        -:  564:    bool
        -:  565:    atomic_compare_exchange_weak(shared_ptr<T>* p, shared_ptr<T>* v, shared_ptr<T> w);
        -:  566:template<class T>
        -:  567:    bool
        -:  568:    atomic_compare_exchange_strong( shared_ptr<T>* p, shared_ptr<T>* v, shared_ptr<T> w);
        -:  569:template<class T>
        -:  570:    bool
        -:  571:    atomic_compare_exchange_weak_explicit(shared_ptr<T>* p, shared_ptr<T>* v,
        -:  572:                                          shared_ptr<T> w, memory_order success,
        -:  573:                                          memory_order failure);
        -:  574:template<class T>
        -:  575:    bool
        -:  576:    atomic_compare_exchange_strong_explicit(shared_ptr<T>* p, shared_ptr<T>* v,
        -:  577:                                            shared_ptr<T> w, memory_order success,
        -:  578:                                            memory_order failure);
        -:  579:// Hash support
        -:  580:template <class T> struct hash;
        -:  581:template <class T, class D> struct hash<unique_ptr<T, D> >;
        -:  582:template <class T> struct hash<shared_ptr<T> >;
        -:  583:
        -:  584:// Pointer safety
        -:  585:enum class pointer_safety { relaxed, preferred, strict };
        -:  586:void declare_reachable(void *p);
        -:  587:template <class T> T *undeclare_reachable(T *p);
        -:  588:void declare_no_pointers(char *p, size_t n);
        -:  589:void undeclare_no_pointers(char *p, size_t n);
        -:  590:pointer_safety get_pointer_safety() noexcept;
        -:  591:
        -:  592:void* align(size_t alignment, size_t size, void*& ptr, size_t& space);
        -:  593:
        -:  594:}  // std
        -:  595:
        -:  596:*/
        -:  597:
        -:  598:#include <__config>
        -:  599:#include <type_traits>
        -:  600:#include <typeinfo>
        -:  601:#include <cstddef>
        -:  602:#include <cstdint>
        -:  603:#include <new>
        -:  604:#include <utility>
        -:  605:#include <limits>
        -:  606:#include <iterator>
        -:  607:#include <__functional_base>
        -:  608:#include <iosfwd>
        -:  609:#include <tuple>
        -:  610:#include <cstring>
        -:  611:#if defined(_LIBCPP_NO_EXCEPTIONS)
        -:  612:    #include <cassert>
        -:  613:#endif
        -:  614:
        -:  615:#if __has_feature(cxx_atomic) && !defined(_LIBCPP_HAS_NO_THREADS)
        -:  616:#  include <atomic>
        -:  617:#endif
        -:  618:
        -:  619:#include <__undef_min_max>
        -:  620:#include <__undef___deallocate>
        -:  621:
        -:  622:#if !defined(_LIBCPP_HAS_NO_PRAGMA_SYSTEM_HEADER)
        -:  623:#pragma GCC system_header
        -:  624:#endif
        -:  625:
        -:  626:_LIBCPP_BEGIN_NAMESPACE_STD
        -:  627:
        -:  628:template <class _ValueType>
        -:  629:inline _LIBCPP_ALWAYS_INLINE
        -:  630:_ValueType __libcpp_relaxed_load(_ValueType const* __value) {
        -:  631:#if !defined(_LIBCPP_HAS_NO_THREADS) && \
        -:  632:    defined(__ATOMIC_RELAXED) &&        \
        -:  633:    (__has_builtin(__atomic_load_n) || _GNUC_VER >= 407)
        -:  634:    return __atomic_load_n(__value, __ATOMIC_RELAXED);
        -:  635:#else
        -:  636:    return *__value;
        -:  637:#endif
        -:  638:}
        -:  639:
        -:  640:template <class _ValueType>
        -:  641:inline _LIBCPP_ALWAYS_INLINE
        -:  642:_ValueType __libcpp_acquire_load(_ValueType const* __value) {
        -:  643:#if !defined(_LIBCPP_HAS_NO_THREADS) && \
        -:  644:    defined(__ATOMIC_ACQUIRE) &&        \
        -:  645:    (__has_builtin(__atomic_load_n) || _GNUC_VER >= 407)
        -:  646:    return __atomic_load_n(__value, __ATOMIC_ACQUIRE);
        -:  647:#else
        -:  648:    return *__value;
        -:  649:#endif
        -:  650:}
        -:  651:
        -:  652:// addressof moved to <__functional_base>
        -:  653:
        -:  654:template <class _Tp> class allocator;
        -:  655:
        -:  656:template <>
        -:  657:class _LIBCPP_TYPE_VIS_ONLY allocator<void>
        -:  658:{
        -:  659:public:
        -:  660:    typedef void*             pointer;
        -:  661:    typedef const void*       const_pointer;
        -:  662:    typedef void              value_type;
        -:  663:
        -:  664:    template <class _Up> struct rebind {typedef allocator<_Up> other;};
        -:  665:};
        -:  666:
        -:  667:template <>
        -:  668:class _LIBCPP_TYPE_VIS_ONLY allocator<const void>
        -:  669:{
        -:  670:public:
        -:  671:    typedef const void*       pointer;
        -:  672:    typedef const void*       const_pointer;
        -:  673:    typedef const void        value_type;
        -:  674:
        -:  675:    template <class _Up> struct rebind {typedef allocator<_Up> other;};
        -:  676:};
        -:  677:
        -:  678:// pointer_traits
        -:  679:
        -:  680:template <class _Tp>
        -:  681:struct __has_element_type
        -:  682:{
        -:  683:private:
        -:  684:    struct __two {char __lx; char __lxx;};
        -:  685:    template <class _Up> static __two __test(...);
        -:  686:    template <class _Up> static char __test(typename _Up::element_type* = 0);
        -:  687:public:
        -:  688:    static const bool value = sizeof(__test<_Tp>(0)) == 1;
        -:  689:};
        -:  690:
        -:  691:template <class _Ptr, bool = __has_element_type<_Ptr>::value>
        -:  692:struct __pointer_traits_element_type;
        -:  693:
        -:  694:template <class _Ptr>
        -:  695:struct __pointer_traits_element_type<_Ptr, true>
        -:  696:{
        -:  697:    typedef typename _Ptr::element_type type;
        -:  698:};
        -:  699:
        -:  700:#ifndef _LIBCPP_HAS_NO_VARIADICS
        -:  701:
        -:  702:template <template <class, class...> class _Sp, class _Tp, class ..._Args>
        -:  703:struct __pointer_traits_element_type<_Sp<_Tp, _Args...>, true>
        -:  704:{
        -:  705:    typedef typename _Sp<_Tp, _Args...>::element_type type;
        -:  706:};
        -:  707:
        -:  708:template <template <class, class...> class _Sp, class _Tp, class ..._Args>
        -:  709:struct __pointer_traits_element_type<_Sp<_Tp, _Args...>, false>
        -:  710:{
        -:  711:    typedef _Tp type;
        -:  712:};
        -:  713:
        -:  714:#else  // _LIBCPP_HAS_NO_VARIADICS
        -:  715:
        -:  716:template <template <class> class _Sp, class _Tp>
        -:  717:struct __pointer_traits_element_type<_Sp<_Tp>, true>
        -:  718:{
        -:  719:    typedef typename _Sp<_Tp>::element_type type;
        -:  720:};
        -:  721:
        -:  722:template <template <class> class _Sp, class _Tp>
        -:  723:struct __pointer_traits_element_type<_Sp<_Tp>, false>
        -:  724:{
        -:  725:    typedef _Tp type;
        -:  726:};
        -:  727:
        -:  728:template <template <class, class> class _Sp, class _Tp, class _A0>
        -:  729:struct __pointer_traits_element_type<_Sp<_Tp, _A0>, true>
        -:  730:{
        -:  731:    typedef typename _Sp<_Tp, _A0>::element_type type;
        -:  732:};
        -:  733:
        -:  734:template <template <class, class> class _Sp, class _Tp, class _A0>
        -:  735:struct __pointer_traits_element_type<_Sp<_Tp, _A0>, false>
        -:  736:{
        -:  737:    typedef _Tp type;
        -:  738:};
        -:  739:
        -:  740:template <template <class, class, class> class _Sp, class _Tp, class _A0, class _A1>
        -:  741:struct __pointer_traits_element_type<_Sp<_Tp, _A0, _A1>, true>
        -:  742:{
        -:  743:    typedef typename _Sp<_Tp, _A0, _A1>::element_type type;
        -:  744:};
        -:  745:
        -:  746:template <template <class, class, class> class _Sp, class _Tp, class _A0, class _A1>
        -:  747:struct __pointer_traits_element_type<_Sp<_Tp, _A0, _A1>, false>
        -:  748:{
        -:  749:    typedef _Tp type;
        -:  750:};
        -:  751:
        -:  752:template <template <class, class, class, class> class _Sp, class _Tp, class _A0,
        -:  753:                                                           class _A1, class _A2>
        -:  754:struct __pointer_traits_element_type<_Sp<_Tp, _A0, _A1, _A2>, true>
        -:  755:{
        -:  756:    typedef typename _Sp<_Tp, _A0, _A1, _A2>::element_type type;
        -:  757:};
        -:  758:
        -:  759:template <template <class, class, class, class> class _Sp, class _Tp, class _A0,
        -:  760:                                                           class _A1, class _A2>
        -:  761:struct __pointer_traits_element_type<_Sp<_Tp, _A0, _A1, _A2>, false>
        -:  762:{
        -:  763:    typedef _Tp type;
        -:  764:};
        -:  765:
        -:  766:#endif  // _LIBCPP_HAS_NO_VARIADICS
        -:  767:
        -:  768:template <class _Tp>
        -:  769:struct __has_difference_type
        -:  770:{
        -:  771:private:
        -:  772:    struct __two {char __lx; char __lxx;};
        -:  773:    template <class _Up> static __two __test(...);
        -:  774:    template <class _Up> static char __test(typename _Up::difference_type* = 0);
        -:  775:public:
        -:  776:    static const bool value = sizeof(__test<_Tp>(0)) == 1;
        -:  777:};
        -:  778:
        -:  779:template <class _Ptr, bool = __has_difference_type<_Ptr>::value>
        -:  780:struct __pointer_traits_difference_type
        -:  781:{
        -:  782:    typedef ptrdiff_t type;
        -:  783:};
        -:  784:
        -:  785:template <class _Ptr>
        -:  786:struct __pointer_traits_difference_type<_Ptr, true>
        -:  787:{
        -:  788:    typedef typename _Ptr::difference_type type;
        -:  789:};
        -:  790:
        -:  791:template <class _Tp, class _Up>
        -:  792:struct __has_rebind
        -:  793:{
        -:  794:private:
        -:  795:    struct __two {char __lx; char __lxx;};
        -:  796:    template <class _Xp> static __two __test(...);
        -:  797:    template <class _Xp> static char __test(typename _Xp::template rebind<_Up>* = 0);
        -:  798:public:
        -:  799:    static const bool value = sizeof(__test<_Tp>(0)) == 1;
        -:  800:};
        -:  801:
        -:  802:template <class _Tp, class _Up, bool = __has_rebind<_Tp, _Up>::value>
        -:  803:struct __pointer_traits_rebind
        -:  804:{
        -:  805:#ifndef _LIBCPP_HAS_NO_TEMPLATE_ALIASES
        -:  806:    typedef typename _Tp::template rebind<_Up> type;
        -:  807:#else
        -:  808:    typedef typename _Tp::template rebind<_Up>::other type;
        -:  809:#endif
        -:  810:};
        -:  811:
        -:  812:#ifndef _LIBCPP_HAS_NO_VARIADICS
        -:  813:
        -:  814:template <template <class, class...> class _Sp, class _Tp, class ..._Args, class _Up>
        -:  815:struct __pointer_traits_rebind<_Sp<_Tp, _Args...>, _Up, true>
        -:  816:{
        -:  817:#ifndef _LIBCPP_HAS_NO_TEMPLATE_ALIASES
        -:  818:    typedef typename _Sp<_Tp, _Args...>::template rebind<_Up> type;
        -:  819:#else
        -:  820:    typedef typename _Sp<_Tp, _Args...>::template rebind<_Up>::other type;
        -:  821:#endif
        -:  822:};
        -:  823:
        -:  824:template <template <class, class...> class _Sp, class _Tp, class ..._Args, class _Up>
        -:  825:struct __pointer_traits_rebind<_Sp<_Tp, _Args...>, _Up, false>
        -:  826:{
        -:  827:    typedef _Sp<_Up, _Args...> type;
        -:  828:};
        -:  829:
        -:  830:#else  // _LIBCPP_HAS_NO_VARIADICS
        -:  831:
        -:  832:template <template <class> class _Sp, class _Tp, class _Up>
        -:  833:struct __pointer_traits_rebind<_Sp<_Tp>, _Up, true>
        -:  834:{
        -:  835:#ifndef _LIBCPP_HAS_NO_TEMPLATE_ALIASES
        -:  836:    typedef typename _Sp<_Tp>::template rebind<_Up> type;
        -:  837:#else
        -:  838:    typedef typename _Sp<_Tp>::template rebind<_Up>::other type;
        -:  839:#endif
        -:  840:};
        -:  841:
        -:  842:template <template <class> class _Sp, class _Tp, class _Up>
        -:  843:struct __pointer_traits_rebind<_Sp<_Tp>, _Up, false>
        -:  844:{
        -:  845:    typedef _Sp<_Up> type;
        -:  846:};
        -:  847:
        -:  848:template <template <class, class> class _Sp, class _Tp, class _A0, class _Up>
        -:  849:struct __pointer_traits_rebind<_Sp<_Tp, _A0>, _Up, true>
        -:  850:{
        -:  851:#ifndef _LIBCPP_HAS_NO_TEMPLATE_ALIASES
        -:  852:    typedef typename _Sp<_Tp, _A0>::template rebind<_Up> type;
        -:  853:#else
        -:  854:    typedef typename _Sp<_Tp, _A0>::template rebind<_Up>::other type;
        -:  855:#endif
        -:  856:};
        -:  857:
        -:  858:template <template <class, class> class _Sp, class _Tp, class _A0, class _Up>
        -:  859:struct __pointer_traits_rebind<_Sp<_Tp, _A0>, _Up, false>
        -:  860:{
        -:  861:    typedef _Sp<_Up, _A0> type;
        -:  862:};
        -:  863:
        -:  864:template <template <class, class, class> class _Sp, class _Tp, class _A0,
        -:  865:                                         class _A1, class _Up>
        -:  866:struct __pointer_traits_rebind<_Sp<_Tp, _A0, _A1>, _Up, true>
        -:  867:{
        -:  868:#ifndef _LIBCPP_HAS_NO_TEMPLATE_ALIASES
        -:  869:    typedef typename _Sp<_Tp, _A0, _A1>::template rebind<_Up> type;
        -:  870:#else
        -:  871:    typedef typename _Sp<_Tp, _A0, _A1>::template rebind<_Up>::other type;
        -:  872:#endif
        -:  873:};
        -:  874:
        -:  875:template <template <class, class, class> class _Sp, class _Tp, class _A0,
        -:  876:                                         class _A1, class _Up>
        -:  877:struct __pointer_traits_rebind<_Sp<_Tp, _A0, _A1>, _Up, false>
        -:  878:{
        -:  879:    typedef _Sp<_Up, _A0, _A1> type;
        -:  880:};
        -:  881:
        -:  882:template <template <class, class, class, class> class _Sp, class _Tp, class _A0,
        -:  883:                                                class _A1, class _A2, class _Up>
        -:  884:struct __pointer_traits_rebind<_Sp<_Tp, _A0, _A1, _A2>, _Up, true>
        -:  885:{
        -:  886:#ifndef _LIBCPP_HAS_NO_TEMPLATE_ALIASES
        -:  887:    typedef typename _Sp<_Tp, _A0, _A1, _A2>::template rebind<_Up> type;
        -:  888:#else
        -:  889:    typedef typename _Sp<_Tp, _A0, _A1, _A2>::template rebind<_Up>::other type;
        -:  890:#endif
        -:  891:};
        -:  892:
        -:  893:template <template <class, class, class, class> class _Sp, class _Tp, class _A0,
        -:  894:                                                class _A1, class _A2, class _Up>
        -:  895:struct __pointer_traits_rebind<_Sp<_Tp, _A0, _A1, _A2>, _Up, false>
        -:  896:{
        -:  897:    typedef _Sp<_Up, _A0, _A1, _A2> type;
        -:  898:};
        -:  899:
        -:  900:#endif  // _LIBCPP_HAS_NO_VARIADICS
        -:  901:
        -:  902:template <class _Ptr>
        -:  903:struct _LIBCPP_TYPE_VIS_ONLY pointer_traits
        -:  904:{
        -:  905:    typedef _Ptr                                                     pointer;
        -:  906:    typedef typename __pointer_traits_element_type<pointer>::type    element_type;
        -:  907:    typedef typename __pointer_traits_difference_type<pointer>::type difference_type;
        -:  908:
        -:  909:#ifndef _LIBCPP_HAS_NO_TEMPLATE_ALIASES
        -:  910:    template <class _Up> using rebind = typename __pointer_traits_rebind<pointer, _Up>::type;
        -:  911:#else
        -:  912:    template <class _Up> struct rebind
        -:  913:        {typedef typename __pointer_traits_rebind<pointer, _Up>::type other;};
        -:  914:#endif  // _LIBCPP_HAS_NO_TEMPLATE_ALIASES
        -:  915:
        -:  916:private:
        -:  917:    struct __nat {};
        -:  918:public:
        -:  919:    _LIBCPP_INLINE_VISIBILITY
        -:  920:    static pointer pointer_to(typename conditional<is_void<element_type>::value,
        -:  921:                                           __nat, element_type>::type& __r)
        -:  922:        {return pointer::pointer_to(__r);}
        -:  923:};
        -:  924:
        -:  925:template <class _Tp>
        -:  926:struct _LIBCPP_TYPE_VIS_ONLY pointer_traits<_Tp*>
        -:  927:{
        -:  928:    typedef _Tp*      pointer;
        -:  929:    typedef _Tp       element_type;
        -:  930:    typedef ptrdiff_t difference_type;
        -:  931:
        -:  932:#ifndef _LIBCPP_HAS_NO_TEMPLATE_ALIASES
        -:  933:    template <class _Up> using rebind = _Up*;
        -:  934:#else
        -:  935:    template <class _Up> struct rebind {typedef _Up* other;};
        -:  936:#endif
        -:  937:
        -:  938:private:
        -:  939:    struct __nat {};
        -:  940:public:
        -:  941:    _LIBCPP_INLINE_VISIBILITY
        -:  942:    static pointer pointer_to(typename conditional<is_void<element_type>::value,
        -:  943:                                      __nat, element_type>::type& __r) _NOEXCEPT
        -:  944:        {return _VSTD::addressof(__r);}
        -:  945:};
        -:  946:
        -:  947:template <class _From, class _To>
        -:  948:struct __rebind_pointer {
        -:  949:#ifndef _LIBCPP_HAS_NO_TEMPLATE_ALIASES
        -:  950:    typedef typename pointer_traits<_From>::template rebind<_To>        type;
        -:  951:#else
        -:  952:    typedef typename pointer_traits<_From>::template rebind<_To>::other type;
        -:  953:#endif
        -:  954:};
        -:  955:
        -:  956:// allocator_traits
        -:  957:
        -:  958:namespace __has_pointer_type_imp
        -:  959:{
        -:  960:    template <class _Up> static __two __test(...);
        -:  961:    template <class _Up> static char __test(typename _Up::pointer* = 0);
        -:  962:}
        -:  963:
        -:  964:template <class _Tp>
        -:  965:struct __has_pointer_type
        -:  966:    : public integral_constant<bool, sizeof(__has_pointer_type_imp::__test<_Tp>(0)) == 1>
        -:  967:{
        -:  968:};
        -:  969:
        -:  970:namespace __pointer_type_imp
        -:  971:{
        -:  972:
        -:  973:template <class _Tp, class _Dp, bool = __has_pointer_type<_Dp>::value>
        -:  974:struct __pointer_type
        -:  975:{
        -:  976:    typedef typename _Dp::pointer type;
        -:  977:};
        -:  978:
        -:  979:template <class _Tp, class _Dp>
        -:  980:struct __pointer_type<_Tp, _Dp, false>
        -:  981:{
        -:  982:    typedef _Tp* type;
        -:  983:};
        -:  984:
        -:  985:}  // __pointer_type_imp
        -:  986:
        -:  987:template <class _Tp, class _Dp>
        -:  988:struct __pointer_type
        -:  989:{
        -:  990:    typedef typename __pointer_type_imp::__pointer_type<_Tp, typename remove_reference<_Dp>::type>::type type;
        -:  991:};
        -:  992:
        -:  993:template <class _Tp>
        -:  994:struct __has_const_pointer
        -:  995:{
        -:  996:private:
        -:  997:    struct __two {char __lx; char __lxx;};
        -:  998:    template <class _Up> static __two __test(...);
        -:  999:    template <class _Up> static char __test(typename _Up::const_pointer* = 0);
        -: 1000:public:
        -: 1001:    static const bool value = sizeof(__test<_Tp>(0)) == 1;
        -: 1002:};
        -: 1003:
        -: 1004:template <class _Tp, class _Ptr, class _Alloc, bool = __has_const_pointer<_Alloc>::value>
        -: 1005:struct __const_pointer
        -: 1006:{
        -: 1007:    typedef typename _Alloc::const_pointer type;
        -: 1008:};
        -: 1009:
        -: 1010:template <class _Tp, class _Ptr, class _Alloc>
        -: 1011:struct __const_pointer<_Tp, _Ptr, _Alloc, false>
        -: 1012:{
        -: 1013:#ifndef _LIBCPP_HAS_NO_TEMPLATE_ALIASES
        -: 1014:    typedef typename pointer_traits<_Ptr>::template rebind<const _Tp> type;
        -: 1015:#else
        -: 1016:    typedef typename pointer_traits<_Ptr>::template rebind<const _Tp>::other type;
        -: 1017:#endif
        -: 1018:};
        -: 1019:
        -: 1020:template <class _Tp>
        -: 1021:struct __has_void_pointer
        -: 1022:{
        -: 1023:private:
        -: 1024:    struct __two {char __lx; char __lxx;};
        -: 1025:    template <class _Up> static __two __test(...);
        -: 1026:    template <class _Up> static char __test(typename _Up::void_pointer* = 0);
        -: 1027:public:
        -: 1028:    static const bool value = sizeof(__test<_Tp>(0)) == 1;
        -: 1029:};
        -: 1030:
        -: 1031:template <class _Ptr, class _Alloc, bool = __has_void_pointer<_Alloc>::value>
        -: 1032:struct __void_pointer
        -: 1033:{
        -: 1034:    typedef typename _Alloc::void_pointer type;
        -: 1035:};
        -: 1036:
        -: 1037:template <class _Ptr, class _Alloc>
        -: 1038:struct __void_pointer<_Ptr, _Alloc, false>
        -: 1039:{
        -: 1040:#ifndef _LIBCPP_HAS_NO_TEMPLATE_ALIASES
        -: 1041:    typedef typename pointer_traits<_Ptr>::template rebind<void> type;
        -: 1042:#else
        -: 1043:    typedef typename pointer_traits<_Ptr>::template rebind<void>::other type;
        -: 1044:#endif
        -: 1045:};
        -: 1046:
        -: 1047:template <class _Tp>
        -: 1048:struct __has_const_void_pointer
        -: 1049:{
        -: 1050:private:
        -: 1051:    struct __two {char __lx; char __lxx;};
        -: 1052:    template <class _Up> static __two __test(...);
        -: 1053:    template <class _Up> static char __test(typename _Up::const_void_pointer* = 0);
        -: 1054:public:
        -: 1055:    static const bool value = sizeof(__test<_Tp>(0)) == 1;
        -: 1056:};
        -: 1057:
        -: 1058:template <class _Ptr, class _Alloc, bool = __has_const_void_pointer<_Alloc>::value>
        -: 1059:struct __const_void_pointer
        -: 1060:{
        -: 1061:    typedef typename _Alloc::const_void_pointer type;
        -: 1062:};
        -: 1063:
        -: 1064:template <class _Ptr, class _Alloc>
        -: 1065:struct __const_void_pointer<_Ptr, _Alloc, false>
        -: 1066:{
        -: 1067:#ifndef _LIBCPP_HAS_NO_TEMPLATE_ALIASES
        -: 1068:    typedef typename pointer_traits<_Ptr>::template rebind<const void> type;
        -: 1069:#else
        -: 1070:    typedef typename pointer_traits<_Ptr>::template rebind<const void>::other type;
        -: 1071:#endif
        -: 1072:};
        -: 1073:
        -: 1074:template <class _Tp>
        -: 1075:inline _LIBCPP_INLINE_VISIBILITY
        -: 1076:_Tp*
        -: 1077:__to_raw_pointer(_Tp* __p) _NOEXCEPT
        -: 1078:{
        -: 1079:    return __p;
        -: 1080:}
        -: 1081:
        -: 1082:template <class _Pointer>
        -: 1083:inline _LIBCPP_INLINE_VISIBILITY
        -: 1084:typename pointer_traits<_Pointer>::element_type*
        -: 1085:__to_raw_pointer(_Pointer __p) _NOEXCEPT
        -: 1086:{
        -: 1087:    return _VSTD::__to_raw_pointer(__p.operator->());
        -: 1088:}
        -: 1089:
        -: 1090:template <class _Tp>
        -: 1091:struct __has_size_type
        -: 1092:{
        -: 1093:private:
        -: 1094:    struct __two {char __lx; char __lxx;};
        -: 1095:    template <class _Up> static __two __test(...);
        -: 1096:    template <class _Up> static char __test(typename _Up::size_type* = 0);
        -: 1097:public:
        -: 1098:    static const bool value = sizeof(__test<_Tp>(0)) == 1;
        -: 1099:};
        -: 1100:
        -: 1101:template <class _Alloc, class _DiffType, bool = __has_size_type<_Alloc>::value>
        -: 1102:struct __size_type
        -: 1103:{
        -: 1104:    typedef typename make_unsigned<_DiffType>::type type;
        -: 1105:};
        -: 1106:
        -: 1107:template <class _Alloc, class _DiffType>
        -: 1108:struct __size_type<_Alloc, _DiffType, true>
        -: 1109:{
        -: 1110:    typedef typename _Alloc::size_type type;
        -: 1111:};
        -: 1112:
        -: 1113:template <class _Tp>
        -: 1114:struct __has_propagate_on_container_copy_assignment
        -: 1115:{
        -: 1116:private:
        -: 1117:    struct __two {char __lx; char __lxx;};
        -: 1118:    template <class _Up> static __two __test(...);
        -: 1119:    template <class _Up> static char __test(typename _Up::propagate_on_container_copy_assignment* = 0);
        -: 1120:public:
        -: 1121:    static const bool value = sizeof(__test<_Tp>(0)) == 1;
        -: 1122:};
        -: 1123:
        -: 1124:template <class _Alloc, bool = __has_propagate_on_container_copy_assignment<_Alloc>::value>
        -: 1125:struct __propagate_on_container_copy_assignment
        -: 1126:{
        -: 1127:    typedef false_type type;
        -: 1128:};
        -: 1129:
        -: 1130:template <class _Alloc>
        -: 1131:struct __propagate_on_container_copy_assignment<_Alloc, true>
        -: 1132:{
        -: 1133:    typedef typename _Alloc::propagate_on_container_copy_assignment type;
        -: 1134:};
        -: 1135:
        -: 1136:template <class _Tp>
        -: 1137:struct __has_propagate_on_container_move_assignment
        -: 1138:{
        -: 1139:private:
        -: 1140:    struct __two {char __lx; char __lxx;};
        -: 1141:    template <class _Up> static __two __test(...);
        -: 1142:    template <class _Up> static char __test(typename _Up::propagate_on_container_move_assignment* = 0);
        -: 1143:public:
        -: 1144:    static const bool value = sizeof(__test<_Tp>(0)) == 1;
        -: 1145:};
        -: 1146:
        -: 1147:template <class _Alloc, bool = __has_propagate_on_container_move_assignment<_Alloc>::value>
        -: 1148:struct __propagate_on_container_move_assignment
        -: 1149:{
        -: 1150:    typedef false_type type;
        -: 1151:};
        -: 1152:
        -: 1153:template <class _Alloc>
        -: 1154:struct __propagate_on_container_move_assignment<_Alloc, true>
        -: 1155:{
        -: 1156:    typedef typename _Alloc::propagate_on_container_move_assignment type;
        -: 1157:};
        -: 1158:
        -: 1159:template <class _Tp>
        -: 1160:struct __has_propagate_on_container_swap
        -: 1161:{
        -: 1162:private:
        -: 1163:    struct __two {char __lx; char __lxx;};
        -: 1164:    template <class _Up> static __two __test(...);
        -: 1165:    template <class _Up> static char __test(typename _Up::propagate_on_container_swap* = 0);
        -: 1166:public:
        -: 1167:    static const bool value = sizeof(__test<_Tp>(0)) == 1;
        -: 1168:};
        -: 1169:
        -: 1170:template <class _Alloc, bool = __has_propagate_on_container_swap<_Alloc>::value>
        -: 1171:struct __propagate_on_container_swap
        -: 1172:{
        -: 1173:    typedef false_type type;
        -: 1174:};
        -: 1175:
        -: 1176:template <class _Alloc>
        -: 1177:struct __propagate_on_container_swap<_Alloc, true>
        -: 1178:{
        -: 1179:    typedef typename _Alloc::propagate_on_container_swap type;
        -: 1180:};
        -: 1181:
        -: 1182:template <class _Tp>
        -: 1183:struct __has_is_always_equal
        -: 1184:{
        -: 1185:private:
        -: 1186:    struct __two {char __lx; char __lxx;};
        -: 1187:    template <class _Up> static __two __test(...);
        -: 1188:    template <class _Up> static char __test(typename _Up::is_always_equal* = 0);
        -: 1189:public:
        -: 1190:    static const bool value = sizeof(__test<_Tp>(0)) == 1;
        -: 1191:};
        -: 1192:
        -: 1193:template <class _Alloc, bool = __has_is_always_equal<_Alloc>::value>
        -: 1194:struct __is_always_equal
        -: 1195:{
        -: 1196:    typedef typename _VSTD::is_empty<_Alloc>::type type;
        -: 1197:};
        -: 1198:
        -: 1199:template <class _Alloc>
        -: 1200:struct __is_always_equal<_Alloc, true>
        -: 1201:{
        -: 1202:    typedef typename _Alloc::is_always_equal type;
        -: 1203:};
        -: 1204:
        -: 1205:template <class _Tp, class _Up, bool = __has_rebind<_Tp, _Up>::value>
        -: 1206:struct __has_rebind_other
        -: 1207:{
        -: 1208:private:
        -: 1209:    struct __two {char __lx; char __lxx;};
        -: 1210:    template <class _Xp> static __two __test(...);
        -: 1211:    template <class _Xp> static char __test(typename _Xp::template rebind<_Up>::other* = 0);
        -: 1212:public:
        -: 1213:    static const bool value = sizeof(__test<_Tp>(0)) == 1;
        -: 1214:};
        -: 1215:
        -: 1216:template <class _Tp, class _Up>
        -: 1217:struct __has_rebind_other<_Tp, _Up, false>
        -: 1218:{
        -: 1219:    static const bool value = false;
        -: 1220:};
        -: 1221:
        -: 1222:template <class _Tp, class _Up, bool = __has_rebind_other<_Tp, _Up>::value>
        -: 1223:struct __allocator_traits_rebind
        -: 1224:{
        -: 1225:    typedef typename _Tp::template rebind<_Up>::other type;
        -: 1226:};
        -: 1227:
        -: 1228:#ifndef _LIBCPP_HAS_NO_VARIADICS
        -: 1229:
        -: 1230:template <template <class, class...> class _Alloc, class _Tp, class ..._Args, class _Up>
        -: 1231:struct __allocator_traits_rebind<_Alloc<_Tp, _Args...>, _Up, true>
        -: 1232:{
        -: 1233:    typedef typename _Alloc<_Tp, _Args...>::template rebind<_Up>::other type;
        -: 1234:};
        -: 1235:
        -: 1236:template <template <class, class...> class _Alloc, class _Tp, class ..._Args, class _Up>
        -: 1237:struct __allocator_traits_rebind<_Alloc<_Tp, _Args...>, _Up, false>
        -: 1238:{
        -: 1239:    typedef _Alloc<_Up, _Args...> type;
        -: 1240:};
        -: 1241:
        -: 1242:#else  // _LIBCPP_HAS_NO_VARIADICS
        -: 1243:
        -: 1244:template <template <class> class _Alloc, class _Tp, class _Up>
        -: 1245:struct __allocator_traits_rebind<_Alloc<_Tp>, _Up, true>
        -: 1246:{
        -: 1247:    typedef typename _Alloc<_Tp>::template rebind<_Up>::other type;
        -: 1248:};
        -: 1249:
        -: 1250:template <template <class> class _Alloc, class _Tp, class _Up>
        -: 1251:struct __allocator_traits_rebind<_Alloc<_Tp>, _Up, false>
        -: 1252:{
        -: 1253:    typedef _Alloc<_Up> type;
        -: 1254:};
        -: 1255:
        -: 1256:template <template <class, class> class _Alloc, class _Tp, class _A0, class _Up>
        -: 1257:struct __allocator_traits_rebind<_Alloc<_Tp, _A0>, _Up, true>
        -: 1258:{
        -: 1259:    typedef typename _Alloc<_Tp, _A0>::template rebind<_Up>::other type;
        -: 1260:};
        -: 1261:
        -: 1262:template <template <class, class> class _Alloc, class _Tp, class _A0, class _Up>
        -: 1263:struct __allocator_traits_rebind<_Alloc<_Tp, _A0>, _Up, false>
        -: 1264:{
        -: 1265:    typedef _Alloc<_Up, _A0> type;
        -: 1266:};
        -: 1267:
        -: 1268:template <template <class, class, class> class _Alloc, class _Tp, class _A0,
        -: 1269:                                         class _A1, class _Up>
        -: 1270:struct __allocator_traits_rebind<_Alloc<_Tp, _A0, _A1>, _Up, true>
        -: 1271:{
        -: 1272:    typedef typename _Alloc<_Tp, _A0, _A1>::template rebind<_Up>::other type;
        -: 1273:};
        -: 1274:
        -: 1275:template <template <class, class, class> class _Alloc, class _Tp, class _A0,
        -: 1276:                                         class _A1, class _Up>
        -: 1277:struct __allocator_traits_rebind<_Alloc<_Tp, _A0, _A1>, _Up, false>
        -: 1278:{
        -: 1279:    typedef _Alloc<_Up, _A0, _A1> type;
        -: 1280:};
        -: 1281:
        -: 1282:template <template <class, class, class, class> class _Alloc, class _Tp, class _A0,
        -: 1283:                                                class _A1, class _A2, class _Up>
        -: 1284:struct __allocator_traits_rebind<_Alloc<_Tp, _A0, _A1, _A2>, _Up, true>
        -: 1285:{
        -: 1286:    typedef typename _Alloc<_Tp, _A0, _A1, _A2>::template rebind<_Up>::other type;
        -: 1287:};
        -: 1288:
        -: 1289:template <template <class, class, class, class> class _Alloc, class _Tp, class _A0,
        -: 1290:                                                class _A1, class _A2, class _Up>
        -: 1291:struct __allocator_traits_rebind<_Alloc<_Tp, _A0, _A1, _A2>, _Up, false>
        -: 1292:{
        -: 1293:    typedef _Alloc<_Up, _A0, _A1, _A2> type;
        -: 1294:};
        -: 1295:
        -: 1296:#endif  // _LIBCPP_HAS_NO_VARIADICS
        -: 1297:
        -: 1298:#ifndef _LIBCPP_HAS_NO_ADVANCED_SFINAE
        -: 1299:
        -: 1300:template <class _Alloc, class _SizeType, class _ConstVoidPtr>
        -: 1301:auto
        -: 1302:__has_allocate_hint_test(_Alloc&& __a, _SizeType&& __sz, _ConstVoidPtr&& __p)
        -: 1303:    -> decltype(__a.allocate(__sz, __p), true_type());
        -: 1304:
        -: 1305:template <class _Alloc, class _SizeType, class _ConstVoidPtr>
        -: 1306:auto
        -: 1307:__has_allocate_hint_test(const _Alloc& __a, _SizeType&& __sz, _ConstVoidPtr&& __p)
        -: 1308:    -> false_type;
        -: 1309:
        -: 1310:template <class _Alloc, class _SizeType, class _ConstVoidPtr>
        -: 1311:struct __has_allocate_hint
        -: 1312:    : integral_constant<bool,
        -: 1313:        is_same<
        -: 1314:            decltype(__has_allocate_hint_test(declval<_Alloc>(),
        -: 1315:                                          declval<_SizeType>(),
        -: 1316:                                          declval<_ConstVoidPtr>())),
        -: 1317:            true_type>::value>
        -: 1318:{
        -: 1319:};
        -: 1320:
        -: 1321:#else  // _LIBCPP_HAS_NO_ADVANCED_SFINAE
        -: 1322:
        -: 1323:template <class _Alloc, class _SizeType, class _ConstVoidPtr>
        -: 1324:struct __has_allocate_hint
        -: 1325:    : true_type
        -: 1326:{
        -: 1327:};
        -: 1328:
        -: 1329:#endif  // _LIBCPP_HAS_NO_ADVANCED_SFINAE
        -: 1330:
        -: 1331:#if !defined(_LIBCPP_HAS_NO_ADVANCED_SFINAE) && !defined(_LIBCPP_HAS_NO_VARIADICS)
        -: 1332:
        -: 1333:template <class _Alloc, class _Tp, class ..._Args>
        -: 1334:decltype(_VSTD::declval<_Alloc>().construct(_VSTD::declval<_Tp*>(),
        -: 1335:                                           _VSTD::declval<_Args>()...),
        -: 1336:                                           true_type())
        -: 1337:__has_construct_test(_Alloc&& __a, _Tp* __p, _Args&& ...__args);
        -: 1338:
        -: 1339:template <class _Alloc, class _Pointer, class ..._Args>
        -: 1340:false_type
        -: 1341:__has_construct_test(const _Alloc& __a, _Pointer&& __p, _Args&& ...__args);
        -: 1342:
        -: 1343:template <class _Alloc, class _Pointer, class ..._Args>
        -: 1344:struct __has_construct
        -: 1345:    : integral_constant<bool,
        -: 1346:        is_same<
        -: 1347:            decltype(__has_construct_test(declval<_Alloc>(),
        -: 1348:                                          declval<_Pointer>(),
        -: 1349:                                          declval<_Args>()...)),
        -: 1350:            true_type>::value>
        -: 1351:{
        -: 1352:};
        -: 1353:
        -: 1354:template <class _Alloc, class _Pointer>
        -: 1355:auto
        -: 1356:__has_destroy_test(_Alloc&& __a, _Pointer&& __p)
        -: 1357:    -> decltype(__a.destroy(__p), true_type());
        -: 1358:
        -: 1359:template <class _Alloc, class _Pointer>
        -: 1360:auto
        -: 1361:__has_destroy_test(const _Alloc& __a, _Pointer&& __p)
        -: 1362:    -> false_type;
        -: 1363:
        -: 1364:template <class _Alloc, class _Pointer>
        -: 1365:struct __has_destroy
        -: 1366:    : integral_constant<bool,
        -: 1367:        is_same<
        -: 1368:            decltype(__has_destroy_test(declval<_Alloc>(),
        -: 1369:                                        declval<_Pointer>())),
        -: 1370:            true_type>::value>
        -: 1371:{
        -: 1372:};
        -: 1373:
        -: 1374:template <class _Alloc>
        -: 1375:auto
        -: 1376:__has_max_size_test(_Alloc&& __a)
        -: 1377:    -> decltype(__a.max_size(), true_type());
        -: 1378:
        -: 1379:template <class _Alloc>
        -: 1380:auto
        -: 1381:__has_max_size_test(const volatile _Alloc& __a)
        -: 1382:    -> false_type;
        -: 1383:
        -: 1384:template <class _Alloc>
        -: 1385:struct __has_max_size
        -: 1386:    : integral_constant<bool,
        -: 1387:        is_same<
        -: 1388:            decltype(__has_max_size_test(declval<_Alloc&>())),
        -: 1389:            true_type>::value>
        -: 1390:{
        -: 1391:};
        -: 1392:
        -: 1393:template <class _Alloc>
        -: 1394:auto
        -: 1395:__has_select_on_container_copy_construction_test(_Alloc&& __a)
        -: 1396:    -> decltype(__a.select_on_container_copy_construction(), true_type());
        -: 1397:
        -: 1398:template <class _Alloc>
        -: 1399:auto
        -: 1400:__has_select_on_container_copy_construction_test(const volatile _Alloc& __a)
        -: 1401:    -> false_type;
        -: 1402:
        -: 1403:template <class _Alloc>
        -: 1404:struct __has_select_on_container_copy_construction
        -: 1405:    : integral_constant<bool,
        -: 1406:        is_same<
        -: 1407:            decltype(__has_select_on_container_copy_construction_test(declval<_Alloc&>())),
        -: 1408:            true_type>::value>
        -: 1409:{
        -: 1410:};
        -: 1411:
        -: 1412:#else  // _LIBCPP_HAS_NO_ADVANCED_SFINAE
        -: 1413:
        -: 1414:#ifndef _LIBCPP_HAS_NO_VARIADICS
        -: 1415:
        -: 1416:template <class _Alloc, class _Pointer, class ..._Args>
        -: 1417:struct __has_construct
        -: 1418:    : false_type
        -: 1419:{
        -: 1420:};
        -: 1421:
        -: 1422:#else  // _LIBCPP_HAS_NO_VARIADICS
        -: 1423:
        -: 1424:template <class _Alloc, class _Pointer, class _Args>
        -: 1425:struct __has_construct
        -: 1426:    : false_type
        -: 1427:{
        -: 1428:};
        -: 1429:
        -: 1430:#endif  // _LIBCPP_HAS_NO_VARIADICS
        -: 1431:
        -: 1432:template <class _Alloc, class _Pointer>
        -: 1433:struct __has_destroy
        -: 1434:    : false_type
        -: 1435:{
        -: 1436:};
        -: 1437:
        -: 1438:template <class _Alloc>
        -: 1439:struct __has_max_size
        -: 1440:    : true_type
        -: 1441:{
        -: 1442:};
        -: 1443:
        -: 1444:template <class _Alloc>
        -: 1445:struct __has_select_on_container_copy_construction
        -: 1446:    : false_type
        -: 1447:{
        -: 1448:};
        -: 1449:
        -: 1450:#endif  // _LIBCPP_HAS_NO_ADVANCED_SFINAE
        -: 1451:
        -: 1452:template <class _Alloc, class _Ptr, bool = __has_difference_type<_Alloc>::value>
        -: 1453:struct __alloc_traits_difference_type
        -: 1454:{
        -: 1455:    typedef typename pointer_traits<_Ptr>::difference_type type;
        -: 1456:};
        -: 1457:
        -: 1458:template <class _Alloc, class _Ptr>
        -: 1459:struct __alloc_traits_difference_type<_Alloc, _Ptr, true>
        -: 1460:{
        -: 1461:    typedef typename _Alloc::difference_type type;
        -: 1462:};
        -: 1463:
        -: 1464:template <class _Alloc>
        -: 1465:struct _LIBCPP_TYPE_VIS_ONLY allocator_traits
        -: 1466:{
        -: 1467:    typedef _Alloc                              allocator_type;
        -: 1468:    typedef typename allocator_type::value_type value_type;
        -: 1469:
        -: 1470:    typedef typename __pointer_type<value_type, allocator_type>::type pointer;
        -: 1471:    typedef typename __const_pointer<value_type, pointer, allocator_type>::type const_pointer;
        -: 1472:    typedef typename __void_pointer<pointer, allocator_type>::type void_pointer;
        -: 1473:    typedef typename __const_void_pointer<pointer, allocator_type>::type const_void_pointer;
        -: 1474:
        -: 1475:    typedef typename __alloc_traits_difference_type<allocator_type, pointer>::type difference_type;
        -: 1476:    typedef typename __size_type<allocator_type, difference_type>::type size_type;
        -: 1477:
        -: 1478:    typedef typename __propagate_on_container_copy_assignment<allocator_type>::type
        -: 1479:                     propagate_on_container_copy_assignment;
        -: 1480:    typedef typename __propagate_on_container_move_assignment<allocator_type>::type
        -: 1481:                     propagate_on_container_move_assignment;
        -: 1482:    typedef typename __propagate_on_container_swap<allocator_type>::type
        -: 1483:                     propagate_on_container_swap;
        -: 1484:    typedef typename __is_always_equal<allocator_type>::type
        -: 1485:                     is_always_equal;
        -: 1486:
        -: 1487:#ifndef _LIBCPP_HAS_NO_TEMPLATE_ALIASES
        -: 1488:    template <class _Tp> using rebind_alloc =
        -: 1489:                  typename __allocator_traits_rebind<allocator_type, _Tp>::type;
        -: 1490:    template <class _Tp> using rebind_traits = allocator_traits<rebind_alloc<_Tp>>;
        -: 1491:#else  // _LIBCPP_HAS_NO_TEMPLATE_ALIASES
        -: 1492:    template <class _Tp> struct rebind_alloc
        -: 1493:        {typedef typename __allocator_traits_rebind<allocator_type, _Tp>::type other;};
        -: 1494:    template <class _Tp> struct rebind_traits
        -: 1495:        {typedef allocator_traits<typename rebind_alloc<_Tp>::other> other;};
        -: 1496:#endif  // _LIBCPP_HAS_NO_TEMPLATE_ALIASES
        -: 1497:
        -: 1498:    _LIBCPP_INLINE_VISIBILITY
        -: 1499:    static pointer allocate(allocator_type& __a, size_type __n)
        -: 1500:        {return __a.allocate(__n);}
        -: 1501:    _LIBCPP_INLINE_VISIBILITY
        -: 1502:    static pointer allocate(allocator_type& __a, size_type __n, const_void_pointer __hint)
        -: 1503:        {return allocate(__a, __n, __hint,
        -: 1504:            __has_allocate_hint<allocator_type, size_type, const_void_pointer>());}
        -: 1505:
        -: 1506:    _LIBCPP_INLINE_VISIBILITY
        -: 1507:    static void deallocate(allocator_type& __a, pointer __p, size_type __n) _NOEXCEPT
        -: 1508:        {__a.deallocate(__p, __n);}
        -: 1509:
        -: 1510:#ifndef _LIBCPP_HAS_NO_VARIADICS
        -: 1511:    template <class _Tp, class... _Args>
        -: 1512:        _LIBCPP_INLINE_VISIBILITY
        -: 1513:        static void construct(allocator_type& __a, _Tp* __p, _Args&&... __args)
        -: 1514:            {__construct(__has_construct<allocator_type, _Tp*, _Args...>(),
        -: 1515:                         __a, __p, _VSTD::forward<_Args>(__args)...);}
        -: 1516:#else  // _LIBCPP_HAS_NO_VARIADICS
        -: 1517:    template <class _Tp>
        -: 1518:        _LIBCPP_INLINE_VISIBILITY
        -: 1519:        static void construct(allocator_type& __a, _Tp* __p)
        -: 1520:            {
        -: 1521:                ::new ((void*)__p) _Tp();
        -: 1522:            }
        -: 1523:    template <class _Tp, class _A0>
        -: 1524:        _LIBCPP_INLINE_VISIBILITY
        -: 1525:        static void construct(allocator_type& __a, _Tp* __p, const _A0& __a0)
        -: 1526:            {
        -: 1527:                ::new ((void*)__p) _Tp(__a0);
        -: 1528:            }
        -: 1529:    template <class _Tp, class _A0, class _A1>
        -: 1530:        _LIBCPP_INLINE_VISIBILITY
        -: 1531:        static void construct(allocator_type& __a, _Tp* __p, const _A0& __a0,
        -: 1532:                              const _A1& __a1)
        -: 1533:            {
        -: 1534:                ::new ((void*)__p) _Tp(__a0, __a1);
        -: 1535:            }
        -: 1536:    template <class _Tp, class _A0, class _A1, class _A2>
        -: 1537:        _LIBCPP_INLINE_VISIBILITY
        -: 1538:        static void construct(allocator_type& __a, _Tp* __p, const _A0& __a0,
        -: 1539:                              const _A1& __a1, const _A2& __a2)
        -: 1540:            {
        -: 1541:                ::new ((void*)__p) _Tp(__a0, __a1, __a2);
        -: 1542:            }
        -: 1543:#endif  // _LIBCPP_HAS_NO_VARIADICS
        -: 1544:
        -: 1545:    template <class _Tp>
        -: 1546:        _LIBCPP_INLINE_VISIBILITY
        -: 1547:        static void destroy(allocator_type& __a, _Tp* __p)
        -: 1548:            {__destroy(__has_destroy<allocator_type, _Tp*>(), __a, __p);}
        -: 1549:
        -: 1550:    _LIBCPP_INLINE_VISIBILITY
        -: 1551:    static size_type max_size(const allocator_type& __a) _NOEXCEPT
        -: 1552:        {return __max_size(__has_max_size<const allocator_type>(), __a);}
        -: 1553:
        -: 1554:    _LIBCPP_INLINE_VISIBILITY
        -: 1555:    static allocator_type
        -: 1556:        select_on_container_copy_construction(const allocator_type& __a)
        -: 1557:            {return select_on_container_copy_construction(
        -: 1558:                __has_select_on_container_copy_construction<const allocator_type>(),
        -: 1559:                __a);}
        -: 1560:
        -: 1561:    template <class _Ptr>
        -: 1562:        _LIBCPP_INLINE_VISIBILITY
        -: 1563:        static
        -: 1564:        void
        -: 1565:        __construct_forward(allocator_type& __a, _Ptr __begin1, _Ptr __end1, _Ptr& __begin2)
        -: 1566:        {
        -: 1567:            for (; __begin1 != __end1; ++__begin1, ++__begin2)
        -: 1568:                construct(__a, _VSTD::__to_raw_pointer(__begin2), _VSTD::move_if_noexcept(*__begin1));
        -: 1569:        }
        -: 1570:
        -: 1571:    template <class _Tp>
        -: 1572:        _LIBCPP_INLINE_VISIBILITY
        -: 1573:        static
        -: 1574:        typename enable_if
        -: 1575:        <
        -: 1576:            (is_same<allocator_type, allocator<_Tp> >::value
        -: 1577:                || !__has_construct<allocator_type, _Tp*, _Tp>::value) &&
        -: 1578:             is_trivially_move_constructible<_Tp>::value,
        -: 1579:            void
        -: 1580:        >::type
        -: 1581:        __construct_forward(allocator_type& __a, _Tp* __begin1, _Tp* __end1, _Tp*& __begin2)
        -: 1582:        {
        -: 1583:            ptrdiff_t _Np = __end1 - __begin1;
        -: 1584:            if (_Np > 0)
        -: 1585:            {
        -: 1586:                _VSTD::memcpy(__begin2, __begin1, _Np * sizeof(_Tp));
        -: 1587:                __begin2 += _Np;
        -: 1588:            }
        -: 1589:        }
        -: 1590:
        -: 1591:    template <class _Iter, class _Ptr>
        -: 1592:        _LIBCPP_INLINE_VISIBILITY
        -: 1593:        static
        -: 1594:        void
        -: 1595:        __construct_range_forward(allocator_type& __a, _Iter __begin1, _Iter __end1, _Ptr& __begin2)
        -: 1596:        {
        -: 1597:            for (; __begin1 != __end1; ++__begin1, (void) ++__begin2)
        -: 1598:                construct(__a, _VSTD::__to_raw_pointer(__begin2), *__begin1);
        -: 1599:        }
        -: 1600:
        -: 1601:    template <class _Tp>
        -: 1602:        _LIBCPP_INLINE_VISIBILITY
        -: 1603:        static
        -: 1604:        typename enable_if
        -: 1605:        <
        -: 1606:            (is_same<allocator_type, allocator<_Tp> >::value
        -: 1607:                || !__has_construct<allocator_type, _Tp*, _Tp>::value) &&
        -: 1608:             is_trivially_move_constructible<_Tp>::value,
        -: 1609:            void
        -: 1610:        >::type
        -: 1611:        __construct_range_forward(allocator_type& __a, _Tp* __begin1, _Tp* __end1, _Tp*& __begin2)
        -: 1612:        {
        -: 1613:            typedef typename remove_const<_Tp>::type _Vp;
        -: 1614:            ptrdiff_t _Np = __end1 - __begin1;
        -: 1615:            if (_Np > 0)
        -: 1616:            {
        -: 1617:                _VSTD::memcpy(const_cast<_Vp*>(__begin2), __begin1, _Np * sizeof(_Tp));
        -: 1618:                __begin2 += _Np;
        -: 1619:            }
        -: 1620:        }
        -: 1621:
        -: 1622:    template <class _Ptr>
        -: 1623:        _LIBCPP_INLINE_VISIBILITY
        -: 1624:        static
        -: 1625:        void
        -: 1626:        __construct_backward(allocator_type& __a, _Ptr __begin1, _Ptr __end1, _Ptr& __end2)
        -: 1627:        {
        -: 1628:            while (__end1 != __begin1)
        -: 1629:            {
        -: 1630:                construct(__a, _VSTD::__to_raw_pointer(__end2-1), _VSTD::move_if_noexcept(*--__end1));
        -: 1631:                --__end2;
        -: 1632:            }
        -: 1633:        }
        -: 1634:
        -: 1635:    template <class _Tp>
        -: 1636:        _LIBCPP_INLINE_VISIBILITY
        -: 1637:        static
        -: 1638:        typename enable_if
        -: 1639:        <
        -: 1640:            (is_same<allocator_type, allocator<_Tp> >::value
        -: 1641:                || !__has_construct<allocator_type, _Tp*, _Tp>::value) &&
        -: 1642:             is_trivially_move_constructible<_Tp>::value,
        -: 1643:            void
        -: 1644:        >::type
        -: 1645:        __construct_backward(allocator_type& __a, _Tp* __begin1, _Tp* __end1, _Tp*& __end2)
        -: 1646:        {
        -: 1647:            ptrdiff_t _Np = __end1 - __begin1;
        -: 1648:            __end2 -= _Np;
        -: 1649:            if (_Np > 0)
        -: 1650:                _VSTD::memcpy(__end2, __begin1, _Np * sizeof(_Tp));
        -: 1651:        }
[...]
        -: 5147:        {return __cntrl_ == 0 || __cntrl_->use_count() == 0;}
        -: 5148:    shared_ptr<_Tp> lock() const _NOEXCEPT;
        -: 5149:    template<class _Up>
        -: 5150:        _LIBCPP_INLINE_VISIBILITY
        -: 5151:        bool owner_before(const shared_ptr<_Up>& __r) const
        -: 5152:        {return __cntrl_ < __r.__cntrl_;}
        -: 5153:    template<class _Up>
        -: 5154:        _LIBCPP_INLINE_VISIBILITY
        -: 5155:        bool owner_before(const weak_ptr<_Up>& __r) const
        -: 5156:        {return __cntrl_ < __r.__cntrl_;}
        -: 5157:
        -: 5158:    template <class _Up> friend class _LIBCPP_TYPE_VIS_ONLY weak_ptr;
        -: 5159:    template <class _Up> friend class _LIBCPP_TYPE_VIS_ONLY shared_ptr;
        -: 5160:};
        -: 5161:
        -: 5162:template<class _Tp>
        -: 5163:inline
        -: 5164:_LIBCPP_CONSTEXPR
        -: 5165:weak_ptr<_Tp>::weak_ptr() _NOEXCEPT
        -: 5166:    : __ptr_(0),
        -: 5167:      __cntrl_(0)
        -: 5168:{
        -: 5169:}
        -: 5170:
        -: 5171:template<class _Tp>
        -: 5172:inline
        -: 5173:weak_ptr<_Tp>::weak_ptr(weak_ptr const& __r) _NOEXCEPT
        -: 5174:    : __ptr_(__r.__ptr_),
        -: 5175:      __cntrl_(__r.__cntrl_)
        -: 5176:{
        -: 5177:    if (__cntrl_)
        -: 5178:        __cntrl_->__add_weak();
        -: 5179:}
        -: 5180:
        -: 5181:template<class _Tp>
        -: 5182:template<class _Yp>
        -: 5183:inline
        -: 5184:weak_ptr<_Tp>::weak_ptr(shared_ptr<_Yp> const& __r,
        -: 5185:                        typename enable_if<is_convertible<_Yp*, _Tp*>::value, __nat*>::type)
        -: 5186:                         _NOEXCEPT
        -: 5187:    : __ptr_(__r.__ptr_),
        -: 5188:      __cntrl_(__r.__cntrl_)
        -: 5189:{
        -: 5190:    if (__cntrl_)
        -: 5191:        __cntrl_->__add_weak();
        -: 5192:}
        -: 5193:
        -: 5194:template<class _Tp>
        -: 5195:template<class _Yp>
        -: 5196:inline
        -: 5197:weak_ptr<_Tp>::weak_ptr(weak_ptr<_Yp> const& __r,
        -: 5198:                        typename enable_if<is_convertible<_Yp*, _Tp*>::value, __nat*>::type)
        -: 5199:         _NOEXCEPT
        -: 5200:    : __ptr_(__r.__ptr_),
        -: 5201:      __cntrl_(__r.__cntrl_)
        -: 5202:{
        -: 5203:    if (__cntrl_)
        -: 5204:        __cntrl_->__add_weak();
        -: 5205:}
        -: 5206:
        -: 5207:#ifndef _LIBCPP_HAS_NO_RVALUE_REFERENCES
        -: 5208:
        -: 5209:template<class _Tp>
        -: 5210:inline
        -: 5211:weak_ptr<_Tp>::weak_ptr(weak_ptr&& __r) _NOEXCEPT
        -: 5212:    : __ptr_(__r.__ptr_),
        -: 5213:      __cntrl_(__r.__cntrl_)
        -: 5214:{
        -: 5215:    __r.__ptr_ = 0;
        -: 5216:    __r.__cntrl_ = 0;
        -: 5217:}
        -: 5218:
        -: 5219:template<class _Tp>
        -: 5220:template<class _Yp>
        -: 5221:inline
        -: 5222:weak_ptr<_Tp>::weak_ptr(weak_ptr<_Yp>&& __r,
        -: 5223:                        typename enable_if<is_convertible<_Yp*, _Tp*>::value, __nat*>::type)
        -: 5224:         _NOEXCEPT
        -: 5225:    : __ptr_(__r.__ptr_),
        -: 5226:      __cntrl_(__r.__cntrl_)
        -: 5227:{
        -: 5228:    __r.__ptr_ = 0;
        -: 5229:    __r.__cntrl_ = 0;
        -: 5230:}
        -: 5231:
        -: 5232:#endif  // _LIBCPP_HAS_NO_RVALUE_REFERENCES
        -: 5233:
        -: 5234:template<class _Tp>
        -: 5235:weak_ptr<_Tp>::~weak_ptr()
        -: 5236:{
        -: 5237:    if (__cntrl_)
        -: 5238:        __cntrl_->__release_weak();
        -: 5239:}
        -: 5240:
        -: 5241:template<class _Tp>
        -: 5242:inline
        -: 5243:weak_ptr<_Tp>&
        -: 5244:weak_ptr<_Tp>::operator=(weak_ptr const& __r) _NOEXCEPT
        -: 5245:{
        -: 5246:    weak_ptr(__r).swap(*this);
        -: 5247:    return *this;
        -: 5248:}
        -: 5249:
        -: 5250:template<class _Tp>
        -: 5251:template<class _Yp>
        -: 5252:inline
        -: 5253:typename enable_if
        -: 5254:<
        -: 5255:    is_convertible<_Yp*, _Tp*>::value,
        -: 5256:    weak_ptr<_Tp>&
        -: 5257:>::type
        -: 5258:weak_ptr<_Tp>::operator=(weak_ptr<_Yp> const& __r) _NOEXCEPT
        -: 5259:{
        -: 5260:    weak_ptr(__r).swap(*this);
        -: 5261:    return *this;
        -: 5262:}
        -: 5263:
        -: 5264:#ifndef _LIBCPP_HAS_NO_RVALUE_REFERENCES
        -: 5265:
        -: 5266:template<class _Tp>
        -: 5267:inline
        -: 5268:weak_ptr<_Tp>&
        -: 5269:weak_ptr<_Tp>::operator=(weak_ptr&& __r) _NOEXCEPT
        -: 5270:{
        -: 5271:    weak_ptr(_VSTD::move(__r)).swap(*this);
        -: 5272:    return *this;
        -: 5273:}
        -: 5274:
        -: 5275:template<class _Tp>
        -: 5276:template<class _Yp>
        -: 5277:inline
        -: 5278:typename enable_if
        -: 5279:<
        -: 5280:    is_convertible<_Yp*, _Tp*>::value,
        -: 5281:    weak_ptr<_Tp>&
        -: 5282:>::type
        -: 5283:weak_ptr<_Tp>::operator=(weak_ptr<_Yp>&& __r) _NOEXCEPT
        -: 5284:{
        -: 5285:    weak_ptr(_VSTD::move(__r)).swap(*this);
        -: 5286:    return *this;
        -: 5287:}
        -: 5288:
        -: 5289:#endif  // _LIBCPP_HAS_NO_RVALUE_REFERENCES
        -: 5290:
        -: 5291:template<class _Tp>
        -: 5292:template<class _Yp>
        -: 5293:inline
        -: 5294:typename enable_if
        -: 5295:<
        -: 5296:    is_convertible<_Yp*, _Tp*>::value,
        -: 5297:    weak_ptr<_Tp>&
        -: 5298:>::type
        -: 5299:weak_ptr<_Tp>::operator=(shared_ptr<_Yp> const& __r) _NOEXCEPT
        -: 5300:{
        -: 5301:    weak_ptr(__r).swap(*this);
        -: 5302:    return *this;
        -: 5303:}
        -: 5304:
        -: 5305:template<class _Tp>
        -: 5306:inline
        -: 5307:void
        -: 5308:weak_ptr<_Tp>::swap(weak_ptr& __r) _NOEXCEPT
        -: 5309:{
        -: 5310:    _VSTD::swap(__ptr_, __r.__ptr_);
        -: 5311:    _VSTD::swap(__cntrl_, __r.__cntrl_);
        -: 5312:}
        -: 5313:
        -: 5314:template<class _Tp>
        -: 5315:inline _LIBCPP_INLINE_VISIBILITY
        -: 5316:void
        -: 5317:swap(weak_ptr<_Tp>& __x, weak_ptr<_Tp>& __y) _NOEXCEPT
        -: 5318:{
        -: 5319:    __x.swap(__y);
        -: 5320:}
        -: 5321:
        -: 5322:template<class _Tp>
        -: 5323:inline
        -: 5324:void
        -: 5325:weak_ptr<_Tp>::reset() _NOEXCEPT
        -: 5326:{
        -: 5327:    weak_ptr().swap(*this);
        -: 5328:}
        -: 5329:
        -: 5330:template<class _Tp>
        -: 5331:template<class _Yp>
        -: 5332:shared_ptr<_Tp>::shared_ptr(const weak_ptr<_Yp>& __r,
        -: 5333:                            typename enable_if<is_convertible<_Yp*, _Tp*>::value, __nat>::type)
        -: 5334:    : __ptr_(__r.__ptr_),
        -: 5335:      __cntrl_(__r.__cntrl_ ? __r.__cntrl_->lock() : __r.__cntrl_)
        -: 5336:{
        -: 5337:    if (__cntrl_ == 0)
        -: 5338:#ifndef _LIBCPP_NO_EXCEPTIONS
        -: 5339:        throw bad_weak_ptr();
        -: 5340:#else
        -: 5341:        assert(!"bad_weak_ptr");
        -: 5342:#endif
        -: 5343:}
        -: 5344:
        -: 5345:template<class _Tp>
        -: 5346:shared_ptr<_Tp>
        -: 5347:weak_ptr<_Tp>::lock() const _NOEXCEPT
        -: 5348:{
        -: 5349:    shared_ptr<_Tp> __r;
        -: 5350:    __r.__cntrl_ = __cntrl_ ? __cntrl_->lock() : __cntrl_;
        -: 5351:    if (__r.__cntrl_)
        -: 5352:        __r.__ptr_ = __ptr_;
        -: 5353:    return __r;
        -: 5354:}
        -: 5355:
        -: 5356:template <class _Tp> struct owner_less;
        -: 5357:
        -: 5358:template <class _Tp>
        -: 5359:struct _LIBCPP_TYPE_VIS_ONLY owner_less<shared_ptr<_Tp> >
        -: 5360:    : binary_function<shared_ptr<_Tp>, shared_ptr<_Tp>, bool>
        -: 5361:{
        -: 5362:    typedef bool result_type;
        -: 5363:    _LIBCPP_INLINE_VISIBILITY
        -: 5364:    bool operator()(shared_ptr<_Tp> const& __x, shared_ptr<_Tp> const& __y) const
        -: 5365:        {return __x.owner_before(__y);}
        -: 5366:    _LIBCPP_INLINE_VISIBILITY
        -: 5367:    bool operator()(shared_ptr<_Tp> const& __x,   weak_ptr<_Tp> const& __y) const
        -: 5368:        {return __x.owner_before(__y);}
        -: 5369:    _LIBCPP_INLINE_VISIBILITY
        -: 5370:    bool operator()(  weak_ptr<_Tp> const& __x, shared_ptr<_Tp> const& __y) const
        -: 5371:        {return __x.owner_before(__y);}
        -: 5372:};
        -: 5373:
        -: 5374:template <class _Tp>
        -: 5375:struct _LIBCPP_TYPE_VIS_ONLY owner_less<weak_ptr<_Tp> >
        -: 5376:    : binary_function<weak_ptr<_Tp>, weak_ptr<_Tp>, bool>
        -: 5377:{
        -: 5378:    typedef bool result_type;
        -: 5379:    _LIBCPP_INLINE_VISIBILITY
        -: 5380:    bool operator()(  weak_ptr<_Tp> const& __x,   weak_ptr<_Tp> const& __y) const
        -: 5381:        {return __x.owner_before(__y);}
        -: 5382:    _LIBCPP_INLINE_VISIBILITY
        -: 5383:    bool operator()(shared_ptr<_Tp> const& __x,   weak_ptr<_Tp> const& __y) const
        -: 5384:        {return __x.owner_before(__y);}
        -: 5385:    _LIBCPP_INLINE_VISIBILITY
        -: 5386:    bool operator()(  weak_ptr<_Tp> const& __x, shared_ptr<_Tp> const& __y) const
        -: 5387:        {return __x.owner_before(__y);}
        -: 5388:};
        -: 5389:
        -: 5390:template<class _Tp>
        -: 5391:class _LIBCPP_TYPE_VIS_ONLY enable_shared_from_this
        -: 5392:{
        -: 5393:    mutable weak_ptr<_Tp> __weak_this_;
        -: 5394:protected:
        -: 5395:    _LIBCPP_INLINE_VISIBILITY _LIBCPP_CONSTEXPR
        -: 5396:    enable_shared_from_this() _NOEXCEPT {}
        -: 5397:    _LIBCPP_INLINE_VISIBILITY
        -: 5398:    enable_shared_from_this(enable_shared_from_this const&) _NOEXCEPT {}
        -: 5399:    _LIBCPP_INLINE_VISIBILITY
        -: 5400:    enable_shared_from_this& operator=(enable_shared_from_this const&) _NOEXCEPT
        -: 5401:        {return *this;}
        -: 5402:    _LIBCPP_INLINE_VISIBILITY
        -: 5403:    ~enable_shared_from_this() {}
        -: 5404:public:
        -: 5405:    _LIBCPP_INLINE_VISIBILITY
        -: 5406:    shared_ptr<_Tp> shared_from_this()
        -: 5407:        {return shared_ptr<_Tp>(__weak_this_);}
        -: 5408:    _LIBCPP_INLINE_VISIBILITY
        -: 5409:    shared_ptr<_Tp const> shared_from_this() const
        -: 5410:        {return shared_ptr<const _Tp>(__weak_this_);}
        -: 5411:
        -: 5412:    template <class _Up> friend class shared_ptr;
        -: 5413:};
        -: 5414:
        -: 5415:template <class _Tp>
        -: 5416:struct _LIBCPP_TYPE_VIS_ONLY hash<shared_ptr<_Tp> >
        -: 5417:{
        -: 5418:    typedef shared_ptr<_Tp>      argument_type;
        -: 5419:    typedef size_t               result_type;
        -: 5420:    _LIBCPP_INLINE_VISIBILITY
        -: 5421:    result_type operator()(const argument_type& __ptr) const _NOEXCEPT
        -: 5422:    {
        -: 5423:        return hash<_Tp*>()(__ptr.get());
        -: 5424:    }
        -: 5425:};
        -: 5426:
        -: 5427:template<class _CharT, class _Traits, class _Yp>
        -: 5428:inline _LIBCPP_INLINE_VISIBILITY
        -: 5429:basic_ostream<_CharT, _Traits>&
        -: 5430:operator<<(basic_ostream<_CharT, _Traits>& __os, shared_ptr<_Yp> const& __p);
        -: 5431:
        -: 5432:#if __has_feature(cxx_atomic) && !defined(_LIBCPP_HAS_NO_THREADS)
        -: 5433:
        -: 5434:class _LIBCPP_TYPE_VIS __sp_mut
        -: 5435:{
        -: 5436:    void* __lx;
        -: 5437:public:
        -: 5438:    void lock() _NOEXCEPT;
        -: 5439:    void unlock() _NOEXCEPT;
        -: 5440:
        -: 5441:private:
        -: 5442:    _LIBCPP_CONSTEXPR __sp_mut(void*) _NOEXCEPT;
        -: 5443:    __sp_mut(const __sp_mut&);
        -: 5444:    __sp_mut& operator=(const __sp_mut&);
        -: 5445:
        -: 5446:    friend _LIBCPP_FUNC_VIS __sp_mut& __get_sp_mut(const void*);
        -: 5447:};
        -: 5448:
        -: 5449:_LIBCPP_FUNC_VIS _LIBCPP_AVAILABILITY_ATOMIC_SHARED_PTR
        -: 5450:__sp_mut& __get_sp_mut(const void*);
        -: 5451:
        -: 5452:template <class _Tp>
        -: 5453:inline _LIBCPP_INLINE_VISIBILITY
        -: 5454:bool
        -: 5455:atomic_is_lock_free(const shared_ptr<_Tp>*)
        -: 5456:{
        -: 5457:    return false;
        -: 5458:}
        -: 5459:
        -: 5460:template <class _Tp>
        -: 5461:_LIBCPP_AVAILABILITY_ATOMIC_SHARED_PTR
        -: 5462:shared_ptr<_Tp>
        -: 5463:atomic_load(const shared_ptr<_Tp>* __p)
        -: 5464:{
        -: 5465:    __sp_mut& __m = __get_sp_mut(__p);
        -: 5466:    __m.lock();
        -: 5467:    shared_ptr<_Tp> __q = *__p;
        -: 5468:    __m.unlock();
        -: 5469:    return __q;
        -: 5470:}
        -: 5471:  
        -: 5472:template <class _Tp>
        -: 5473:inline _LIBCPP_INLINE_VISIBILITY
        -: 5474:_LIBCPP_AVAILABILITY_ATOMIC_SHARED_PTR
        -: 5475:shared_ptr<_Tp>
        -: 5476:atomic_load_explicit(const shared_ptr<_Tp>* __p, memory_order)
        -: 5477:{
        -: 5478:    return atomic_load(__p);
        -: 5479:}
        -: 5480:
        -: 5481:template <class _Tp>
        -: 5482:_LIBCPP_AVAILABILITY_ATOMIC_SHARED_PTR
        -: 5483:void
        -: 5484:atomic_store(shared_ptr<_Tp>* __p, shared_ptr<_Tp> __r)
        -: 5485:{
        -: 5486:    __sp_mut& __m = __get_sp_mut(__p);
        -: 5487:    __m.lock();
        -: 5488:    __p->swap(__r);
        -: 5489:    __m.unlock();
        -: 5490:}
        -: 5491:
        -: 5492:template <class _Tp>
        -: 5493:inline _LIBCPP_INLINE_VISIBILITY
        -: 5494:_LIBCPP_AVAILABILITY_ATOMIC_SHARED_PTR
        -: 5495:void
        -: 5496:atomic_store_explicit(shared_ptr<_Tp>* __p, shared_ptr<_Tp> __r, memory_order)
        -: 5497:{
        -: 5498:    atomic_store(__p, __r);
        -: 5499:}
        -: 5500:
        -: 5501:template <class _Tp>
        -: 5502:_LIBCPP_AVAILABILITY_ATOMIC_SHARED_PTR
        -: 5503:shared_ptr<_Tp>
        -: 5504:atomic_exchange(shared_ptr<_Tp>* __p, shared_ptr<_Tp> __r)
        -: 5505:{
        -: 5506:    __sp_mut& __m = __get_sp_mut(__p);
        -: 5507:    __m.lock();
        -: 5508:    __p->swap(__r);
        -: 5509:    __m.unlock();
        -: 5510:    return __r;
        -: 5511:}
        -: 5512:  
        -: 5513:template <class _Tp>
        -: 5514:inline _LIBCPP_INLINE_VISIBILITY
        -: 5515:_LIBCPP_AVAILABILITY_ATOMIC_SHARED_PTR
        -: 5516:shared_ptr<_Tp>
        -: 5517:atomic_exchange_explicit(shared_ptr<_Tp>* __p, shared_ptr<_Tp> __r, memory_order)
        -: 5518:{
        -: 5519:    return atomic_exchange(__p, __r);
        -: 5520:}
        -: 5521:
        -: 5522:template <class _Tp>
        -: 5523:_LIBCPP_AVAILABILITY_ATOMIC_SHARED_PTR
        -: 5524:bool
        -: 5525:atomic_compare_exchange_strong(shared_ptr<_Tp>* __p, shared_ptr<_Tp>* __v, shared_ptr<_Tp> __w)
        -: 5526:{
        -: 5527:    __sp_mut& __m = __get_sp_mut(__p);
        -: 5528:    __m.lock();
        -: 5529:    if (__p->__owner_equivalent(*__v))
        -: 5530:    {
        -: 5531:        *__p = __w;
        -: 5532:        __m.unlock();
        -: 5533:        return true;
        -: 5534:    }
        -: 5535:    *__v = *__p;
        -: 5536:    __m.unlock();
        -: 5537:    return false;
        -: 5538:}
        -: 5539:
        -: 5540:template <class _Tp>
        -: 5541:inline _LIBCPP_INLINE_VISIBILITY
        -: 5542:_LIBCPP_AVAILABILITY_ATOMIC_SHARED_PTR
        -: 5543:bool
        -: 5544:atomic_compare_exchange_weak(shared_ptr<_Tp>* __p, shared_ptr<_Tp>* __v, shared_ptr<_Tp> __w)
        -: 5545:{
        -: 5546:    return atomic_compare_exchange_strong(__p, __v, __w);
        -: 5547:}
        -: 5548:
        -: 5549:template <class _Tp>
        -: 5550:inline _LIBCPP_INLINE_VISIBILITY
        -: 5551:_LIBCPP_AVAILABILITY_ATOMIC_SHARED_PTR
        -: 5552:bool
        -: 5553:atomic_compare_exchange_strong_explicit(shared_ptr<_Tp>* __p, shared_ptr<_Tp>* __v,
        -: 5554:                                        shared_ptr<_Tp> __w, memory_order, memory_order)
        -: 5555:{
        -: 5556:    return atomic_compare_exchange_strong(__p, __v, __w);
        -: 5557:}
        -: 5558:
        -: 5559:template <class _Tp>
        -: 5560:inline _LIBCPP_INLINE_VISIBILITY
        -: 5561:_LIBCPP_AVAILABILITY_ATOMIC_SHARED_PTR
        -: 5562:bool
        -: 5563:atomic_compare_exchange_weak_explicit(shared_ptr<_Tp>* __p, shared_ptr<_Tp>* __v,
        -: 5564:                                      shared_ptr<_Tp> __w, memory_order, memory_order)
        -: 5565:{
        -: 5566:    return atomic_compare_exchange_weak(__p, __v, __w);
        -: 5567:}
        -: 5568:
        -: 5569:#endif  // __has_feature(cxx_atomic) && !defined(_LIBCPP_HAS_NO_THREADS)
        -: 5570:
        -: 5571://enum class
        -: 5572:struct _LIBCPP_TYPE_VIS pointer_safety
        -: 5573:{
        -: 5574:    enum __lx
        -: 5575:    {
        -: 5576:        relaxed,
        -: 5577:        preferred,
        -: 5578:        strict
        -: 5579:    };
        -: 5580:
        -: 5581:    __lx __v_;
        -: 5582:
        -: 5583:    _LIBCPP_INLINE_VISIBILITY
        -: 5584:    pointer_safety(__lx __v) : __v_(__v) {}
        -: 5585:    _LIBCPP_INLINE_VISIBILITY
        -: 5586:    operator int() const {return __v_;}
        -: 5587:};
        -: 5588:
        -: 5589:_LIBCPP_FUNC_VIS void declare_reachable(void* __p);
        -: 5590:_LIBCPP_FUNC_VIS void declare_no_pointers(char* __p, size_t __n);
        -: 5591:_LIBCPP_FUNC_VIS void undeclare_no_pointers(char* __p, size_t __n);
        -: 5592:_LIBCPP_FUNC_VIS pointer_safety get_pointer_safety() _NOEXCEPT;
        -: 5593:_LIBCPP_FUNC_VIS void* __undeclare_reachable(void* __p);
        -: 5594:
        -: 5595:template <class _Tp>
        -: 5596:inline _LIBCPP_INLINE_VISIBILITY
        -: 5597:_Tp*
        -: 5598:undeclare_reachable(_Tp* __p)
        -: 5599:{
        -: 5600:    return static_cast<_Tp*>(__undeclare_reachable(__p));
        -: 5601:}
        -: 5602:
        -: 5603:_LIBCPP_FUNC_VIS void* align(size_t __align, size_t __sz, void*& __ptr, size_t& __space);
        -: 5604:
        -: 5605:// --- Helper for container swap --
        -: 5606:template <typename _Alloc>
        -: 5607:_LIBCPP_INLINE_VISIBILITY
        -: 5608:void __swap_allocator(_Alloc & __a1, _Alloc & __a2)
        -: 5609:#if _LIBCPP_STD_VER >= 14
        -: 5610:    _NOEXCEPT
        -: 5611:#else
        -: 5612:    _NOEXCEPT_(__is_nothrow_swappable<_Alloc>::value)
        -: 5613:#endif
        -: 5614:{
        -: 5615:    __swap_allocator(__a1, __a2, 
        -: 5616:      integral_constant<bool, _VSTD::allocator_traits<_Alloc>::propagate_on_container_swap::value>());
        -: 5617:}
        -: 5618:
        -: 5619:template <typename _Alloc>
        -: 5620:_LIBCPP_INLINE_VISIBILITY
        -: 5621:void __swap_allocator(_Alloc & __a1, _Alloc & __a2, true_type)
        -: 5622:#if _LIBCPP_STD_VER >= 14
        -: 5623:    _NOEXCEPT
        -: 5624:#else
        -: 5625:    _NOEXCEPT_(__is_nothrow_swappable<_Alloc>::value)
        -: 5626:#endif
        -: 5627:{
        -: 5628:    using _VSTD::swap;
        -: 5629:    swap(__a1, __a2);
        -: 5630:}
        -: 5631:
        -: 5632:template <typename _Alloc>
        -: 5633:_LIBCPP_INLINE_VISIBILITY
        -: 5634:void __swap_allocator(_Alloc &, _Alloc &, false_type) _NOEXCEPT {}
        -: 5635:
        -: 5636:
        -: 5637:_LIBCPP_END_NAMESPACE_STD
        -: 5638:
        -: 5639:#endif  // _LIBCPP_MEMORY
