        -:    0:Source:/Applications/Xcode.app/Contents/Developer/Toolchains/XcodeDefault.xctoolchain/usr/bin/../include/c++/v1/string
        -:    0:Graph:./CMakeFiles/Multimap.dir/main.gcno
        -:    0:Data:./CMakeFiles/Multimap.dir/main.gcda
        -:    0:Runs:4
        -:    0:Programs:1
        -:    1:// -*- C++ -*-
        -:    2://===--------------------------- string -----------------------------------===//
        -:    3://
        -:    4://                     The LLVM Compiler Infrastructure
        -:    5://
        -:    6:// This file is distributed under the University of Illinois Open Source
        -:    7:// License. See LICENSE.TXT for details.
        -:    8://
        -:    9://===----------------------------------------------------------------------===//
        -:   10:
        -:   11:#ifndef _LIBCPP_STRING
        -:   12:#define _LIBCPP_STRING
        -:   13:
        -:   14:/*
        -:   15:    string synopsis
        -:   16:
        -:   17:namespace std
        -:   18:{
        -:   19:
        -:   20:template <class stateT>
        -:   21:class fpos
        -:   22:{
        -:   23:private:
        -:   24:    stateT st;
        -:   25:public:
        -:   26:    fpos(streamoff = streamoff());
        -:   27:
        -:   28:    operator streamoff() const;
        -:   29:
        -:   30:    stateT state() const;
        -:   31:    void state(stateT);
        -:   32:
        -:   33:    fpos& operator+=(streamoff);
        -:   34:    fpos  operator+ (streamoff) const;
        -:   35:    fpos& operator-=(streamoff);
        -:   36:    fpos  operator- (streamoff) const;
        -:   37:};
        -:   38:
        -:   39:template <class stateT> streamoff operator-(const fpos<stateT>& x, const fpos<stateT>& y);
        -:   40:
        -:   41:template <class stateT> bool operator==(const fpos<stateT>& x, const fpos<stateT>& y);
        -:   42:template <class stateT> bool operator!=(const fpos<stateT>& x, const fpos<stateT>& y);
        -:   43:
        -:   44:template <class charT>
        -:   45:struct char_traits
        -:   46:{
        -:   47:    typedef charT     char_type;
        -:   48:    typedef ...       int_type;
        -:   49:    typedef streamoff off_type;
        -:   50:    typedef streampos pos_type;
        -:   51:    typedef mbstate_t state_type;
        -:   52:
        -:   53:    static void assign(char_type& c1, const char_type& c2) noexcept;
        -:   54:    static constexpr bool eq(char_type c1, char_type c2) noexcept;
        -:   55:    static constexpr bool lt(char_type c1, char_type c2) noexcept;
        -:   56:
        -:   57:    static int              compare(const char_type* s1, const char_type* s2, size_t n);
        -:   58:    static size_t           length(const char_type* s);
        -:   59:    static const char_type* find(const char_type* s, size_t n, const char_type& a);
        -:   60:    static char_type*       move(char_type* s1, const char_type* s2, size_t n);
        -:   61:    static char_type*       copy(char_type* s1, const char_type* s2, size_t n);
        -:   62:    static char_type*       assign(char_type* s, size_t n, char_type a);
        -:   63:
        -:   64:    static constexpr int_type  not_eof(int_type c) noexcept;
        -:   65:    static constexpr char_type to_char_type(int_type c) noexcept;
        -:   66:    static constexpr int_type  to_int_type(char_type c) noexcept;
        -:   67:    static constexpr bool      eq_int_type(int_type c1, int_type c2) noexcept;
        -:   68:    static constexpr int_type  eof() noexcept;
        -:   69:};
        -:   70:
        -:   71:template <> struct char_traits<char>;
        -:   72:template <> struct char_traits<wchar_t>;
        -:   73:
        -:   74:template<class charT, class traits = char_traits<charT>, class Allocator = allocator<charT> >
        -:   75:class basic_string
        -:   76:{
        -:   77:public:
        -:   78:// types:
        -:   79:    typedef traits traits_type;
        -:   80:    typedef typename traits_type::char_type value_type;
        -:   81:    typedef Allocator allocator_type;
        -:   82:    typedef typename allocator_type::size_type size_type;
        -:   83:    typedef typename allocator_type::difference_type difference_type;
        -:   84:    typedef typename allocator_type::reference reference;
        -:   85:    typedef typename allocator_type::const_reference const_reference;
        -:   86:    typedef typename allocator_type::pointer pointer;
        -:   87:    typedef typename allocator_type::const_pointer const_pointer;
        -:   88:    typedef implementation-defined iterator;
        -:   89:    typedef implementation-defined const_iterator;
        -:   90:    typedef std::reverse_iterator<iterator> reverse_iterator;
        -:   91:    typedef std::reverse_iterator<const_iterator> const_reverse_iterator;
        -:   92:
        -:   93:    static const size_type npos = -1;
        -:   94:
        -:   95:    basic_string()
        -:   96:        noexcept(is_nothrow_default_constructible<allocator_type>::value);
        -:   97:    explicit basic_string(const allocator_type& a);
        -:   98:    basic_string(const basic_string& str);
        -:   99:    basic_string(basic_string&& str)
        -:  100:        noexcept(is_nothrow_move_constructible<allocator_type>::value);
        -:  101:    basic_string(const basic_string& str, size_type pos, size_type n = npos,
        -:  102:                 const allocator_type& a = allocator_type());
        -:  103:    basic_string(const value_type* s, const allocator_type& a = allocator_type());
        -:  104:    basic_string(const value_type* s, size_type n, const allocator_type& a = allocator_type());
        -:  105:    basic_string(size_type n, value_type c, const allocator_type& a = allocator_type());
        -:  106:    template<class InputIterator>
        -:  107:        basic_string(InputIterator begin, InputIterator end,
        -:  108:                     const allocator_type& a = allocator_type());
        -:  109:    basic_string(initializer_list<value_type>, const Allocator& = Allocator());
        -:  110:    basic_string(const basic_string&, const Allocator&);
        -:  111:    basic_string(basic_string&&, const Allocator&);
        -:  112:
        -:  113:    ~basic_string();
        -:  114:
        -:  115:    basic_string& operator=(const basic_string& str);
        -:  116:    basic_string& operator=(basic_string&& str)
        -:  117:        noexcept(
        -:  118:             allocator_type::propagate_on_container_move_assignment::value &&
        -:  119:             is_nothrow_move_assignable<allocator_type>::value);
        -:  120:    basic_string& operator=(const value_type* s);
        -:  121:    basic_string& operator=(value_type c);
        -:  122:    basic_string& operator=(initializer_list<value_type>);
        -:  123:
        -:  124:    iterator       begin() noexcept;
        -:  125:    const_iterator begin() const noexcept;
        -:  126:    iterator       end() noexcept;
        -:  127:    const_iterator end() const noexcept;
        -:  128:
        -:  129:    reverse_iterator       rbegin() noexcept;
        -:  130:    const_reverse_iterator rbegin() const noexcept;
        -:  131:    reverse_iterator       rend() noexcept;
        -:  132:    const_reverse_iterator rend() const noexcept;
        -:  133:
        -:  134:    const_iterator         cbegin() const noexcept;
        -:  135:    const_iterator         cend() const noexcept;
        -:  136:    const_reverse_iterator crbegin() const noexcept;
        -:  137:    const_reverse_iterator crend() const noexcept;
        -:  138:
        -:  139:    size_type size() const noexcept;
        -:  140:    size_type length() const noexcept;
        -:  141:    size_type max_size() const noexcept;
        -:  142:    size_type capacity() const noexcept;
        -:  143:
        -:  144:    void resize(size_type n, value_type c);
        -:  145:    void resize(size_type n);
        -:  146:
        -:  147:    void reserve(size_type res_arg = 0);
        -:  148:    void shrink_to_fit();
        -:  149:    void clear() noexcept;
        -:  150:    bool empty() const noexcept;
        -:  151:
        -:  152:    const_reference operator[](size_type pos) const;
        -:  153:    reference       operator[](size_type pos);
        -:  154:
        -:  155:    const_reference at(size_type n) const;
        -:  156:    reference       at(size_type n);
        -:  157:
        -:  158:    basic_string& operator+=(const basic_string& str);
        -:  159:    basic_string& operator+=(const value_type* s);
        -:  160:    basic_string& operator+=(value_type c);
        -:  161:    basic_string& operator+=(initializer_list<value_type>);
        -:  162:
        -:  163:    basic_string& append(const basic_string& str);
        -:  164:    basic_string& append(const basic_string& str, size_type pos, size_type n=npos); //C++14
        -:  165:    basic_string& append(const value_type* s, size_type n);
        -:  166:    basic_string& append(const value_type* s);
        -:  167:    basic_string& append(size_type n, value_type c);
        -:  168:    template<class InputIterator>
        -:  169:        basic_string& append(InputIterator first, InputIterator last);
        -:  170:    basic_string& append(initializer_list<value_type>);
        -:  171:
        -:  172:    void push_back(value_type c);
        -:  173:    void pop_back();
        -:  174:    reference       front();
        -:  175:    const_reference front() const;
        -:  176:    reference       back();
        -:  177:    const_reference back() const;
        -:  178:
        -:  179:    basic_string& assign(const basic_string& str);
        -:  180:    basic_string& assign(basic_string&& str);
        -:  181:    basic_string& assign(const basic_string& str, size_type pos, size_type n=npos); // C++14
        -:  182:    basic_string& assign(const value_type* s, size_type n);
        -:  183:    basic_string& assign(const value_type* s);
        -:  184:    basic_string& assign(size_type n, value_type c);
        -:  185:    template<class InputIterator>
        -:  186:        basic_string& assign(InputIterator first, InputIterator last);
        -:  187:    basic_string& assign(initializer_list<value_type>);
        -:  188:
        -:  189:    basic_string& insert(size_type pos1, const basic_string& str);
        -:  190:    basic_string& insert(size_type pos1, const basic_string& str,
        -:  191:                         size_type pos2, size_type n);
        -:  192:    basic_string& insert(size_type pos, const value_type* s, size_type n=npos); //C++14
        -:  193:    basic_string& insert(size_type pos, const value_type* s);
        -:  194:    basic_string& insert(size_type pos, size_type n, value_type c);
        -:  195:    iterator      insert(const_iterator p, value_type c);
        -:  196:    iterator      insert(const_iterator p, size_type n, value_type c);
        -:  197:    template<class InputIterator>
        -:  198:        iterator insert(const_iterator p, InputIterator first, InputIterator last);
        -:  199:    iterator      insert(const_iterator p, initializer_list<value_type>);
        -:  200:
        -:  201:    basic_string& erase(size_type pos = 0, size_type n = npos);
        -:  202:    iterator      erase(const_iterator position);
        -:  203:    iterator      erase(const_iterator first, const_iterator last);
        -:  204:
        -:  205:    basic_string& replace(size_type pos1, size_type n1, const basic_string& str);
        -:  206:    basic_string& replace(size_type pos1, size_type n1, const basic_string& str,
        -:  207:                          size_type pos2, size_type n2=npos); // C++14
        -:  208:    basic_string& replace(size_type pos, size_type n1, const value_type* s, size_type n2);
        -:  209:    basic_string& replace(size_type pos, size_type n1, const value_type* s);
        -:  210:    basic_string& replace(size_type pos, size_type n1, size_type n2, value_type c);
        -:  211:    basic_string& replace(const_iterator i1, const_iterator i2, const basic_string& str);
        -:  212:    basic_string& replace(const_iterator i1, const_iterator i2, const value_type* s, size_type n);
        -:  213:    basic_string& replace(const_iterator i1, const_iterator i2, const value_type* s);
        -:  214:    basic_string& replace(const_iterator i1, const_iterator i2, size_type n, value_type c);
        -:  215:    template<class InputIterator>
        -:  216:        basic_string& replace(const_iterator i1, const_iterator i2, InputIterator j1, InputIterator j2);
        -:  217:    basic_string& replace(const_iterator i1, const_iterator i2, initializer_list<value_type>);
        -:  218:
        -:  219:    size_type copy(value_type* s, size_type n, size_type pos = 0) const;
        -:  220:    basic_string substr(size_type pos = 0, size_type n = npos) const;
        -:  221:
        -:  222:    void swap(basic_string& str)
        -:  223:        noexcept(allocator_traits<allocator_type>::propagate_on_container_swap::value ||
        -:  224:                 allocator_traits<allocator_type>::is_always_equal::value);  // C++17
        -:  225:
        -:  226:    const value_type* c_str() const noexcept;
        -:  227:    const value_type* data() const noexcept;
        -:  228:
        -:  229:    allocator_type get_allocator() const noexcept;
        -:  230:
        -:  231:    size_type find(const basic_string& str, size_type pos = 0) const noexcept;
        -:  232:    size_type find(const value_type* s, size_type pos, size_type n) const noexcept;
        -:  233:    size_type find(const value_type* s, size_type pos = 0) const noexcept;
        -:  234:    size_type find(value_type c, size_type pos = 0) const noexcept;
        -:  235:
        -:  236:    size_type rfind(const basic_string& str, size_type pos = npos) const noexcept;
        -:  237:    size_type rfind(const value_type* s, size_type pos, size_type n) const noexcept;
        -:  238:    size_type rfind(const value_type* s, size_type pos = npos) const noexcept;
        -:  239:    size_type rfind(value_type c, size_type pos = npos) const noexcept;
        -:  240:
        -:  241:    size_type find_first_of(const basic_string& str, size_type pos = 0) const noexcept;
        -:  242:    size_type find_first_of(const value_type* s, size_type pos, size_type n) const noexcept;
        -:  243:    size_type find_first_of(const value_type* s, size_type pos = 0) const noexcept;
        -:  244:    size_type find_first_of(value_type c, size_type pos = 0) const noexcept;
        -:  245:
        -:  246:    size_type find_last_of(const basic_string& str, size_type pos = npos) const noexcept;
        -:  247:    size_type find_last_of(const value_type* s, size_type pos, size_type n) const noexcept;
        -:  248:    size_type find_last_of(const value_type* s, size_type pos = npos) const noexcept;
        -:  249:    size_type find_last_of(value_type c, size_type pos = npos) const noexcept;
        -:  250:
        -:  251:    size_type find_first_not_of(const basic_string& str, size_type pos = 0) const noexcept;
        -:  252:    size_type find_first_not_of(const value_type* s, size_type pos, size_type n) const noexcept;
        -:  253:    size_type find_first_not_of(const value_type* s, size_type pos = 0) const noexcept;
        -:  254:    size_type find_first_not_of(value_type c, size_type pos = 0) const noexcept;
        -:  255:
        -:  256:    size_type find_last_not_of(const basic_string& str, size_type pos = npos) const noexcept;
        -:  257:    size_type find_last_not_of(const value_type* s, size_type pos, size_type n) const noexcept;
        -:  258:    size_type find_last_not_of(const value_type* s, size_type pos = npos) const noexcept;
        -:  259:    size_type find_last_not_of(value_type c, size_type pos = npos) const noexcept;
        -:  260:
        -:  261:    int compare(const basic_string& str) const noexcept;
        -:  262:    int compare(size_type pos1, size_type n1, const basic_string& str) const;
        -:  263:    int compare(size_type pos1, size_type n1, const basic_string& str,
        -:  264:                size_type pos2, size_type n2=npos) const; // C++14
        -:  265:    int compare(const value_type* s) const noexcept;
        -:  266:    int compare(size_type pos1, size_type n1, const value_type* s) const;
        -:  267:    int compare(size_type pos1, size_type n1, const value_type* s, size_type n2) const;
        -:  268:
        -:  269:    bool __invariants() const;
        -:  270:};
        -:  271:
        -:  272:template<class charT, class traits, class Allocator>
        -:  273:basic_string<charT, traits, Allocator>
        -:  274:operator+(const basic_string<charT, traits, Allocator>& lhs,
        -:  275:          const basic_string<charT, traits, Allocator>& rhs);
        -:  276:
        -:  277:template<class charT, class traits, class Allocator>
        -:  278:basic_string<charT, traits, Allocator>
        -:  279:operator+(const charT* lhs , const basic_string<charT,traits,Allocator>&rhs);
        -:  280:
        -:  281:template<class charT, class traits, class Allocator>
        -:  282:basic_string<charT, traits, Allocator>
        -:  283:operator+(charT lhs, const basic_string<charT,traits,Allocator>& rhs);
        -:  284:
        -:  285:template<class charT, class traits, class Allocator>
        -:  286:basic_string<charT, traits, Allocator>
        -:  287:operator+(const basic_string<charT, traits, Allocator>& lhs, const charT* rhs);
        -:  288:
        -:  289:template<class charT, class traits, class Allocator>
        -:  290:basic_string<charT, traits, Allocator>
        -:  291:operator+(const basic_string<charT, traits, Allocator>& lhs, charT rhs);
        -:  292:
        -:  293:template<class charT, class traits, class Allocator>
        -:  294:bool operator==(const basic_string<charT, traits, Allocator>& lhs,
        -:  295:                const basic_string<charT, traits, Allocator>& rhs) noexcept;
        -:  296:
        -:  297:template<class charT, class traits, class Allocator>
        -:  298:bool operator==(const charT* lhs, const basic_string<charT, traits, Allocator>& rhs) noexcept;
        -:  299:
        -:  300:template<class charT, class traits, class Allocator>
        -:  301:bool operator==(const basic_string<charT,traits,Allocator>& lhs, const charT* rhs) noexcept;
        -:  302:
        -:  303:template<class charT, class traits, class Allocator>
        -:  304:bool operator!=(const basic_string<charT,traits,Allocator>& lhs,
        -:  305:                const basic_string<charT, traits, Allocator>& rhs) noexcept;
        -:  306:
        -:  307:template<class charT, class traits, class Allocator>
        -:  308:bool operator!=(const charT* lhs, const basic_string<charT, traits, Allocator>& rhs) noexcept;
        -:  309:
        -:  310:template<class charT, class traits, class Allocator>
        -:  311:bool operator!=(const basic_string<charT, traits, Allocator>& lhs, const charT* rhs) noexcept;
        -:  312:
        -:  313:template<class charT, class traits, class Allocator>
        -:  314:bool operator< (const basic_string<charT, traits, Allocator>& lhs,
        -:  315:                const basic_string<charT, traits, Allocator>& rhs) noexcept;
        -:  316:
        -:  317:template<class charT, class traits, class Allocator>
        -:  318:bool operator< (const basic_string<charT, traits, Allocator>& lhs, const charT* rhs) noexcept;
        -:  319:
        -:  320:template<class charT, class traits, class Allocator>
        -:  321:bool operator< (const charT* lhs, const basic_string<charT, traits, Allocator>& rhs) noexcept;
        -:  322:
        -:  323:template<class charT, class traits, class Allocator>
        -:  324:bool operator> (const basic_string<charT, traits, Allocator>& lhs,
        -:  325:                const basic_string<charT, traits, Allocator>& rhs) noexcept;
        -:  326:
        -:  327:template<class charT, class traits, class Allocator>
        -:  328:bool operator> (const basic_string<charT, traits, Allocator>& lhs, const charT* rhs) noexcept;
        -:  329:
        -:  330:template<class charT, class traits, class Allocator>
        -:  331:bool operator> (const charT* lhs, const basic_string<charT, traits, Allocator>& rhs) noexcept;
        -:  332:
        -:  333:template<class charT, class traits, class Allocator>
        -:  334:bool operator<=(const basic_string<charT, traits, Allocator>& lhs,
        -:  335:                const basic_string<charT, traits, Allocator>& rhs) noexcept;
        -:  336:
        -:  337:template<class charT, class traits, class Allocator>
        -:  338:bool operator<=(const basic_string<charT, traits, Allocator>& lhs, const charT* rhs) noexcept;
        -:  339:
        -:  340:template<class charT, class traits, class Allocator>
        -:  341:bool operator<=(const charT* lhs, const basic_string<charT, traits, Allocator>& rhs) noexcept;
        -:  342:
        -:  343:template<class charT, class traits, class Allocator>
        -:  344:bool operator>=(const basic_string<charT, traits, Allocator>& lhs,
        -:  345:                const basic_string<charT, traits, Allocator>& rhs) noexcept;
        -:  346:
        -:  347:template<class charT, class traits, class Allocator>
        -:  348:bool operator>=(const basic_string<charT, traits, Allocator>& lhs, const charT* rhs) noexcept;
        -:  349:
        -:  350:template<class charT, class traits, class Allocator>
        -:  351:bool operator>=(const charT* lhs, const basic_string<charT, traits, Allocator>& rhs) noexcept;
        -:  352:
        -:  353:template<class charT, class traits, class Allocator>
        -:  354:void swap(basic_string<charT, traits, Allocator>& lhs,
        -:  355:          basic_string<charT, traits, Allocator>& rhs)
        -:  356:            noexcept(noexcept(lhs.swap(rhs)));
        -:  357:
        -:  358:template<class charT, class traits, class Allocator>
        -:  359:basic_istream<charT, traits>&
        -:  360:operator>>(basic_istream<charT, traits>& is, basic_string<charT, traits, Allocator>& str);
        -:  361:
        -:  362:template<class charT, class traits, class Allocator>
        -:  363:basic_ostream<charT, traits>&
        -:  364:operator<<(basic_ostream<charT, traits>& os, const basic_string<charT, traits, Allocator>& str);
        -:  365:
        -:  366:template<class charT, class traits, class Allocator>
        -:  367:basic_istream<charT, traits>&
        -:  368:getline(basic_istream<charT, traits>& is, basic_string<charT, traits, Allocator>& str,
        -:  369:        charT delim);
        -:  370:
        -:  371:template<class charT, class traits, class Allocator>
        -:  372:basic_istream<charT, traits>&
        -:  373:getline(basic_istream<charT, traits>& is, basic_string<charT, traits, Allocator>& str);
        -:  374:
        -:  375:typedef basic_string<char>    string;
        -:  376:typedef basic_string<wchar_t> wstring;
        -:  377:typedef basic_string<char16_t> u16string;
        -:  378:typedef basic_string<char32_t> u32string;
        -:  379:
        -:  380:int                stoi  (const string& str, size_t* idx = 0, int base = 10);
        -:  381:long               stol  (const string& str, size_t* idx = 0, int base = 10);
        -:  382:unsigned long      stoul (const string& str, size_t* idx = 0, int base = 10);
        -:  383:long long          stoll (const string& str, size_t* idx = 0, int base = 10);
        -:  384:unsigned long long stoull(const string& str, size_t* idx = 0, int base = 10);
        -:  385:
        -:  386:float       stof (const string& str, size_t* idx = 0);
        -:  387:double      stod (const string& str, size_t* idx = 0);
        -:  388:long double stold(const string& str, size_t* idx = 0);
        -:  389:
        -:  390:string to_string(int val);
        -:  391:string to_string(unsigned val);
        -:  392:string to_string(long val);
        -:  393:string to_string(unsigned long val);
        -:  394:string to_string(long long val);
        -:  395:string to_string(unsigned long long val);
        -:  396:string to_string(float val);
        -:  397:string to_string(double val);
        -:  398:string to_string(long double val);
        -:  399:
        -:  400:int                stoi  (const wstring& str, size_t* idx = 0, int base = 10);
        -:  401:long               stol  (const wstring& str, size_t* idx = 0, int base = 10);
        -:  402:unsigned long      stoul (const wstring& str, size_t* idx = 0, int base = 10);
        -:  403:long long          stoll (const wstring& str, size_t* idx = 0, int base = 10);
        -:  404:unsigned long long stoull(const wstring& str, size_t* idx = 0, int base = 10);
        -:  405:
        -:  406:float       stof (const wstring& str, size_t* idx = 0);
        -:  407:double      stod (const wstring& str, size_t* idx = 0);
        -:  408:long double stold(const wstring& str, size_t* idx = 0);
        -:  409:
        -:  410:wstring to_wstring(int val);
        -:  411:wstring to_wstring(unsigned val);
        -:  412:wstring to_wstring(long val);
        -:  413:wstring to_wstring(unsigned long val);
        -:  414:wstring to_wstring(long long val);
        -:  415:wstring to_wstring(unsigned long long val);
        -:  416:wstring to_wstring(float val);
        -:  417:wstring to_wstring(double val);
        -:  418:wstring to_wstring(long double val);
        -:  419:
        -:  420:template <> struct hash<string>;
        -:  421:template <> struct hash<u16string>;
        -:  422:template <> struct hash<u32string>;
        -:  423:template <> struct hash<wstring>;
        -:  424:
        -:  425:basic_string<char>     operator "" s( const char *str,     size_t len ); // C++14
        -:  426:basic_string<wchar_t>  operator "" s( const wchar_t *str,  size_t len ); // C++14
        -:  427:basic_string<char16_t> operator "" s( const char16_t *str, size_t len ); // C++14
        -:  428:basic_string<char32_t> operator "" s( const char32_t *str, size_t len ); // C++14
        -:  429:
        -:  430:}  // std
        -:  431:
        -:  432:*/
        -:  433:
        -:  434:#include <__config>
        -:  435:#include <iosfwd>
        -:  436:#include <cstring>
        -:  437:#include <cstdio>  // For EOF.
        -:  438:#include <cwchar>
        -:  439:#include <algorithm>
        -:  440:#include <iterator>
        -:  441:#include <utility>
        -:  442:#include <memory>
        -:  443:#include <stdexcept>
        -:  444:#include <type_traits>
        -:  445:#include <initializer_list>
        -:  446:#include <__functional_base>
        -:  447:#ifndef _LIBCPP_HAS_NO_UNICODE_CHARS
        -:  448:#include <cstdint>
        -:  449:#endif
        -:  450:#if defined(_LIBCPP_NO_EXCEPTIONS)
        -:  451:#include <cassert>
        -:  452:#endif
        -:  453:
        -:  454:#include <__undef_min_max>
        -:  455:
        -:  456:#include <__debug>
        -:  457:
        -:  458:#if !defined(_LIBCPP_HAS_NO_PRAGMA_SYSTEM_HEADER)
        -:  459:#pragma GCC system_header
        -:  460:#endif
        -:  461:
        -:  462:_LIBCPP_BEGIN_NAMESPACE_STD
        -:  463:
        -:  464:// fpos
        -:  465:
        -:  466:template <class _StateT>
        -:  467:class _LIBCPP_TYPE_VIS_ONLY fpos
        -:  468:{
        -:  469:private:
        -:  470:    _StateT __st_;
        -:  471:    streamoff __off_;
        -:  472:public:
        -:  473:    _LIBCPP_INLINE_VISIBILITY fpos(streamoff __off = streamoff()) : __st_(), __off_(__off) {}
        -:  474:
        -:  475:    _LIBCPP_INLINE_VISIBILITY operator streamoff() const {return __off_;}
        -:  476:
        -:  477:    _LIBCPP_INLINE_VISIBILITY _StateT state() const {return __st_;}
        -:  478:    _LIBCPP_INLINE_VISIBILITY void state(_StateT __st) {__st_ = __st;}
        -:  479:
        -:  480:    _LIBCPP_INLINE_VISIBILITY fpos& operator+=(streamoff __off) {__off_ += __off; return *this;}
        -:  481:    _LIBCPP_INLINE_VISIBILITY fpos  operator+ (streamoff __off) const {fpos __t(*this); __t += __off; return __t;}
        -:  482:    _LIBCPP_INLINE_VISIBILITY fpos& operator-=(streamoff __off) {__off_ -= __off; return *this;}
        -:  483:    _LIBCPP_INLINE_VISIBILITY fpos  operator- (streamoff __off) const {fpos __t(*this); __t -= __off; return __t;}
        -:  484:};
        -:  485:
        -:  486:template <class _StateT>
        -:  487:inline _LIBCPP_INLINE_VISIBILITY
        -:  488:streamoff operator-(const fpos<_StateT>& __x, const fpos<_StateT>& __y)
        -:  489:    {return streamoff(__x) - streamoff(__y);}
        -:  490:
        -:  491:template <class _StateT>
        -:  492:inline _LIBCPP_INLINE_VISIBILITY
        -:  493:bool operator==(const fpos<_StateT>& __x, const fpos<_StateT>& __y)
        -:  494:    {return streamoff(__x) == streamoff(__y);}
        -:  495:
        -:  496:template <class _StateT>
        -:  497:inline _LIBCPP_INLINE_VISIBILITY
        -:  498:bool operator!=(const fpos<_StateT>& __x, const fpos<_StateT>& __y)
        -:  499:    {return streamoff(__x) != streamoff(__y);}
        -:  500:
        -:  501:// char_traits
        -:  502:
        -:  503:template <class _CharT>
        -:  504:struct _LIBCPP_TYPE_VIS_ONLY char_traits
        -:  505:{
        -:  506:    typedef _CharT    char_type;
        -:  507:    typedef int       int_type;
        -:  508:    typedef streamoff off_type;
        -:  509:    typedef streampos pos_type;
        -:  510:    typedef mbstate_t state_type;
        -:  511:
        -:  512:    static inline void assign(char_type& __c1, const char_type& __c2) _NOEXCEPT
        -:  513:        {__c1 = __c2;}
        -:  514:    static inline _LIBCPP_CONSTEXPR bool eq(char_type __c1, char_type __c2) _NOEXCEPT
        -:  515:        {return __c1 == __c2;}
        -:  516:    static inline _LIBCPP_CONSTEXPR bool lt(char_type __c1, char_type __c2) _NOEXCEPT
        -:  517:        {return __c1 < __c2;}
        -:  518:
        -:  519:    static int              compare(const char_type* __s1, const char_type* __s2, size_t __n);
        -:  520:    _LIBCPP_INLINE_VISIBILITY
        -:  521:    static size_t           length(const char_type* __s);
        -:  522:    _LIBCPP_INLINE_VISIBILITY
        -:  523:    static const char_type* find(const char_type* __s, size_t __n, const char_type& __a);
        -:  524:    static char_type*       move(char_type* __s1, const char_type* __s2, size_t __n);
        -:  525:    _LIBCPP_INLINE_VISIBILITY
        -:  526:    static char_type*       copy(char_type* __s1, const char_type* __s2, size_t __n);
        -:  527:    _LIBCPP_INLINE_VISIBILITY
        -:  528:    static char_type*       assign(char_type* __s, size_t __n, char_type __a);
        -:  529:
        -:  530:    static inline _LIBCPP_CONSTEXPR int_type  not_eof(int_type __c) _NOEXCEPT
        -:  531:        {return eq_int_type(__c, eof()) ? ~eof() : __c;}
        -:  532:    static inline _LIBCPP_CONSTEXPR char_type to_char_type(int_type __c) _NOEXCEPT
        -:  533:        {return char_type(__c);}
        -:  534:    static inline _LIBCPP_CONSTEXPR int_type  to_int_type(char_type __c) _NOEXCEPT
        -:  535:        {return int_type(__c);}
        -:  536:    static inline _LIBCPP_CONSTEXPR bool      eq_int_type(int_type __c1, int_type __c2) _NOEXCEPT
        -:  537:        {return __c1 == __c2;}
        -:  538:    static inline _LIBCPP_CONSTEXPR int_type  eof() _NOEXCEPT
        -:  539:        {return int_type(EOF);}
        -:  540:};
        -:  541:
        -:  542:template <class _CharT>
        -:  543:int
        -:  544:char_traits<_CharT>::compare(const char_type* __s1, const char_type* __s2, size_t __n)
        -:  545:{
        -:  546:    for (; __n; --__n, ++__s1, ++__s2)
        -:  547:    {
        -:  548:        if (lt(*__s1, *__s2))
        -:  549:            return -1;
        -:  550:        if (lt(*__s2, *__s1))
        -:  551:            return 1;
        -:  552:    }
        -:  553:    return 0;
        -:  554:}
        -:  555:
        -:  556:template <class _CharT>
        -:  557:inline
        -:  558:size_t
        -:  559:char_traits<_CharT>::length(const char_type* __s)
        -:  560:{
        -:  561:    size_t __len = 0;
        -:  562:    for (; !eq(*__s, char_type(0)); ++__s)
        -:  563:        ++__len;
        -:  564:    return __len;
        -:  565:}
        -:  566:
        -:  567:template <class _CharT>
        -:  568:inline
        -:  569:const _CharT*
        -:  570:char_traits<_CharT>::find(const char_type* __s, size_t __n, const char_type& __a)
        -:  571:{
        -:  572:    for (; __n; --__n)
        -:  573:    {
        -:  574:        if (eq(*__s, __a))
        -:  575:            return __s;
        -:  576:        ++__s;
        -:  577:    }
        -:  578:    return 0;
        -:  579:}
        -:  580:
        -:  581:template <class _CharT>
        -:  582:_CharT*
        -:  583:char_traits<_CharT>::move(char_type* __s1, const char_type* __s2, size_t __n)
        -:  584:{
        -:  585:    char_type* __r = __s1;
        -:  586:    if (__s1 < __s2)
        -:  587:    {
        -:  588:        for (; __n; --__n, ++__s1, ++__s2)
        -:  589:            assign(*__s1, *__s2);
        -:  590:    }
        -:  591:    else if (__s2 < __s1)
        -:  592:    {
        -:  593:        __s1 += __n;
        -:  594:        __s2 += __n;
        -:  595:        for (; __n; --__n)
        -:  596:            assign(*--__s1, *--__s2);
        -:  597:    }
        -:  598:    return __r;
        -:  599:}
        -:  600:
        -:  601:template <class _CharT>
        -:  602:inline
        -:  603:_CharT*
        -:  604:char_traits<_CharT>::copy(char_type* __s1, const char_type* __s2, size_t __n)
        -:  605:{
        -:  606:    _LIBCPP_ASSERT(__s2 < __s1 || __s2 >= __s1+__n, "char_traits::copy overlapped range");
        -:  607:    char_type* __r = __s1;
        -:  608:    for (; __n; --__n, ++__s1, ++__s2)
        -:  609:        assign(*__s1, *__s2);
        -:  610:    return __r;
        -:  611:}
        -:  612:
        -:  613:template <class _CharT>
        -:  614:inline
        -:  615:_CharT*
        -:  616:char_traits<_CharT>::assign(char_type* __s, size_t __n, char_type __a)
        -:  617:{
        -:  618:    char_type* __r = __s;
        -:  619:    for (; __n; --__n, ++__s)
        -:  620:        assign(*__s, __a);
        -:  621:    return __r;
        -:  622:}
        -:  623:
        -:  624:// char_traits<char>
        -:  625:
        -:  626:template <>
        -:  627:struct _LIBCPP_TYPE_VIS_ONLY char_traits<char>
        -:  628:{
        -:  629:    typedef char      char_type;
        -:  630:    typedef int       int_type;
        -:  631:    typedef streamoff off_type;
        -:  632:    typedef streampos pos_type;
        -:  633:    typedef mbstate_t state_type;
        -:  634:
        -:  635:    static inline void assign(char_type& __c1, const char_type& __c2) _NOEXCEPT
        -:  636:        {__c1 = __c2;}
        -:  637:    static inline _LIBCPP_CONSTEXPR bool eq(char_type __c1, char_type __c2) _NOEXCEPT
        -:  638:            {return __c1 == __c2;}
        -:  639:    static inline _LIBCPP_CONSTEXPR bool lt(char_type __c1, char_type __c2) _NOEXCEPT
        -:  640:        {return (unsigned char)__c1 < (unsigned char)__c2;}
        -:  641:
        -:  642:    static inline int compare(const char_type* __s1, const char_type* __s2, size_t __n)
        -:  643:        {return __n == 0 ? 0 : memcmp(__s1, __s2, __n);}
      204:  644:    static inline size_t length(const char_type* __s) {return strlen(__s);}
        -:  645:    static inline const char_type* find(const char_type* __s, size_t __n, const char_type& __a)
        -:  646:        {return __n == 0 ? NULL : (const char_type*) memchr(__s, to_int_type(__a), __n);}
        -:  647:    static inline char_type* move(char_type* __s1, const char_type* __s2, size_t __n)
        -:  648:        {return __n == 0 ? __s1 : (char_type*) memmove(__s1, __s2, __n);}
        -:  649:    static inline char_type* copy(char_type* __s1, const char_type* __s2, size_t __n)
        -:  650:        {
        -:  651:            _LIBCPP_ASSERT(__s2 < __s1 || __s2 >= __s1+__n, "char_traits::copy overlapped range");
        -:  652:            return __n == 0 ? __s1 : (char_type*)memcpy(__s1, __s2, __n);
        -:  653:        }
        -:  654:    static inline char_type* assign(char_type* __s, size_t __n, char_type __a)
        -:  655:        {return __n == 0 ? __s : (char_type*)memset(__s, to_int_type(__a), __n);}
        -:  656:
        -:  657:    static inline _LIBCPP_CONSTEXPR int_type  not_eof(int_type __c) _NOEXCEPT
        -:  658:        {return eq_int_type(__c, eof()) ? ~eof() : __c;}
        -:  659:    static inline _LIBCPP_CONSTEXPR char_type to_char_type(int_type __c) _NOEXCEPT
        -:  660:        {return char_type(__c);}
        -:  661:    static inline _LIBCPP_CONSTEXPR int_type to_int_type(char_type __c) _NOEXCEPT
        -:  662:        {return int_type((unsigned char)__c);}
        -:  663:    static inline _LIBCPP_CONSTEXPR bool eq_int_type(int_type __c1, int_type __c2) _NOEXCEPT
        -:  664:        {return __c1 == __c2;}
        -:  665:    static inline _LIBCPP_CONSTEXPR int_type  eof() _NOEXCEPT
        -:  666:        {return int_type(EOF);}
        -:  667:};
        -:  668:
        -:  669:// char_traits<wchar_t>
        -:  670:
        -:  671:template <>
        -:  672:struct _LIBCPP_TYPE_VIS_ONLY char_traits<wchar_t>
        -:  673:{
        -:  674:    typedef wchar_t   char_type;
        -:  675:    typedef wint_t    int_type;
        -:  676:    typedef streamoff off_type;
        -:  677:    typedef streampos pos_type;
        -:  678:    typedef mbstate_t state_type;
        -:  679:
        -:  680:    static inline void assign(char_type& __c1, const char_type& __c2) _NOEXCEPT
        -:  681:        {__c1 = __c2;}
        -:  682:    static inline _LIBCPP_CONSTEXPR bool eq(char_type __c1, char_type __c2) _NOEXCEPT
        -:  683:        {return __c1 == __c2;}
        -:  684:    static inline _LIBCPP_CONSTEXPR bool lt(char_type __c1, char_type __c2) _NOEXCEPT
        -:  685:        {return __c1 < __c2;}
        -:  686:
        -:  687:    static inline int compare(const char_type* __s1, const char_type* __s2, size_t __n)
        -:  688:        {return __n == 0 ? 0 : wmemcmp(__s1, __s2, __n);}
        -:  689:    static inline size_t length(const char_type* __s)
        -:  690:        {return wcslen(__s);}
        -:  691:    static inline const char_type* find(const char_type* __s, size_t __n, const char_type& __a)
        -:  692:        {return __n == 0 ? NULL : (const char_type*)wmemchr(__s, __a, __n);}
        -:  693:    static inline char_type* move(char_type* __s1, const char_type* __s2, size_t __n)
        -:  694:        {return __n == 0 ? __s1 : (char_type*)wmemmove(__s1, __s2, __n);}
        -:  695:    static inline char_type* copy(char_type* __s1, const char_type* __s2, size_t __n)
        -:  696:        {
        -:  697:            _LIBCPP_ASSERT(__s2 < __s1 || __s2 >= __s1+__n, "char_traits::copy overlapped range");
        -:  698:            return __n == 0 ? __s1 : (char_type*)wmemcpy(__s1, __s2, __n);
        -:  699:        }
        -:  700:    static inline char_type* assign(char_type* __s, size_t __n, char_type __a)
        -:  701:        {return __n == 0 ? __s : (char_type*)wmemset(__s, __a, __n);}
        -:  702:
        -:  703:    static inline _LIBCPP_CONSTEXPR int_type  not_eof(int_type __c) _NOEXCEPT
        -:  704:        {return eq_int_type(__c, eof()) ? ~eof() : __c;}
        -:  705:    static inline _LIBCPP_CONSTEXPR char_type to_char_type(int_type __c) _NOEXCEPT
        -:  706:        {return char_type(__c);}
        -:  707:    static inline _LIBCPP_CONSTEXPR int_type to_int_type(char_type __c) _NOEXCEPT
        -:  708:        {return int_type(__c);}
        -:  709:    static inline _LIBCPP_CONSTEXPR bool eq_int_type(int_type __c1, int_type __c2) _NOEXCEPT
        -:  710:        {return __c1 == __c2;}
        -:  711:    static inline _LIBCPP_CONSTEXPR int_type eof() _NOEXCEPT
        -:  712:        {return int_type(WEOF);}
        -:  713:};
        -:  714:
        -:  715:#ifndef _LIBCPP_HAS_NO_UNICODE_CHARS
        -:  716:
        -:  717:template <>
        -:  718:struct _LIBCPP_TYPE_VIS_ONLY char_traits<char16_t>
        -:  719:{
        -:  720:    typedef char16_t       char_type;
        -:  721:    typedef uint_least16_t int_type;
        -:  722:    typedef streamoff      off_type;
        -:  723:    typedef u16streampos   pos_type;
        -:  724:    typedef mbstate_t      state_type;
        -:  725:
        -:  726:    static inline void assign(char_type& __c1, const char_type& __c2) _NOEXCEPT
        -:  727:        {__c1 = __c2;}
        -:  728:    static inline _LIBCPP_CONSTEXPR bool eq(char_type __c1, char_type __c2) _NOEXCEPT
        -:  729:        {return __c1 == __c2;}
        -:  730:    static inline _LIBCPP_CONSTEXPR bool lt(char_type __c1, char_type __c2) _NOEXCEPT
        -:  731:        {return __c1 < __c2;}
        -:  732:
        -:  733:    _LIBCPP_INLINE_VISIBILITY
        -:  734:    static int              compare(const char_type* __s1, const char_type* __s2, size_t __n);
        -:  735:    _LIBCPP_INLINE_VISIBILITY
        -:  736:    static size_t           length(const char_type* __s);
        -:  737:    _LIBCPP_INLINE_VISIBILITY
        -:  738:    static const char_type* find(const char_type* __s, size_t __n, const char_type& __a);
        -:  739:    _LIBCPP_INLINE_VISIBILITY
        -:  740:    static char_type*       move(char_type* __s1, const char_type* __s2, size_t __n);
        -:  741:    _LIBCPP_INLINE_VISIBILITY
        -:  742:    static char_type*       copy(char_type* __s1, const char_type* __s2, size_t __n);
        -:  743:    _LIBCPP_INLINE_VISIBILITY
        -:  744:    static char_type*       assign(char_type* __s, size_t __n, char_type __a);
        -:  745:
        -:  746:    static inline _LIBCPP_CONSTEXPR int_type  not_eof(int_type __c) _NOEXCEPT
        -:  747:        {return eq_int_type(__c, eof()) ? ~eof() : __c;}
        -:  748:    static inline _LIBCPP_CONSTEXPR char_type to_char_type(int_type __c) _NOEXCEPT
        -:  749:        {return char_type(__c);}
        -:  750:    static inline _LIBCPP_CONSTEXPR int_type to_int_type(char_type __c) _NOEXCEPT
        -:  751:        {return int_type(__c);}
        -:  752:    static inline _LIBCPP_CONSTEXPR bool eq_int_type(int_type __c1, int_type __c2) _NOEXCEPT
        -:  753:        {return __c1 == __c2;}
        -:  754:    static inline _LIBCPP_CONSTEXPR int_type eof() _NOEXCEPT
        -:  755:        {return int_type(0xFFFF);}
        -:  756:};
        -:  757:
        -:  758:inline
        -:  759:int
        -:  760:char_traits<char16_t>::compare(const char_type* __s1, const char_type* __s2, size_t __n)
        -:  761:{
        -:  762:    for (; __n; --__n, ++__s1, ++__s2)
        -:  763:    {
        -:  764:        if (lt(*__s1, *__s2))
        -:  765:            return -1;
        -:  766:        if (lt(*__s2, *__s1))
        -:  767:            return 1;
        -:  768:    }
        -:  769:    return 0;
        -:  770:}
        -:  771:
        -:  772:inline
        -:  773:size_t
        -:  774:char_traits<char16_t>::length(const char_type* __s)
        -:  775:{
        -:  776:    size_t __len = 0;
        -:  777:    for (; !eq(*__s, char_type(0)); ++__s)
        -:  778:        ++__len;
        -:  779:    return __len;
        -:  780:}
        -:  781:
        -:  782:inline
        -:  783:const char16_t*
        -:  784:char_traits<char16_t>::find(const char_type* __s, size_t __n, const char_type& __a)
        -:  785:{
        -:  786:    for (; __n; --__n)
        -:  787:    {
        -:  788:        if (eq(*__s, __a))
        -:  789:            return __s;
        -:  790:        ++__s;
        -:  791:    }
        -:  792:    return 0;
        -:  793:}
        -:  794:
        -:  795:inline
        -:  796:char16_t*
        -:  797:char_traits<char16_t>::move(char_type* __s1, const char_type* __s2, size_t __n)
        -:  798:{
        -:  799:    char_type* __r = __s1;
        -:  800:    if (__s1 < __s2)
        -:  801:    {
        -:  802:        for (; __n; --__n, ++__s1, ++__s2)
        -:  803:            assign(*__s1, *__s2);
        -:  804:    }
        -:  805:    else if (__s2 < __s1)
        -:  806:    {
        -:  807:        __s1 += __n;
        -:  808:        __s2 += __n;
        -:  809:        for (; __n; --__n)
        -:  810:            assign(*--__s1, *--__s2);
        -:  811:    }
        -:  812:    return __r;
        -:  813:}
        -:  814:
        -:  815:inline
        -:  816:char16_t*
        -:  817:char_traits<char16_t>::copy(char_type* __s1, const char_type* __s2, size_t __n)
        -:  818:{
        -:  819:    _LIBCPP_ASSERT(__s2 < __s1 || __s2 >= __s1+__n, "char_traits::copy overlapped range");
        -:  820:    char_type* __r = __s1;
        -:  821:    for (; __n; --__n, ++__s1, ++__s2)
        -:  822:        assign(*__s1, *__s2);
        -:  823:    return __r;
        -:  824:}
        -:  825:
        -:  826:inline
        -:  827:char16_t*
        -:  828:char_traits<char16_t>::assign(char_type* __s, size_t __n, char_type __a)
        -:  829:{
        -:  830:    char_type* __r = __s;
        -:  831:    for (; __n; --__n, ++__s)
        -:  832:        assign(*__s, __a);
        -:  833:    return __r;
        -:  834:}
        -:  835:
        -:  836:template <>
        -:  837:struct _LIBCPP_TYPE_VIS_ONLY char_traits<char32_t>
        -:  838:{
        -:  839:    typedef char32_t       char_type;
        -:  840:    typedef uint_least32_t int_type;
        -:  841:    typedef streamoff      off_type;
        -:  842:    typedef u32streampos   pos_type;
        -:  843:    typedef mbstate_t      state_type;
        -:  844:
        -:  845:    static inline void assign(char_type& __c1, const char_type& __c2) _NOEXCEPT
        -:  846:        {__c1 = __c2;}
        -:  847:    static inline _LIBCPP_CONSTEXPR bool eq(char_type __c1, char_type __c2) _NOEXCEPT
        -:  848:        {return __c1 == __c2;}
        -:  849:    static inline _LIBCPP_CONSTEXPR bool lt(char_type __c1, char_type __c2) _NOEXCEPT
        -:  850:        {return __c1 < __c2;}
        -:  851:
        -:  852:    _LIBCPP_INLINE_VISIBILITY
        -:  853:    static int              compare(const char_type* __s1, const char_type* __s2, size_t __n);
        -:  854:    _LIBCPP_INLINE_VISIBILITY
        -:  855:    static size_t           length(const char_type* __s);
        -:  856:    _LIBCPP_INLINE_VISIBILITY
        -:  857:    static const char_type* find(const char_type* __s, size_t __n, const char_type& __a);
        -:  858:    _LIBCPP_INLINE_VISIBILITY
        -:  859:    static char_type*       move(char_type* __s1, const char_type* __s2, size_t __n);
        -:  860:    _LIBCPP_INLINE_VISIBILITY
        -:  861:    static char_type*       copy(char_type* __s1, const char_type* __s2, size_t __n);
        -:  862:    _LIBCPP_INLINE_VISIBILITY
        -:  863:    static char_type*       assign(char_type* __s, size_t __n, char_type __a);
        -:  864:
        -:  865:    static inline _LIBCPP_CONSTEXPR int_type  not_eof(int_type __c) _NOEXCEPT
        -:  866:        {return eq_int_type(__c, eof()) ? ~eof() : __c;}
        -:  867:    static inline _LIBCPP_CONSTEXPR char_type to_char_type(int_type __c) _NOEXCEPT
        -:  868:        {return char_type(__c);}
        -:  869:    static inline _LIBCPP_CONSTEXPR int_type to_int_type(char_type __c) _NOEXCEPT
        -:  870:        {return int_type(__c);}
        -:  871:    static inline _LIBCPP_CONSTEXPR bool eq_int_type(int_type __c1, int_type __c2) _NOEXCEPT
        -:  872:        {return __c1 == __c2;}
        -:  873:    static inline _LIBCPP_CONSTEXPR int_type eof() _NOEXCEPT
        -:  874:        {return int_type(0xFFFFFFFF);}
        -:  875:};
        -:  876:
        -:  877:inline
        -:  878:int
        -:  879:char_traits<char32_t>::compare(const char_type* __s1, const char_type* __s2, size_t __n)
        -:  880:{
        -:  881:    for (; __n; --__n, ++__s1, ++__s2)
        -:  882:    {
        -:  883:        if (lt(*__s1, *__s2))
        -:  884:            return -1;
        -:  885:        if (lt(*__s2, *__s1))
        -:  886:            return 1;
        -:  887:    }
        -:  888:    return 0;
        -:  889:}
        -:  890:
        -:  891:inline
        -:  892:size_t
        -:  893:char_traits<char32_t>::length(const char_type* __s)
        -:  894:{
        -:  895:    size_t __len = 0;
        -:  896:    for (; !eq(*__s, char_type(0)); ++__s)
        -:  897:        ++__len;
        -:  898:    return __len;
        -:  899:}
        -:  900:
        -:  901:inline
        -:  902:const char32_t*
        -:  903:char_traits<char32_t>::find(const char_type* __s, size_t __n, const char_type& __a)
        -:  904:{
        -:  905:    for (; __n; --__n)
        -:  906:    {
        -:  907:        if (eq(*__s, __a))
        -:  908:            return __s;
        -:  909:        ++__s;
        -:  910:    }
        -:  911:    return 0;
        -:  912:}
        -:  913:
        -:  914:inline
        -:  915:char32_t*
        -:  916:char_traits<char32_t>::move(char_type* __s1, const char_type* __s2, size_t __n)
        -:  917:{
        -:  918:    char_type* __r = __s1;
        -:  919:    if (__s1 < __s2)
        -:  920:    {
        -:  921:        for (; __n; --__n, ++__s1, ++__s2)
        -:  922:            assign(*__s1, *__s2);
        -:  923:    }
        -:  924:    else if (__s2 < __s1)
        -:  925:    {
        -:  926:        __s1 += __n;
        -:  927:        __s2 += __n;
        -:  928:        for (; __n; --__n)
        -:  929:            assign(*--__s1, *--__s2);
        -:  930:    }
        -:  931:    return __r;
        -:  932:}
        -:  933:
        -:  934:inline
        -:  935:char32_t*
        -:  936:char_traits<char32_t>::copy(char_type* __s1, const char_type* __s2, size_t __n)
        -:  937:{
        -:  938:    _LIBCPP_ASSERT(__s2 < __s1 || __s2 >= __s1+__n, "char_traits::copy overlapped range");
        -:  939:    char_type* __r = __s1;
        -:  940:    for (; __n; --__n, ++__s1, ++__s2)
        -:  941:        assign(*__s1, *__s2);
        -:  942:    return __r;
        -:  943:}
        -:  944:
        -:  945:inline
        -:  946:char32_t*
        -:  947:char_traits<char32_t>::assign(char_type* __s, size_t __n, char_type __a)
        -:  948:{
        -:  949:    char_type* __r = __s;
        -:  950:    for (; __n; --__n, ++__s)
        -:  951:        assign(*__s, __a);
        -:  952:    return __r;
        -:  953:}
        -:  954:
        -:  955:#endif  // _LIBCPP_HAS_NO_UNICODE_CHARS
        -:  956:
        -:  957:// helper fns for basic_string
        -:  958:
        -:  959:// __str_find
        -:  960:template<class _CharT, class _SizeT, class _Traits, _SizeT __npos>
        -:  961:_SizeT _LIBCPP_CONSTEXPR_AFTER_CXX11 _LIBCPP_INLINE_VISIBILITY
        -:  962:__str_find(const _CharT *__p, _SizeT __sz, 
        -:  963:             _CharT __c, _SizeT __pos) _NOEXCEPT
        -:  964:{
        -:  965:    if (__pos >= __sz)
        -:  966:        return __npos;
        -:  967:    const _CharT* __r = _Traits::find(__p + __pos, __sz - __pos, __c);
        -:  968:    if (__r == 0)
        -:  969:        return __npos;
        -:  970:    return static_cast<_SizeT>(__r - __p);
        -:  971:}
        -:  972:
        -:  973:template<class _CharT, class _SizeT, class _Traits, _SizeT __npos>
        -:  974:_SizeT _LIBCPP_CONSTEXPR_AFTER_CXX11 _LIBCPP_INLINE_VISIBILITY
        -:  975:__str_find(const _CharT *__p, _SizeT __sz, 
        -:  976:       const _CharT* __s, _SizeT __pos, _SizeT __n) _NOEXCEPT
        -:  977:{
        -:  978:    if (__pos > __sz || __sz - __pos < __n)
        -:  979:        return __npos;
        -:  980:    if (__n == 0)
        -:  981:        return __pos;
        -:  982:    const _CharT* __r = 
        -:  983:        _VSTD::__search(__p + __pos, __p + __sz,
        -:  984:                        __s, __s + __n, _Traits::eq,
        -:  985:                        random_access_iterator_tag(), random_access_iterator_tag());
        -:  986:    if (__r == __p + __sz)
        -:  987:        return __npos;
        -:  988:    return static_cast<_SizeT>(__r - __p);
        -:  989:}
        -:  990:
        -:  991:
        -:  992:// __str_rfind
        -:  993:
        -:  994:template<class _CharT, class _SizeT, class _Traits, _SizeT __npos>
        -:  995:_SizeT _LIBCPP_CONSTEXPR_AFTER_CXX11 _LIBCPP_INLINE_VISIBILITY
        -:  996:__str_rfind(const _CharT *__p, _SizeT __sz, 
        -:  997:              _CharT __c, _SizeT __pos) _NOEXCEPT
        -:  998:{
        -:  999:    if (__sz < 1)
        -: 1000:        return __npos;
        -: 1001:    if (__pos < __sz)
        -: 1002:        ++__pos;
        -: 1003:    else
        -: 1004:        __pos = __sz;
        -: 1005:    for (const _CharT* __ps = __p + __pos; __ps != __p;)
        -: 1006:    {
        -: 1007:        if (_Traits::eq(*--__ps, __c))
        -: 1008:            return static_cast<_SizeT>(__ps - __p);
        -: 1009:    }
        -: 1010:    return __npos;
        -: 1011:}
        -: 1012:
        -: 1013:template<class _CharT, class _SizeT, class _Traits, _SizeT __npos>
        -: 1014:_SizeT _LIBCPP_CONSTEXPR_AFTER_CXX11 _LIBCPP_INLINE_VISIBILITY
        -: 1015:__str_rfind(const _CharT *__p, _SizeT __sz, 
        -: 1016:        const _CharT* __s, _SizeT __pos, _SizeT __n) _NOEXCEPT
        -: 1017:{
        -: 1018:    __pos = _VSTD::min(__pos, __sz);
        -: 1019:    if (__n < __sz - __pos)
        -: 1020:        __pos += __n;
        -: 1021:    else
        -: 1022:        __pos = __sz;
        -: 1023:    const _CharT* __r = _VSTD::__find_end(
        -: 1024:                  __p, __p + __pos, __s, __s + __n, _Traits::eq, 
        -: 1025:                        random_access_iterator_tag(), random_access_iterator_tag());
        -: 1026:    if (__n > 0 && __r == __p + __pos)
        -: 1027:        return __npos;
        -: 1028:    return static_cast<_SizeT>(__r - __p);
        -: 1029:}
        -: 1030:
        -: 1031:// __str_find_first_of
        -: 1032:template<class _CharT, class _SizeT, class _Traits, _SizeT __npos>
        -: 1033:_SizeT _LIBCPP_CONSTEXPR_AFTER_CXX11 _LIBCPP_INLINE_VISIBILITY
        -: 1034:__str_find_first_of(const _CharT *__p, _SizeT __sz,
        -: 1035:                const _CharT* __s, _SizeT __pos, _SizeT __n) _NOEXCEPT
        -: 1036:{
        -: 1037:    if (__pos >= __sz || __n == 0)
        -: 1038:        return __npos;
        -: 1039:    const _CharT* __r = _VSTD::__find_first_of_ce
        -: 1040:        (__p + __pos, __p + __sz, __s, __s + __n, _Traits::eq );
        -: 1041:    if (__r == __p + __sz)
        -: 1042:        return __npos;
        -: 1043:    return static_cast<_SizeT>(__r - __p);
        -: 1044:}
        -: 1045:
        -: 1046:
        -: 1047:// __str_find_last_of
        -: 1048:template<class _CharT, class _SizeT, class _Traits, _SizeT __npos>
        -: 1049:_SizeT _LIBCPP_CONSTEXPR_AFTER_CXX11 _LIBCPP_INLINE_VISIBILITY 
        -: 1050:__str_find_last_of(const _CharT *__p, _SizeT __sz,
        -: 1051:               const _CharT* __s, _SizeT __pos, _SizeT __n) _NOEXCEPT
        -: 1052:    {
        -: 1053:    if (__n != 0)
        -: 1054:    {
        -: 1055:        if (__pos < __sz)
        -: 1056:            ++__pos;
        -: 1057:        else
        -: 1058:            __pos = __sz;
        -: 1059:        for (const _CharT* __ps = __p + __pos; __ps != __p;)
        -: 1060:        {
        -: 1061:            const _CharT* __r = _Traits::find(__s, __n, *--__ps);
        -: 1062:            if (__r)
        -: 1063:                return static_cast<_SizeT>(__ps - __p);
        -: 1064:        }
        -: 1065:    }
        -: 1066:    return __npos;
        -: 1067:}
        -: 1068:
        -: 1069:
        -: 1070:// __str_find_first_not_of
        -: 1071:template<class _CharT, class _SizeT, class _Traits, _SizeT __npos>
        -: 1072:_SizeT _LIBCPP_CONSTEXPR_AFTER_CXX11 _LIBCPP_INLINE_VISIBILITY
        -: 1073:__str_find_first_not_of(const _CharT *__p, _SizeT __sz,
        -: 1074:                    const _CharT* __s, _SizeT __pos, _SizeT __n) _NOEXCEPT
        -: 1075:{
        -: 1076:    if (__pos < __sz)
        -: 1077:    {
        -: 1078:        const _CharT* __pe = __p + __sz;
        -: 1079:        for (const _CharT* __ps = __p + __pos; __ps != __pe; ++__ps)
        -: 1080:            if (_Traits::find(__s, __n, *__ps) == 0)
        -: 1081:                return static_cast<_SizeT>(__ps - __p);
        -: 1082:    }
        -: 1083:    return __npos;
        -: 1084:}
        -: 1085:
        -: 1086:
        -: 1087:template<class _CharT, class _SizeT, class _Traits, _SizeT __npos>
        -: 1088:_SizeT _LIBCPP_CONSTEXPR_AFTER_CXX11 _LIBCPP_INLINE_VISIBILITY
        -: 1089:__str_find_first_not_of(const _CharT *__p, _SizeT __sz,
        -: 1090:                          _CharT __c, _SizeT __pos) _NOEXCEPT
        -: 1091:{
        -: 1092:    if (__pos < __sz)
        -: 1093:    {
        -: 1094:        const _CharT* __pe = __p + __sz;
        -: 1095:        for (const _CharT* __ps = __p + __pos; __ps != __pe; ++__ps)
        -: 1096:            if (!_Traits::eq(*__ps, __c))
        -: 1097:                return static_cast<_SizeT>(__ps - __p);
        -: 1098:    }
        -: 1099:    return __npos;
        -: 1100:}
        -: 1101:
        -: 1102:
        -: 1103:// __str_find_last_not_of
        -: 1104:template<class _CharT, class _SizeT, class _Traits, _SizeT __npos>
        -: 1105:_SizeT _LIBCPP_CONSTEXPR_AFTER_CXX11 _LIBCPP_INLINE_VISIBILITY
        -: 1106:__str_find_last_not_of(const _CharT *__p, _SizeT __sz,
        -: 1107:                   const _CharT* __s, _SizeT __pos, _SizeT __n) _NOEXCEPT
        -: 1108:{
        -: 1109:    if (__pos < __sz)
        -: 1110:        ++__pos;
        -: 1111:    else
        -: 1112:        __pos = __sz;
        -: 1113:    for (const _CharT* __ps = __p + __pos; __ps != __p;)
        -: 1114:        if (_Traits::find(__s, __n, *--__ps) == 0)
        -: 1115:            return static_cast<_SizeT>(__ps - __p);
        -: 1116:    return __npos;
        -: 1117:}
        -: 1118:
        -: 1119:
        -: 1120:template<class _CharT, class _SizeT, class _Traits, _SizeT __npos>
        -: 1121:_SizeT _LIBCPP_CONSTEXPR_AFTER_CXX11 _LIBCPP_INLINE_VISIBILITY
        -: 1122:__str_find_last_not_of(const _CharT *__p, _SizeT __sz,
        -: 1123:                         _CharT __c, _SizeT __pos) _NOEXCEPT
        -: 1124:{
        -: 1125:    if (__pos < __sz)
        -: 1126:        ++__pos;
        -: 1127:    else
        -: 1128:        __pos = __sz;
        -: 1129:    for (const _CharT* __ps = __p + __pos; __ps != __p;)
        -: 1130:        if (!_Traits::eq(*--__ps, __c))
        -: 1131:            return static_cast<_SizeT>(__ps - __p);
        -: 1132:    return __npos;
        -: 1133:}
        -: 1134:
        -: 1135:template<class _Ptr>
        -: 1136:size_t _LIBCPP_INLINE_VISIBILITY __do_string_hash(_Ptr __p, _Ptr __e)
        -: 1137:{
        -: 1138:    typedef typename iterator_traits<_Ptr>::value_type value_type;
        -: 1139:    return __murmur2_or_cityhash<size_t>()(__p, (__e-__p)*sizeof(value_type));
        -: 1140:}
        -: 1141:
        -: 1142:// basic_string
        -: 1143:
        -: 1144:template<class _CharT, class _Traits, class _Allocator>
        -: 1145:basic_string<_CharT, _Traits, _Allocator>
        -: 1146:operator+(const basic_string<_CharT, _Traits, _Allocator>& __x,
        -: 1147:          const basic_string<_CharT, _Traits, _Allocator>& __y);
        -: 1148:
        -: 1149:template<class _CharT, class _Traits, class _Allocator>
        -: 1150:basic_string<_CharT, _Traits, _Allocator>
        -: 1151:operator+(const _CharT* __x, const basic_string<_CharT,_Traits,_Allocator>& __y);
        -: 1152:
        -: 1153:template<class _CharT, class _Traits, class _Allocator>
        -: 1154:basic_string<_CharT, _Traits, _Allocator>
        -: 1155:operator+(_CharT __x, const basic_string<_CharT,_Traits,_Allocator>& __y);
        -: 1156:
        -: 1157:template<class _CharT, class _Traits, class _Allocator>
        -: 1158:basic_string<_CharT, _Traits, _Allocator>
        -: 1159:operator+(const basic_string<_CharT, _Traits, _Allocator>& __x, const _CharT* __y);
        -: 1160:
        -: 1161:template<class _CharT, class _Traits, class _Allocator>
        -: 1162:basic_string<_CharT, _Traits, _Allocator>
        -: 1163:operator+(const basic_string<_CharT, _Traits, _Allocator>& __x, _CharT __y);
        -: 1164:
        -: 1165:template <bool>
        -: 1166:class _LIBCPP_TYPE_VIS_ONLY __basic_string_common
        -: 1167:{
        -: 1168:protected:
        -: 1169:    void __throw_length_error() const;
        -: 1170:    void __throw_out_of_range() const;
        -: 1171:};
        -: 1172:
        -: 1173:template <bool __b>
        -: 1174:void
        -: 1175:__basic_string_common<__b>::__throw_length_error() const
        -: 1176:{
        -: 1177:#ifndef _LIBCPP_NO_EXCEPTIONS
        -: 1178:    throw length_error("basic_string");
        -: 1179:#else
        -: 1180:    assert(!"basic_string length_error");
        -: 1181:#endif
        -: 1182:}
        -: 1183:
        -: 1184:template <bool __b>
        -: 1185:void
        -: 1186:__basic_string_common<__b>::__throw_out_of_range() const
        -: 1187:{
        -: 1188:#ifndef _LIBCPP_NO_EXCEPTIONS
        -: 1189:    throw out_of_range("basic_string");
        -: 1190:#else
        -: 1191:    assert(!"basic_string out_of_range");
        -: 1192:#endif
        -: 1193:}
        -: 1194:
        -: 1195:#ifdef _LIBCPP_MSVC
        -: 1196:#pragma warning( push )
        -: 1197:#pragma warning( disable: 4231 )
        -: 1198:#endif // _LIBCPP_MSVC
        -: 1199:_LIBCPP_EXTERN_TEMPLATE(class _LIBCPP_TYPE_VIS __basic_string_common<true>)
        -: 1200:#ifdef _LIBCPP_MSVC
        -: 1201:#pragma warning( pop )
        -: 1202:#endif // _LIBCPP_MSVC
        -: 1203:
        -: 1204:#ifdef _LIBCPP_ABI_ALTERNATE_STRING_LAYOUT
        -: 1205:
        -: 1206:template <class _CharT, size_t = sizeof(_CharT)>
        -: 1207:struct __padding
        -: 1208:{
        -: 1209:    unsigned char __xx[sizeof(_CharT)-1];
        -: 1210:};
        -: 1211:
        -: 1212:template <class _CharT>
        -: 1213:struct __padding<_CharT, 1>
        -: 1214:{
        -: 1215:};
        -: 1216:
        -: 1217:#endif  // _LIBCPP_ABI_ALTERNATE_STRING_LAYOUT
        -: 1218:
        -: 1219:template<class _CharT, class _Traits, class _Allocator>
        -: 1220:class _LIBCPP_TYPE_VIS_ONLY basic_string
        -: 1221:    : private __basic_string_common<true>
        -: 1222:{
        -: 1223:public:
        -: 1224:    typedef basic_string                                 __self;
        -: 1225:    typedef _Traits                                      traits_type;
        -: 1226:    typedef typename traits_type::char_type              value_type;
        -: 1227:    typedef _Allocator                                   allocator_type;
        -: 1228:    typedef allocator_traits<allocator_type>             __alloc_traits;
        -: 1229:    typedef typename __alloc_traits::size_type           size_type;
        -: 1230:    typedef typename __alloc_traits::difference_type     difference_type;
        -: 1231:    typedef value_type&                                  reference;
        -: 1232:    typedef const value_type&                            const_reference;
        -: 1233:    typedef typename __alloc_traits::pointer             pointer;
        -: 1234:    typedef typename __alloc_traits::const_pointer       const_pointer;
        -: 1235:
        -: 1236:    static_assert(is_pod<value_type>::value, "Character type of basic_string must be a POD");
        -: 1237:    static_assert((is_same<_CharT, value_type>::value),
        -: 1238:                  "traits_type::char_type must be the same type as CharT");
        -: 1239:    static_assert((is_same<typename allocator_type::value_type, value_type>::value),
        -: 1240:                  "Allocator::value_type must be same type as value_type");
        -: 1241:#if defined(_LIBCPP_RAW_ITERATORS)
        -: 1242:    typedef pointer                                      iterator;
        -: 1243:    typedef const_pointer                                const_iterator;
        -: 1244:#else  // defined(_LIBCPP_RAW_ITERATORS)
        -: 1245:    typedef __wrap_iter<pointer>                         iterator;
        -: 1246:    typedef __wrap_iter<const_pointer>                   const_iterator;
        -: 1247:#endif  // defined(_LIBCPP_RAW_ITERATORS)
        -: 1248:    typedef _VSTD::reverse_iterator<iterator>             reverse_iterator;
        -: 1249:    typedef _VSTD::reverse_iterator<const_iterator>       const_reverse_iterator;
        -: 1250:
        -: 1251:private:
        -: 1252:
        -: 1253:#ifdef _LIBCPP_ABI_ALTERNATE_STRING_LAYOUT
        -: 1254:
        -: 1255:    struct __long
        -: 1256:    {
        -: 1257:        pointer   __data_;
        -: 1258:        size_type __size_;
        -: 1259:        size_type __cap_;
        -: 1260:    };
        -: 1261:
        -: 1262:#if _LIBCPP_BIG_ENDIAN
        -: 1263:    enum {__short_mask = 0x01};
        -: 1264:    enum {__long_mask  = 0x1ul};
        -: 1265:#else  // _LIBCPP_BIG_ENDIAN
        -: 1266:    enum {__short_mask = 0x80};
        -: 1267:    enum {__long_mask  = ~(size_type(~0) >> 1)};
        -: 1268:#endif  // _LIBCPP_BIG_ENDIAN
        -: 1269:
        -: 1270:    enum {__min_cap = (sizeof(__long) - 1)/sizeof(value_type) > 2 ?
        -: 1271:                      (sizeof(__long) - 1)/sizeof(value_type) : 2};
        -: 1272:
        -: 1273:    struct __short
        -: 1274:    {
        -: 1275:        value_type __data_[__min_cap];
        -: 1276:        struct
        -: 1277:            : __padding<value_type>
        -: 1278:        {
        -: 1279:            unsigned char __size_;
        -: 1280:        };
        -: 1281:    };
        -: 1282:
        -: 1283:#else
        -: 1284:
        -: 1285:    struct __long
        -: 1286:    {
        -: 1287:        size_type __cap_;
        -: 1288:        size_type __size_;
        -: 1289:        pointer   __data_;
        -: 1290:    };
        -: 1291:
        -: 1292:#if _LIBCPP_BIG_ENDIAN
        -: 1293:    enum {__short_mask = 0x80};
        -: 1294:    enum {__long_mask  = ~(size_type(~0) >> 1)};
        -: 1295:#else  // _LIBCPP_BIG_ENDIAN
        -: 1296:    enum {__short_mask = 0x01};
        -: 1297:    enum {__long_mask  = 0x1ul};
        -: 1298:#endif  // _LIBCPP_BIG_ENDIAN
        -: 1299:
        -: 1300:    enum {__min_cap = (sizeof(__long) - 1)/sizeof(value_type) > 2 ?
        -: 1301:                      (sizeof(__long) - 1)/sizeof(value_type) : 2};
        -: 1302:
        -: 1303:    struct __short
        -: 1304:    {
        -: 1305:        union
        -: 1306:        {
        -: 1307:            unsigned char __size_;
        -: 1308:            value_type __lx;
        -: 1309:        };
        -: 1310:        value_type __data_[__min_cap];
        -: 1311:    };
        -: 1312:
        -: 1313:#endif  // _LIBCPP_ABI_ALTERNATE_STRING_LAYOUT
        -: 1314:
        -: 1315:    union __ulx{__long __lx; __short __lxx;};
        -: 1316:
        -: 1317:    enum {__n_words = sizeof(__ulx) / sizeof(size_type)};
        -: 1318:
        -: 1319:    struct __raw
        -: 1320:    {
        -: 1321:        size_type __words[__n_words];
        -: 1322:    };
        -: 1323:
        -: 1324:    struct __rep
        -: 1325:    {
        -: 1326:        union
        -: 1327:        {
        -: 1328:            __long  __l;
        -: 1329:            __short __s;
        -: 1330:            __raw   __r;
        -: 1331:        };
        -: 1332:    };
        -: 1333:
        -: 1334:    __compressed_pair<__rep, allocator_type> __r_;
        -: 1335:
        -: 1336:public:
        -: 1337:    static const size_type npos = -1;
        -: 1338:
        4: 1339:    _LIBCPP_INLINE_VISIBILITY basic_string()
        -: 1340:        _NOEXCEPT_(is_nothrow_default_constructible<allocator_type>::value);
        -: 1341:
        -: 1342:    _LIBCPP_INLINE_VISIBILITY explicit basic_string(const allocator_type& __a)
        -: 1343:#if _LIBCPP_STD_VER <= 14
        -: 1344:        _NOEXCEPT_(is_nothrow_copy_constructible<allocator_type>::value);
        -: 1345:#else
        -: 1346:        _NOEXCEPT;
        -: 1347:#endif
        -: 1348:
        -: 1349:    basic_string(const basic_string& __str);
        -: 1350:    basic_string(const basic_string& __str, const allocator_type& __a);
        -: 1351:
        -: 1352:#ifndef _LIBCPP_HAS_NO_RVALUE_REFERENCES
        -: 1353:    _LIBCPP_INLINE_VISIBILITY
        -: 1354:    basic_string(basic_string&& __str)
        -: 1355:#if _LIBCPP_STD_VER <= 14
        -: 1356:        _NOEXCEPT_(is_nothrow_move_constructible<allocator_type>::value);
        -: 1357:#else
        -: 1358:        _NOEXCEPT;
        -: 1359:#endif
        -: 1360:
        -: 1361:    _LIBCPP_INLINE_VISIBILITY
        -: 1362:    basic_string(basic_string&& __str, const allocator_type& __a);
        -: 1363:#endif  // _LIBCPP_HAS_NO_RVALUE_REFERENCES
        4: 1364:    _LIBCPP_INLINE_VISIBILITY basic_string(const value_type* __s);
        -: 1365:    _LIBCPP_INLINE_VISIBILITY
        -: 1366:    basic_string(const value_type* __s, const allocator_type& __a);
        -: 1367:    _LIBCPP_INLINE_VISIBILITY
        -: 1368:    basic_string(const value_type* __s, size_type __n);
        -: 1369:    _LIBCPP_INLINE_VISIBILITY
        -: 1370:    basic_string(const value_type* __s, size_type __n, const allocator_type& __a);
        -: 1371:    _LIBCPP_INLINE_VISIBILITY
        -: 1372:    basic_string(size_type __n, value_type __c);
        -: 1373:    _LIBCPP_INLINE_VISIBILITY
        -: 1374:    basic_string(size_type __n, value_type __c, const allocator_type& __a);
        -: 1375:    basic_string(const basic_string& __str, size_type __pos, size_type __n = npos,
        -: 1376:                 const allocator_type& __a = allocator_type());
        -: 1377:    template<class _InputIterator>
        -: 1378:        _LIBCPP_INLINE_VISIBILITY
        -: 1379:        basic_string(_InputIterator __first, _InputIterator __last);
        -: 1380:    template<class _InputIterator>
        -: 1381:        _LIBCPP_INLINE_VISIBILITY
        -: 1382:        basic_string(_InputIterator __first, _InputIterator __last, const allocator_type& __a);
        -: 1383:#ifndef _LIBCPP_HAS_NO_GENERALIZED_INITIALIZERS
        -: 1384:    _LIBCPP_INLINE_VISIBILITY
        -: 1385:    basic_string(initializer_list<value_type> __il);
        -: 1386:    _LIBCPP_INLINE_VISIBILITY
        -: 1387:    basic_string(initializer_list<value_type> __il, const allocator_type& __a);
        -: 1388:#endif  // _LIBCPP_HAS_NO_GENERALIZED_INITIALIZERS
        -: 1389:
        -: 1390:    ~basic_string();
        -: 1391:
        -: 1392:    basic_string& operator=(const basic_string& __str);
        -: 1393:#ifndef _LIBCPP_HAS_NO_RVALUE_REFERENCES
        -: 1394:    _LIBCPP_INLINE_VISIBILITY
        -: 1395:    basic_string& operator=(basic_string&& __str)
        -: 1396:        _NOEXCEPT_(__alloc_traits::propagate_on_container_move_assignment::value &&
        -: 1397:                   is_nothrow_move_assignable<allocator_type>::value);
        -: 1398:#endif
        -: 1399:    _LIBCPP_INLINE_VISIBILITY basic_string& operator=(const value_type* __s) {return assign(__s);}
        -: 1400:    basic_string& operator=(value_type __c);
        -: 1401:#ifndef _LIBCPP_HAS_NO_GENERALIZED_INITIALIZERS
        -: 1402:    _LIBCPP_INLINE_VISIBILITY
        -: 1403:    basic_string& operator=(initializer_list<value_type> __il) {return assign(__il.begin(), __il.size());}
        -: 1404:#endif  // _LIBCPP_HAS_NO_GENERALIZED_INITIALIZERS
        -: 1405:
        -: 1406:#if _LIBCPP_DEBUG_LEVEL >= 2
        -: 1407:    _LIBCPP_INLINE_VISIBILITY
        -: 1408:    iterator begin() _NOEXCEPT
        -: 1409:        {return iterator(this, __get_pointer());}
        -: 1410:    _LIBCPP_INLINE_VISIBILITY
        -: 1411:    const_iterator begin() const _NOEXCEPT
        -: 1412:        {return const_iterator(this, __get_pointer());}
        -: 1413:    _LIBCPP_INLINE_VISIBILITY
        -: 1414:    iterator end() _NOEXCEPT
        -: 1415:        {return iterator(this, __get_pointer() + size());}
        -: 1416:    _LIBCPP_INLINE_VISIBILITY
        -: 1417:    const_iterator end() const _NOEXCEPT
        -: 1418:        {return const_iterator(this, __get_pointer() + size());}
        -: 1419:#else
        -: 1420:    _LIBCPP_INLINE_VISIBILITY
        -: 1421:    iterator begin() _NOEXCEPT
        -: 1422:        {return iterator(__get_pointer());}
        -: 1423:    _LIBCPP_INLINE_VISIBILITY
        -: 1424:    const_iterator begin() const _NOEXCEPT
        -: 1425:        {return const_iterator(__get_pointer());}
        -: 1426:    _LIBCPP_INLINE_VISIBILITY
        -: 1427:    iterator end() _NOEXCEPT
        -: 1428:        {return iterator(__get_pointer() + size());}
        -: 1429:    _LIBCPP_INLINE_VISIBILITY
        -: 1430:    const_iterator end() const _NOEXCEPT
        -: 1431:        {return const_iterator(__get_pointer() + size());}
        -: 1432:#endif  // _LIBCPP_DEBUG_LEVEL >= 2
        -: 1433:    _LIBCPP_INLINE_VISIBILITY
        -: 1434:    reverse_iterator rbegin() _NOEXCEPT
        -: 1435:        {return reverse_iterator(end());}
        -: 1436:    _LIBCPP_INLINE_VISIBILITY
        -: 1437:    const_reverse_iterator rbegin() const _NOEXCEPT
        -: 1438:        {return const_reverse_iterator(end());}
        -: 1439:    _LIBCPP_INLINE_VISIBILITY
        -: 1440:    reverse_iterator rend() _NOEXCEPT
        -: 1441:        {return reverse_iterator(begin());}
        -: 1442:    _LIBCPP_INLINE_VISIBILITY
        -: 1443:    const_reverse_iterator rend() const _NOEXCEPT
        -: 1444:        {return const_reverse_iterator(begin());}
        -: 1445:
        -: 1446:    _LIBCPP_INLINE_VISIBILITY
        -: 1447:    const_iterator cbegin() const _NOEXCEPT
        -: 1448:        {return begin();}
        -: 1449:    _LIBCPP_INLINE_VISIBILITY
        -: 1450:    const_iterator cend() const _NOEXCEPT
        -: 1451:        {return end();}
        -: 1452:    _LIBCPP_INLINE_VISIBILITY
        -: 1453:    const_reverse_iterator crbegin() const _NOEXCEPT
        -: 1454:        {return rbegin();}
        -: 1455:    _LIBCPP_INLINE_VISIBILITY
        -: 1456:    const_reverse_iterator crend() const _NOEXCEPT
        -: 1457:        {return rend();}
        -: 1458:
        -: 1459:    _LIBCPP_INLINE_VISIBILITY size_type size() const _NOEXCEPT
        -: 1460:        {return __is_long() ? __get_long_size() : __get_short_size();}
        -: 1461:    _LIBCPP_INLINE_VISIBILITY size_type length() const _NOEXCEPT {return size();}
        -: 1462:    _LIBCPP_INLINE_VISIBILITY size_type max_size() const _NOEXCEPT;
        -: 1463:    _LIBCPP_INLINE_VISIBILITY size_type capacity() const _NOEXCEPT
        -: 1464:        {return (__is_long() ? __get_long_cap() : __min_cap) - 1;}
        -: 1465:
        -: 1466:    void resize(size_type __n, value_type __c);
        -: 1467:    _LIBCPP_INLINE_VISIBILITY void resize(size_type __n) {resize(__n, value_type());}
        -: 1468:
        -: 1469:    void reserve(size_type res_arg = 0);
        -: 1470:    _LIBCPP_INLINE_VISIBILITY
        -: 1471:    void shrink_to_fit() _NOEXCEPT {reserve();}
        -: 1472:    _LIBCPP_INLINE_VISIBILITY
        -: 1473:    void clear() _NOEXCEPT;
        -: 1474:    _LIBCPP_INLINE_VISIBILITY bool empty() const _NOEXCEPT {return size() == 0;}
        -: 1475:
        -: 1476:    _LIBCPP_INLINE_VISIBILITY const_reference operator[](size_type __pos) const;
        -: 1477:    _LIBCPP_INLINE_VISIBILITY reference       operator[](size_type __pos);
        -: 1478:
        -: 1479:    const_reference at(size_type __n) const;
        -: 1480:    reference       at(size_type __n);
        -: 1481:
        -: 1482:    _LIBCPP_INLINE_VISIBILITY basic_string& operator+=(const basic_string& __str) {return append(__str);}
        -: 1483:    _LIBCPP_INLINE_VISIBILITY basic_string& operator+=(const value_type* __s)         {return append(__s);}
        -: 1484:    _LIBCPP_INLINE_VISIBILITY basic_string& operator+=(value_type __c)            {push_back(__c); return *this;}
        -: 1485:#ifndef _LIBCPP_HAS_NO_GENERALIZED_INITIALIZERS
        -: 1486:    _LIBCPP_INLINE_VISIBILITY basic_string& operator+=(initializer_list<value_type> __il) {return append(__il);}
        -: 1487:#endif  // _LIBCPP_HAS_NO_GENERALIZED_INITIALIZERS
        -: 1488:
        -: 1489:    _LIBCPP_INLINE_VISIBILITY
        -: 1490:    basic_string& append(const basic_string& __str);
        -: 1491:    basic_string& append(const basic_string& __str, size_type __pos, size_type __n=npos);
        -: 1492:    basic_string& append(const value_type* __s, size_type __n);
        -: 1493:    basic_string& append(const value_type* __s);
        -: 1494:    basic_string& append(size_type __n, value_type __c);
        -: 1495:    template<class _InputIterator>
        -: 1496:        typename enable_if
        -: 1497:        <
        -: 1498:             __is_input_iterator  <_InputIterator>::value &&
        -: 1499:            !__is_forward_iterator<_InputIterator>::value,
        -: 1500:            basic_string&
        -: 1501:        >::type
        -: 1502:        append(_InputIterator __first, _InputIterator __last);
        -: 1503:    template<class _ForwardIterator>
        -: 1504:        typename enable_if
        -: 1505:        <
        -: 1506:            __is_forward_iterator<_ForwardIterator>::value,
        -: 1507:            basic_string&
        -: 1508:        >::type
        -: 1509:        append(_ForwardIterator __first, _ForwardIterator __last);
        -: 1510:#ifndef _LIBCPP_HAS_NO_GENERALIZED_INITIALIZERS
        -: 1511:    _LIBCPP_INLINE_VISIBILITY
        -: 1512:    basic_string& append(initializer_list<value_type> __il) {return append(__il.begin(), __il.size());}
        -: 1513:#endif  // _LIBCPP_HAS_NO_GENERALIZED_INITIALIZERS
        -: 1514:
        -: 1515:    void push_back(value_type __c);
        -: 1516:    _LIBCPP_INLINE_VISIBILITY
        -: 1517:    void pop_back();
[...]
        -: 3899:operator> (const _CharT* __lhs,
        -: 3900:           const basic_string<_CharT, _Traits, _Allocator>& __rhs) _NOEXCEPT
        -: 3901:{
        -: 3902:    return __rhs < __lhs;
        -: 3903:}
        -: 3904:
        -: 3905:// operator<=
        -: 3906:
        -: 3907:template<class _CharT, class _Traits, class _Allocator>
        -: 3908:inline _LIBCPP_INLINE_VISIBILITY
        -: 3909:bool
        -: 3910:operator<=(const basic_string<_CharT, _Traits, _Allocator>& __lhs,
        -: 3911:           const basic_string<_CharT, _Traits, _Allocator>& __rhs) _NOEXCEPT
        -: 3912:{
        -: 3913:    return !(__rhs < __lhs);
        -: 3914:}
        -: 3915:
        -: 3916:template<class _CharT, class _Traits, class _Allocator>
        -: 3917:inline _LIBCPP_INLINE_VISIBILITY
        -: 3918:bool
        -: 3919:operator<=(const basic_string<_CharT, _Traits, _Allocator>& __lhs,
        -: 3920:           const _CharT* __rhs) _NOEXCEPT
        -: 3921:{
        -: 3922:    return !(__rhs < __lhs);
        -: 3923:}
        -: 3924:
        -: 3925:template<class _CharT, class _Traits, class _Allocator>
        -: 3926:inline _LIBCPP_INLINE_VISIBILITY
        -: 3927:bool
        -: 3928:operator<=(const _CharT* __lhs,
        -: 3929:           const basic_string<_CharT, _Traits, _Allocator>& __rhs) _NOEXCEPT
        -: 3930:{
        -: 3931:    return !(__rhs < __lhs);
        -: 3932:}
        -: 3933:
        -: 3934:// operator>=
        -: 3935:
        -: 3936:template<class _CharT, class _Traits, class _Allocator>
        -: 3937:inline _LIBCPP_INLINE_VISIBILITY
        -: 3938:bool
        -: 3939:operator>=(const basic_string<_CharT, _Traits, _Allocator>& __lhs,
        -: 3940:           const basic_string<_CharT, _Traits, _Allocator>& __rhs) _NOEXCEPT
        -: 3941:{
        -: 3942:    return !(__lhs < __rhs);
        -: 3943:}
        -: 3944:
        -: 3945:template<class _CharT, class _Traits, class _Allocator>
        -: 3946:inline _LIBCPP_INLINE_VISIBILITY
        -: 3947:bool
        -: 3948:operator>=(const basic_string<_CharT, _Traits, _Allocator>& __lhs,
        -: 3949:           const _CharT* __rhs) _NOEXCEPT
        -: 3950:{
        -: 3951:    return !(__lhs < __rhs);
        -: 3952:}
        -: 3953:
        -: 3954:template<class _CharT, class _Traits, class _Allocator>
        -: 3955:inline _LIBCPP_INLINE_VISIBILITY
        -: 3956:bool
        -: 3957:operator>=(const _CharT* __lhs,
        -: 3958:           const basic_string<_CharT, _Traits, _Allocator>& __rhs) _NOEXCEPT
        -: 3959:{
        -: 3960:    return !(__lhs < __rhs);
        -: 3961:}
        -: 3962:
        -: 3963:// operator +
        -: 3964:
        -: 3965:template<class _CharT, class _Traits, class _Allocator>
        -: 3966:basic_string<_CharT, _Traits, _Allocator>
        -: 3967:operator+(const basic_string<_CharT, _Traits, _Allocator>& __lhs,
        -: 3968:          const basic_string<_CharT, _Traits, _Allocator>& __rhs)
        -: 3969:{
        -: 3970:    basic_string<_CharT, _Traits, _Allocator> __r(__lhs.get_allocator());
        -: 3971:    typename basic_string<_CharT, _Traits, _Allocator>::size_type __lhs_sz = __lhs.size();
        -: 3972:    typename basic_string<_CharT, _Traits, _Allocator>::size_type __rhs_sz = __rhs.size();
        -: 3973:    __r.__init(__lhs.data(), __lhs_sz, __lhs_sz + __rhs_sz);
        -: 3974:    __r.append(__rhs.data(), __rhs_sz);
        -: 3975:    return __r;
        -: 3976:}
        -: 3977:
        -: 3978:template<class _CharT, class _Traits, class _Allocator>
        -: 3979:basic_string<_CharT, _Traits, _Allocator>
        -: 3980:operator+(const _CharT* __lhs , const basic_string<_CharT,_Traits,_Allocator>& __rhs)
        -: 3981:{
        -: 3982:    basic_string<_CharT, _Traits, _Allocator> __r(__rhs.get_allocator());
        -: 3983:    typename basic_string<_CharT, _Traits, _Allocator>::size_type __lhs_sz = _Traits::length(__lhs);
        -: 3984:    typename basic_string<_CharT, _Traits, _Allocator>::size_type __rhs_sz = __rhs.size();
        -: 3985:    __r.__init(__lhs, __lhs_sz, __lhs_sz + __rhs_sz);
        -: 3986:    __r.append(__rhs.data(), __rhs_sz);
        -: 3987:    return __r;
        -: 3988:}
        -: 3989:
        -: 3990:template<class _CharT, class _Traits, class _Allocator>
        -: 3991:basic_string<_CharT, _Traits, _Allocator>
        -: 3992:operator+(_CharT __lhs, const basic_string<_CharT,_Traits,_Allocator>& __rhs)
        -: 3993:{
        -: 3994:    basic_string<_CharT, _Traits, _Allocator> __r(__rhs.get_allocator());
        -: 3995:    typename basic_string<_CharT, _Traits, _Allocator>::size_type __rhs_sz = __rhs.size();
        -: 3996:    __r.__init(&__lhs, 1, 1 + __rhs_sz);
        -: 3997:    __r.append(__rhs.data(), __rhs_sz);
        -: 3998:    return __r;
        -: 3999:}
        -: 4000:
        -: 4001:template<class _CharT, class _Traits, class _Allocator>
        -: 4002:basic_string<_CharT, _Traits, _Allocator>
        -: 4003:operator+(const basic_string<_CharT, _Traits, _Allocator>& __lhs, const _CharT* __rhs)
        -: 4004:{
        -: 4005:    basic_string<_CharT, _Traits, _Allocator> __r(__lhs.get_allocator());
        -: 4006:    typename basic_string<_CharT, _Traits, _Allocator>::size_type __lhs_sz = __lhs.size();
        -: 4007:    typename basic_string<_CharT, _Traits, _Allocator>::size_type __rhs_sz = _Traits::length(__rhs);
        -: 4008:    __r.__init(__lhs.data(), __lhs_sz, __lhs_sz + __rhs_sz);
        -: 4009:    __r.append(__rhs, __rhs_sz);
        -: 4010:    return __r;
        -: 4011:}
        -: 4012:
        -: 4013:template<class _CharT, class _Traits, class _Allocator>
        -: 4014:basic_string<_CharT, _Traits, _Allocator>
        -: 4015:operator+(const basic_string<_CharT, _Traits, _Allocator>& __lhs, _CharT __rhs)
        -: 4016:{
        -: 4017:    basic_string<_CharT, _Traits, _Allocator> __r(__lhs.get_allocator());
        -: 4018:    typename basic_string<_CharT, _Traits, _Allocator>::size_type __lhs_sz = __lhs.size();
        -: 4019:    __r.__init(__lhs.data(), __lhs_sz, __lhs_sz + 1);
        -: 4020:    __r.push_back(__rhs);
        -: 4021:    return __r;
        -: 4022:}
        -: 4023:
        -: 4024:#ifndef _LIBCPP_HAS_NO_RVALUE_REFERENCES
        -: 4025:
        -: 4026:template<class _CharT, class _Traits, class _Allocator>
        -: 4027:inline _LIBCPP_INLINE_VISIBILITY
        -: 4028:basic_string<_CharT, _Traits, _Allocator>
        -: 4029:operator+(basic_string<_CharT, _Traits, _Allocator>&& __lhs, const basic_string<_CharT, _Traits, _Allocator>& __rhs)
        -: 4030:{
        -: 4031:    return _VSTD::move(__lhs.append(__rhs));
        -: 4032:}
        -: 4033:
        -: 4034:template<class _CharT, class _Traits, class _Allocator>
        -: 4035:inline _LIBCPP_INLINE_VISIBILITY
        -: 4036:basic_string<_CharT, _Traits, _Allocator>
        -: 4037:operator+(const basic_string<_CharT, _Traits, _Allocator>& __lhs, basic_string<_CharT, _Traits, _Allocator>&& __rhs)
        -: 4038:{
        -: 4039:    return _VSTD::move(__rhs.insert(0, __lhs));
        -: 4040:}
        -: 4041:
        -: 4042:template<class _CharT, class _Traits, class _Allocator>
        -: 4043:inline _LIBCPP_INLINE_VISIBILITY
        -: 4044:basic_string<_CharT, _Traits, _Allocator>
        -: 4045:operator+(basic_string<_CharT, _Traits, _Allocator>&& __lhs, basic_string<_CharT, _Traits, _Allocator>&& __rhs)
        -: 4046:{
        -: 4047:    return _VSTD::move(__lhs.append(__rhs));
        -: 4048:}
        -: 4049:
        -: 4050:template<class _CharT, class _Traits, class _Allocator>
        -: 4051:inline _LIBCPP_INLINE_VISIBILITY
        -: 4052:basic_string<_CharT, _Traits, _Allocator>
        -: 4053:operator+(const _CharT* __lhs , basic_string<_CharT,_Traits,_Allocator>&& __rhs)
        -: 4054:{
        -: 4055:    return _VSTD::move(__rhs.insert(0, __lhs));
        -: 4056:}
        -: 4057:
        -: 4058:template<class _CharT, class _Traits, class _Allocator>
        -: 4059:inline _LIBCPP_INLINE_VISIBILITY
        -: 4060:basic_string<_CharT, _Traits, _Allocator>
        -: 4061:operator+(_CharT __lhs, basic_string<_CharT,_Traits,_Allocator>&& __rhs)
        -: 4062:{
        -: 4063:    __rhs.insert(__rhs.begin(), __lhs);
        -: 4064:    return _VSTD::move(__rhs);
        -: 4065:}
        -: 4066:
        -: 4067:template<class _CharT, class _Traits, class _Allocator>
        -: 4068:inline _LIBCPP_INLINE_VISIBILITY
        -: 4069:basic_string<_CharT, _Traits, _Allocator>
        -: 4070:operator+(basic_string<_CharT, _Traits, _Allocator>&& __lhs, const _CharT* __rhs)
        -: 4071:{
        -: 4072:    return _VSTD::move(__lhs.append(__rhs));
        -: 4073:}
        -: 4074:
        -: 4075:template<class _CharT, class _Traits, class _Allocator>
        -: 4076:inline _LIBCPP_INLINE_VISIBILITY
        -: 4077:basic_string<_CharT, _Traits, _Allocator>
        -: 4078:operator+(basic_string<_CharT, _Traits, _Allocator>&& __lhs, _CharT __rhs)
        -: 4079:{
        -: 4080:    __lhs.push_back(__rhs);
        -: 4081:    return _VSTD::move(__lhs);
        -: 4082:}
        -: 4083:
        -: 4084:#endif  // _LIBCPP_HAS_NO_RVALUE_REFERENCES
        -: 4085:
        -: 4086:// swap
        -: 4087:
        -: 4088:template<class _CharT, class _Traits, class _Allocator>
        -: 4089:inline _LIBCPP_INLINE_VISIBILITY
        -: 4090:void
        -: 4091:swap(basic_string<_CharT, _Traits, _Allocator>& __lhs,
        -: 4092:     basic_string<_CharT, _Traits, _Allocator>& __rhs)
        -: 4093:     _NOEXCEPT_(_NOEXCEPT_(__lhs.swap(__rhs)))
        -: 4094:{
        -: 4095:    __lhs.swap(__rhs);
        -: 4096:}
        -: 4097:
        -: 4098:#ifndef _LIBCPP_HAS_NO_UNICODE_CHARS
        -: 4099:
        -: 4100:typedef basic_string<char16_t> u16string;
        -: 4101:typedef basic_string<char32_t> u32string;
        -: 4102:
        -: 4103:#endif  // _LIBCPP_HAS_NO_UNICODE_CHARS
        -: 4104:
        -: 4105:_LIBCPP_FUNC_VIS int                stoi  (const string& __str, size_t* __idx = 0, int __base = 10);
        -: 4106:_LIBCPP_FUNC_VIS long               stol  (const string& __str, size_t* __idx = 0, int __base = 10);
        -: 4107:_LIBCPP_FUNC_VIS unsigned long      stoul (const string& __str, size_t* __idx = 0, int __base = 10);
        -: 4108:_LIBCPP_FUNC_VIS long long          stoll (const string& __str, size_t* __idx = 0, int __base = 10);
        -: 4109:_LIBCPP_FUNC_VIS unsigned long long stoull(const string& __str, size_t* __idx = 0, int __base = 10);
        -: 4110:
        -: 4111:_LIBCPP_FUNC_VIS float       stof (const string& __str, size_t* __idx = 0);
        -: 4112:_LIBCPP_FUNC_VIS double      stod (const string& __str, size_t* __idx = 0);
        -: 4113:_LIBCPP_FUNC_VIS long double stold(const string& __str, size_t* __idx = 0);
        -: 4114:
        -: 4115:_LIBCPP_FUNC_VIS string to_string(int __val);
        -: 4116:_LIBCPP_FUNC_VIS string to_string(unsigned __val);
        -: 4117:_LIBCPP_FUNC_VIS string to_string(long __val);
        -: 4118:_LIBCPP_FUNC_VIS string to_string(unsigned long __val);
        -: 4119:_LIBCPP_FUNC_VIS string to_string(long long __val);
        -: 4120:_LIBCPP_FUNC_VIS string to_string(unsigned long long __val);
        -: 4121:_LIBCPP_FUNC_VIS string to_string(float __val);
        -: 4122:_LIBCPP_FUNC_VIS string to_string(double __val);
        -: 4123:_LIBCPP_FUNC_VIS string to_string(long double __val);
        -: 4124:
        -: 4125:_LIBCPP_FUNC_VIS int                stoi  (const wstring& __str, size_t* __idx = 0, int __base = 10);
        -: 4126:_LIBCPP_FUNC_VIS long               stol  (const wstring& __str, size_t* __idx = 0, int __base = 10);
        -: 4127:_LIBCPP_FUNC_VIS unsigned long      stoul (const wstring& __str, size_t* __idx = 0, int __base = 10);
        -: 4128:_LIBCPP_FUNC_VIS long long          stoll (const wstring& __str, size_t* __idx = 0, int __base = 10);
        -: 4129:_LIBCPP_FUNC_VIS unsigned long long stoull(const wstring& __str, size_t* __idx = 0, int __base = 10);
        -: 4130:
        -: 4131:_LIBCPP_FUNC_VIS float       stof (const wstring& __str, size_t* __idx = 0);
        -: 4132:_LIBCPP_FUNC_VIS double      stod (const wstring& __str, size_t* __idx = 0);
        -: 4133:_LIBCPP_FUNC_VIS long double stold(const wstring& __str, size_t* __idx = 0);
        -: 4134:
        -: 4135:_LIBCPP_FUNC_VIS wstring to_wstring(int __val);
        -: 4136:_LIBCPP_FUNC_VIS wstring to_wstring(unsigned __val);
        -: 4137:_LIBCPP_FUNC_VIS wstring to_wstring(long __val);
        -: 4138:_LIBCPP_FUNC_VIS wstring to_wstring(unsigned long __val);
        -: 4139:_LIBCPP_FUNC_VIS wstring to_wstring(long long __val);
        -: 4140:_LIBCPP_FUNC_VIS wstring to_wstring(unsigned long long __val);
        -: 4141:_LIBCPP_FUNC_VIS wstring to_wstring(float __val);
        -: 4142:_LIBCPP_FUNC_VIS wstring to_wstring(double __val);
        -: 4143:_LIBCPP_FUNC_VIS wstring to_wstring(long double __val);
        -: 4144:
        -: 4145:template<class _CharT, class _Traits, class _Allocator>
        -: 4146:    const typename basic_string<_CharT, _Traits, _Allocator>::size_type
        -: 4147:                   basic_string<_CharT, _Traits, _Allocator>::npos;
        -: 4148:
        -: 4149:template<class _CharT, class _Traits, class _Allocator>
        -: 4150:struct _LIBCPP_TYPE_VIS_ONLY hash<basic_string<_CharT, _Traits, _Allocator> >
        -: 4151:    : public unary_function<basic_string<_CharT, _Traits, _Allocator>, size_t>
        -: 4152:{
        -: 4153:    size_t
        -: 4154:        operator()(const basic_string<_CharT, _Traits, _Allocator>& __val) const _NOEXCEPT;
        -: 4155:};
        -: 4156:
        -: 4157:template<class _CharT, class _Traits, class _Allocator>
        -: 4158:size_t
        -: 4159:hash<basic_string<_CharT, _Traits, _Allocator> >::operator()(
        -: 4160:        const basic_string<_CharT, _Traits, _Allocator>& __val) const _NOEXCEPT
        -: 4161:{
        -: 4162:    return __do_string_hash(__val.data(), __val.data() + __val.size());
        -: 4163:}
        -: 4164:
        -: 4165:template<class _CharT, class _Traits, class _Allocator>
        -: 4166:basic_ostream<_CharT, _Traits>&
        -: 4167:operator<<(basic_ostream<_CharT, _Traits>& __os,
        -: 4168:           const basic_string<_CharT, _Traits, _Allocator>& __str);
        -: 4169:
        -: 4170:template<class _CharT, class _Traits, class _Allocator>
        -: 4171:basic_istream<_CharT, _Traits>&
        -: 4172:operator>>(basic_istream<_CharT, _Traits>& __is,
        -: 4173:           basic_string<_CharT, _Traits, _Allocator>& __str);
        -: 4174:
        -: 4175:template<class _CharT, class _Traits, class _Allocator>
        -: 4176:basic_istream<_CharT, _Traits>&
        -: 4177:getline(basic_istream<_CharT, _Traits>& __is,
        -: 4178:        basic_string<_CharT, _Traits, _Allocator>& __str, _CharT __dlm);
        -: 4179:
        -: 4180:template<class _CharT, class _Traits, class _Allocator>
        -: 4181:inline _LIBCPP_INLINE_VISIBILITY
        -: 4182:basic_istream<_CharT, _Traits>&
        -: 4183:getline(basic_istream<_CharT, _Traits>& __is,
        -: 4184:        basic_string<_CharT, _Traits, _Allocator>& __str);
        -: 4185:
        -: 4186:#ifndef _LIBCPP_HAS_NO_RVALUE_REFERENCES
        -: 4187:
        -: 4188:template<class _CharT, class _Traits, class _Allocator>
        -: 4189:inline _LIBCPP_INLINE_VISIBILITY
        -: 4190:basic_istream<_CharT, _Traits>&
        -: 4191:getline(basic_istream<_CharT, _Traits>&& __is,
        -: 4192:        basic_string<_CharT, _Traits, _Allocator>& __str, _CharT __dlm);
        -: 4193:
        -: 4194:template<class _CharT, class _Traits, class _Allocator>
        -: 4195:inline _LIBCPP_INLINE_VISIBILITY
        -: 4196:basic_istream<_CharT, _Traits>&
        -: 4197:getline(basic_istream<_CharT, _Traits>&& __is,
        -: 4198:        basic_string<_CharT, _Traits, _Allocator>& __str);
        -: 4199:
        -: 4200:#endif  // _LIBCPP_HAS_NO_RVALUE_REFERENCES
        -: 4201:
        -: 4202:#if _LIBCPP_DEBUG_LEVEL >= 2
        -: 4203:
        -: 4204:template<class _CharT, class _Traits, class _Allocator>
        -: 4205:bool
        -: 4206:basic_string<_CharT, _Traits, _Allocator>::__dereferenceable(const const_iterator* __i) const
        -: 4207:{
        -: 4208:    return this->data() <= _VSTD::__to_raw_pointer(__i->base()) &&
        -: 4209:           _VSTD::__to_raw_pointer(__i->base()) < this->data() + this->size();
        -: 4210:}
        -: 4211:
        -: 4212:template<class _CharT, class _Traits, class _Allocator>
        -: 4213:bool
        -: 4214:basic_string<_CharT, _Traits, _Allocator>::__decrementable(const const_iterator* __i) const
        -: 4215:{
        -: 4216:    return this->data() < _VSTD::__to_raw_pointer(__i->base()) &&
        -: 4217:           _VSTD::__to_raw_pointer(__i->base()) <= this->data() + this->size();
        -: 4218:}
        -: 4219:
        -: 4220:template<class _CharT, class _Traits, class _Allocator>
        -: 4221:bool
        -: 4222:basic_string<_CharT, _Traits, _Allocator>::__addable(const const_iterator* __i, ptrdiff_t __n) const
        -: 4223:{
        -: 4224:    const value_type* __p = _VSTD::__to_raw_pointer(__i->base()) + __n;
        -: 4225:    return this->data() <= __p && __p <= this->data() + this->size();
        -: 4226:}
        -: 4227:
        -: 4228:template<class _CharT, class _Traits, class _Allocator>
        -: 4229:bool
        -: 4230:basic_string<_CharT, _Traits, _Allocator>::__subscriptable(const const_iterator* __i, ptrdiff_t __n) const
        -: 4231:{
        -: 4232:    const value_type* __p = _VSTD::__to_raw_pointer(__i->base()) + __n;
        -: 4233:    return this->data() <= __p && __p < this->data() + this->size();
        -: 4234:}
        -: 4235:
        -: 4236:#endif  // _LIBCPP_DEBUG_LEVEL >= 2
        -: 4237:
        -: 4238:#if _LIBCPP_STD_VER > 11 
        -: 4239:// Literal suffixes for basic_string [basic.string.literals]
        -: 4240:inline namespace literals
        -: 4241:{
        -: 4242:  inline namespace string_literals
        -: 4243:  {
        -: 4244:    inline _LIBCPP_INLINE_VISIBILITY
        -: 4245:    basic_string<char> operator "" s( const char *__str, size_t __len )
        -: 4246:    {
        -: 4247:        return basic_string<char> (__str, __len);
        -: 4248:    }
        -: 4249:
        -: 4250:    inline _LIBCPP_INLINE_VISIBILITY
        -: 4251:    basic_string<wchar_t> operator "" s( const wchar_t *__str, size_t __len )
        -: 4252:    {
        -: 4253:        return basic_string<wchar_t> (__str, __len);
        -: 4254:    }
        -: 4255:
        -: 4256:    inline _LIBCPP_INLINE_VISIBILITY
        -: 4257:    basic_string<char16_t> operator "" s( const char16_t *__str, size_t __len )
        -: 4258:    {
        -: 4259:        return basic_string<char16_t> (__str, __len);
        -: 4260:    }
        -: 4261:
        -: 4262:    inline _LIBCPP_INLINE_VISIBILITY
        -: 4263:    basic_string<char32_t> operator "" s( const char32_t *__str, size_t __len )
        -: 4264:    {
        -: 4265:        return basic_string<char32_t> (__str, __len);
        -: 4266:    }
        -: 4267:  }
        -: 4268:}
        -: 4269:#endif
        -: 4270:
        -: 4271:_LIBCPP_EXTERN_TEMPLATE(class _LIBCPP_TYPE_VIS basic_string<char>)
        -: 4272:_LIBCPP_EXTERN_TEMPLATE(class _LIBCPP_TYPE_VIS basic_string<wchar_t>)
        -: 4273:_LIBCPP_EXTERN_TEMPLATE(string operator+<char, char_traits<char>, allocator<char> >(char const*, string const&))
        -: 4274:
        -: 4275:_LIBCPP_END_NAMESPACE_STD
        -: 4276:
        -: 4277:#endif  // _LIBCPP_STRING
